Log file open, 04/01/18 21:16:43
LogWindows: Failed to load 'aqProf.dll' (GetLastError=126)
LogWindows: File 'aqProf.dll' does not exist
LogWindows: Failed to load 'VtuneApi.dll' (GetLastError=126)
LogWindows: File 'VtuneApi.dll' does not exist
LogWindows: Failed to load 'VtuneApi32e.dll' (GetLastError=126)
LogWindows: File 'VtuneApi32e.dll' does not exist
LogInit: Display: Running engine for game: TroubleInTheWesT
LogPlatformFile: Not using cached read wrapper
LogInit: Display: RandInit(-373056998) SRandInit(-373056997).
LogInit: Read version file with build ID '3944462'
LogInit: Overriding engine version to CL 3944462, compatible CL 3944462
LogInit: Registered custom module enumerator with build ID '3944462'
LogTaskGraph: Started task graph with 5 named threads and 23 total threads with 3 sets of task threads.
LogStats: Stats thread started at 0.560617
LogD3D11RHI: Aftermath initialized
LogICUInternationalization: Display: ICU TimeZone Detection - Raw Offset: -5:00, Platform Override: ''
LogModuleManager: Display: Found up-to-date module file ../../../Engine/Plugins/Marketplace/Substance/Binaries/Win64/UE4Editor-SubstanceCore.dll (API version 3944462).
LogModuleManager: Display: Found up-to-date module file ../../../Engine/Plugins/Marketplace/Substance/Binaries/Win64/UE4Editor-SubstanceEditor.dll (API version 3944462).
LogModuleManager: Display: Found up-to-date module file ../../../Engine/Plugins/Marketplace/Substance/Binaries/Win64/UE4Editor-SubstanceSource.dll (API version 3944462).
LogModuleManager: Display: Found up-to-date module file ../../../Engine/Plugins/Marketplace/Substance/Binaries/Win64/UE4Editor-SubstanceLiveLink.dll (API version 3944462).
LogModuleManager: Display: Found up-to-date module file ../../../Engine/Plugins/2D/Paper2D/Binaries/Win64/UE4Editor-Paper2D.dll (API version 3944462).
LogModuleManager: Display: Found up-to-date module file ../../../Engine/Plugins/2D/Paper2D/Binaries/Win64/UE4Editor-Paper2DEditor.dll (API version 3944462).
LogModuleManager: Display: Found up-to-date module file ../../../Engine/Plugins/2D/Paper2D/Binaries/Win64/UE4Editor-PaperSpriteSheetImporter.dll (API version 3944462).
LogModuleManager: Display: Found up-to-date module file ../../../Engine/Plugins/2D/Paper2D/Binaries/Win64/UE4Editor-PaperTiledImporter.dll (API version 3944462).
LogModuleManager: Display: Found up-to-date module file ../../../Engine/Plugins/2D/Paper2D/Binaries/Win64/UE4Editor-SmartSnapping.dll (API version 3944462).
LogModuleManager: Display: Found up-to-date module file ../../../Engine/Plugins/Blendables/LightPropagationVolume/Binaries/Win64/UE4Editor-LightPropagationVolumeRuntime.dll (API version 3944462).
LogModuleManager: Display: Found up-to-date module file ../../../Engine/Plugins/Blendables/LightPropagationVolume/Binaries/Win64/UE4Editor-LightPropagationVolumeEditor.dll (API version 3944462).
LogModuleManager: Display: Found up-to-date module file ../../../Engine/Plugins/Developer/CLionSourceCodeAccess/Binaries/Win64/UE4Editor-CLionSourceCodeAccess.dll (API version 3944462).
LogModuleManager: Display: Found up-to-date module file ../../../Engine/Plugins/Developer/GitSourceControl/Binaries/Win64/UE4Editor-GitSourceControl.dll (API version 3944462).
LogModuleManager: Display: Found up-to-date module file ../../../Engine/Plugins/Developer/PerforceSourceControl/Binaries/Win64/UE4Editor-PerforceSourceControl.dll (API version 3944462).
LogModuleManager: Display: Found up-to-date module file ../../../Engine/Plugins/Developer/SubversionSourceControl/Binaries/Win64/UE4Editor-SubversionSourceControl.dll (API version 3944462).
LogModuleManager: Display: Found up-to-date module file ../../../Engine/Plugins/Developer/UObjectPlugin/Binaries/Win64/UE4Editor-UObjectPlugin.dll (API version 3944462).
LogModuleManager: Display: Found up-to-date module file ../../../Engine/Plugins/Developer/VisualStudioCodeSourceCodeAccess/Binaries/Win64/UE4Editor-VisualStudioCodeSourceCodeAccess.dll (API version 3944462).
LogModuleManager: Display: Found up-to-date module file ../../../Engine/Plugins/Developer/VisualStudioSourceCodeAccess/Binaries/Win64/UE4Editor-VisualStudioSourceCodeAccess.dll (API version 3944462).
LogModuleManager: Display: Found up-to-date module file ../../../Engine/Plugins/Editor/AssetManagerEditor/Binaries/Win64/UE4Editor-AssetManagerEditor.dll (API version 3944462).
LogModuleManager: Display: Found up-to-date module file ../../../Engine/Plugins/Editor/CryptoKeys/Binaries/Win64/UE4Editor-CryptoKeys.dll (API version 3944462).
LogModuleManager: Display: Found up-to-date module file ../../../Engine/Plugins/Editor/CryptoKeys/Binaries/Win64/UE4Editor-CryptoKeysOpenSSL.dll (API version 3944462).
LogModuleManager: Display: Found up-to-date module file ../../../Engine/Plugins/Editor/DataValidation/Binaries/Win64/UE4Editor-DataValidation.dll (API version 3944462).
LogModuleManager: Display: Found up-to-date module file ../../../Engine/Plugins/Editor/FacialAnimation/Binaries/Win64/UE4Editor-FacialAnimation.dll (API version 3944462).
LogModuleManager: Display: Found up-to-date module file ../../../Engine/Plugins/Editor/FacialAnimation/Binaries/Win64/UE4Editor-FacialAnimationEditor.dll (API version 3944462).
LogModuleManager: Display: Found up-to-date module file ../../../Engine/Plugins/Editor/GameplayTagsEditor/Binaries/Win64/UE4Editor-GameplayTagsEditor.dll (API version 3944462).
LogModuleManager: Display: Found up-to-date module file ../../../Engine/Plugins/Editor/MobileLauncherProfileWizard/Binaries/Win64/UE4Editor-MobileLauncherProfileWizard.dll (API version 3944462).
LogModuleManager: Display: Found up-to-date module file ../../../Engine/Plugins/Editor/PluginBrowser/Binaries/Win64/UE4Editor-PluginBrowser.dll (API version 3944462).
LogModuleManager: Display: Found up-to-date module file ../../../Engine/Plugins/Editor/SpeedTreeImporter/Binaries/Win64/UE4Editor-SpeedTreeImporter.dll (API version 3944462).
LogModuleManager: Display: Found up-to-date module file ../../../Engine/Plugins/Enterprise/DatasmithContent/Binaries/Win64/UE4Editor-DatasmithContent.dll (API version 3944462).
LogModuleManager: Display: Found up-to-date module file ../../../Engine/Plugins/Experimental/AlembicImporter/Binaries/Win64/UE4Editor-AlembicImporter.dll (API version 3944462).
LogModuleManager: Display: Found up-to-date module file ../../../Engine/Plugins/Experimental/AlembicImporter/Binaries/Win64/UE4Editor-AlembicLibrary.dll (API version 3944462).
LogModuleManager: Display: Found up-to-date module file ../../../Engine/Plugins/Experimental/CharacterAI/Binaries/Win64/UE4Editor-CharacterAI.dll (API version 3944462).
LogModuleManager: Display: Found up-to-date module file ../../../Engine/Plugins/Experimental/HTML5Networking/Binaries/Win64/UE4Editor-HTML5Networking.dll (API version 3944462).
LogModuleManager: Display: Found up-to-date module file ../../../Engine/Plugins/Media/AndroidMedia/Binaries/Win64/UE4Editor-AndroidMediaEditor.dll (API version 3944462).
LogModuleManager: Display: Found up-to-date module file ../../../Engine/Plugins/Media/AndroidMedia/Binaries/Win64/UE4Editor-AndroidMediaFactory.dll (API version 3944462).
LogModuleManager: Display: Found up-to-date module file ../../../Engine/Plugins/Media/AvfMedia/Binaries/Win64/UE4Editor-AvfMediaEditor.dll (API version 3944462).
LogModuleManager: Display: Found up-to-date module file ../../../Engine/Plugins/Media/AvfMedia/Binaries/Win64/UE4Editor-AvfMediaFactory.dll (API version 3944462).
LogModuleManager: Display: Found up-to-date module file ../../../Engine/Plugins/Media/AvfMedia/Binaries/Win64/UE4Editor-AvfMediaFactory.dll (API version 3944462).
LogModuleManager: Display: Found up-to-date module file ../../../Engine/Plugins/Media/ImgMedia/Binaries/Win64/UE4Editor-ImgMedia.dll (API version 3944462).
LogModuleManager: Display: Found up-to-date module file ../../../Engine/Plugins/Media/ImgMedia/Binaries/Win64/UE4Editor-ImgMediaEditor.dll (API version 3944462).
LogModuleManager: Display: Found up-to-date module file ../../../Engine/Plugins/Media/ImgMedia/Binaries/Win64/UE4Editor-ImgMediaFactory.dll (API version 3944462).
LogModuleManager: Display: Found up-to-date module file ../../../Engine/Plugins/Media/ImgMedia/Binaries/Win64/UE4Editor-ImgMediaFactory.dll (API version 3944462).
LogModuleManager: Display: Found up-to-date module file ../../../Engine/Plugins/Media/ImgMedia/Binaries/Win64/UE4Editor-OpenExrWrapper.dll (API version 3944462).
LogModuleManager: Display: Found up-to-date module file ../../../Engine/Plugins/Media/LinearTimecode/Binaries/Win64/UE4Editor-LinearTimecode.dll (API version 3944462).
LogModuleManager: Display: Found up-to-date module file ../../../Engine/Plugins/Media/MediaCompositing/Binaries/Win64/UE4Editor-MediaCompositing.dll (API version 3944462).
LogModuleManager: Display: Found up-to-date module file ../../../Engine/Plugins/Media/MediaCompositing/Binaries/Win64/UE4Editor-MediaCompositingEditor.dll (API version 3944462).
LogModuleManager: Display: Found up-to-date module file ../../../Engine/Plugins/Media/MediaPlayerEditor/Binaries/Win64/UE4Editor-MediaPlayerEditor.dll (API version 3944462).
LogModuleManager: Display: Found up-to-date module file ../../../Engine/Plugins/Media/WmfMedia/Binaries/Win64/UE4Editor-WmfMedia.dll (API version 3944462).
LogModuleManager: Display: Found up-to-date module file ../../../Engine/Plugins/Media/WmfMedia/Binaries/Win64/UE4Editor-WmfMediaEditor.dll (API version 3944462).
LogModuleManager: Display: Found up-to-date module file ../../../Engine/Plugins/Media/WmfMedia/Binaries/Win64/UE4Editor-WmfMediaFactory.dll (API version 3944462).
LogModuleManager: Display: Found up-to-date module file ../../../Engine/Plugins/Media/WmfMedia/Binaries/Win64/UE4Editor-WmfMediaFactory.dll (API version 3944462).
LogModuleManager: Display: Found up-to-date module file ../../../Engine/Plugins/Messaging/TcpMessaging/Binaries/Win64/UE4Editor-TcpMessaging.dll (API version 3944462).
LogModuleManager: Display: Found up-to-date module file ../../../Engine/Plugins/Messaging/UdpMessaging/Binaries/Win64/UE4Editor-UdpMessaging.dll (API version 3944462).
LogModuleManager: Display: Found up-to-date module file ../../../Engine/Plugins/MovieScene/ActorSequence/Binaries/Win64/UE4Editor-ActorSequence.dll (API version 3944462).
LogModuleManager: Display: Found up-to-date module file ../../../Engine/Plugins/MovieScene/LevelSequenceEditor/Binaries/Win64/UE4Editor-LevelSequenceEditor.dll (API version 3944462).
LogModuleManager: Display: Found up-to-date module file ../../../Engine/Plugins/MovieScene/MatineeToLevelSequence/Binaries/Win64/UE4Editor-MatineeToLevelSequence.dll (API version 3944462).
LogModuleManager: Display: Found up-to-date module file ../../../Engine/Plugins/NetcodeUnitTest/NetcodeUnitTest/Binaries/Win64/UE4Editor-NetcodeUnitTest.dll (API version 3944462).
LogModuleManager: Display: Found up-to-date module file ../../../Engine/Plugins/NetcodeUnitTest/NUTUnrealEngine4/Binaries/Win64/UE4Editor-NUTUnrealEngine4.dll (API version 3944462).
LogModuleManager: Display: Found up-to-date module file ../../../Engine/Plugins/Online/OnlineSubsystem/Binaries/Win64/UE4Editor-OnlineSubsystem.dll (API version 3944462).
LogModuleManager: Display: Found up-to-date module file ../../../Engine/Plugins/Runtime/AndroidPermission/Binaries/Win64/UE4Editor-AndroidPermission.dll (API version 3944462).
LogModuleManager: Display: Found up-to-date module file ../../../Engine/Plugins/Online/OnlineSubsystemNull/Binaries/Win64/UE4Editor-OnlineSubsystemNull.dll (API version 3944462).
LogModuleManager: Display: Found up-to-date module file ../../../Engine/Plugins/Online/OnlineSubsystemUtils/Binaries/Win64/UE4Editor-OnlineSubsystemUtils.dll (API version 3944462).
LogModuleManager: Display: Found up-to-date module file ../../../Engine/Plugins/Online/OnlineSubsystemUtils/Binaries/Win64/UE4Editor-OnlineBlueprintSupport.dll (API version 3944462).
LogModuleManager: Display: Found up-to-date module file ../../../Engine/Plugins/Runtime/AndroidDeviceProfileSelector/Binaries/Win64/UE4Editor-AndroidDeviceProfileSelector.dll (API version 3944462).
LogModuleManager: Display: Found up-to-date module file ../../../Engine/Plugins/Runtime/AppleARKit/Binaries/Win64/UE4Editor-AppleARKit.dll (API version 3944462).
LogModuleManager: Display: Found up-to-date module file ../../../Engine/Plugins/Runtime/ProceduralMeshComponent/Binaries/Win64/UE4Editor-ProceduralMeshComponent.dll (API version 3944462).
LogModuleManager: Display: Found up-to-date module file ../../../Engine/Plugins/Runtime/ProceduralMeshComponent/Binaries/Win64/UE4Editor-ProceduralMeshComponentEditor.dll (API version 3944462).
LogModuleManager: Display: Found up-to-date module file ../../../Engine/Plugins/Animation/LiveLink/Binaries/Win64/UE4Editor-LiveLink.dll (API version 3944462).
LogModuleManager: Display: Found up-to-date module file ../../../Engine/Plugins/Animation/LiveLink/Binaries/Win64/UE4Editor-LiveLinkEditor.dll (API version 3944462).
LogModuleManager: Display: Found up-to-date module file ../../../Engine/Plugins/Runtime/ArchVisCharacter/Binaries/Win64/UE4Editor-ArchVisCharacter.dll (API version 3944462).
LogModuleManager: Display: Found up-to-date module file ../../../Engine/Plugins/Runtime/AudioCapture/Binaries/Win64/UE4Editor-AudioCapture.dll (API version 3944462).
LogModuleManager: Display: Found up-to-date module file ../../../Engine/Plugins/Runtime/AudioCapture/Binaries/Win64/UE4Editor-AudioCaptureEditor.dll (API version 3944462).
LogModuleManager: Display: Found up-to-date module file ../../../Engine/Plugins/Runtime/CableComponent/Binaries/Win64/UE4Editor-CableComponent.dll (API version 3944462).
LogModuleManager: Display: Found up-to-date module file ../../../Engine/Plugins/Runtime/CustomMeshComponent/Binaries/Win64/UE4Editor-CustomMeshComponent.dll (API version 3944462).
LogModuleManager: Display: Found up-to-date module file ../../../Engine/Plugins/Runtime/ExampleDeviceProfileSelector/Binaries/Win64/UE4Editor-ExampleDeviceProfileSelector.dll (API version 3944462).
LogModuleManager: Display: Found up-to-date module file ../../../Engine/Plugins/Runtime/ImmediatePhysics/Binaries/Win64/UE4Editor-ImmediatePhysics.dll (API version 3944462).
LogModuleManager: Display: Found up-to-date module file ../../../Engine/Plugins/Runtime/ImmediatePhysics/Binaries/Win64/UE4Editor-ImmediatePhysicsEditor.dll (API version 3944462).
LogModuleManager: Display: Found up-to-date module file ../../../Engine/Plugins/Runtime/LocationServicesBPLibrary/Binaries/Win64/UE4Editor-LocationServicesBPLibrary.dll (API version 3944462).
LogModuleManager: Display: Found up-to-date module file ../../../Engine/Plugins/Runtime/MobilePatchingUtils/Binaries/Win64/UE4Editor-MobilePatchingUtils.dll (API version 3944462).
LogModuleManager: Display: Found up-to-date module file ../../../Engine/Plugins/Runtime/Oculus/OculusVR/Binaries/Win64/UE4Editor-OculusHMD.dll (API version 3944462).
LogModuleManager: Display: Found up-to-date module file ../../../Engine/Plugins/Runtime/Oculus/OculusVR/Binaries/Win64/UE4Editor-OculusInput.dll (API version 3944462).
LogModuleManager: Display: Found up-to-date module file ../../../Engine/Plugins/Runtime/Oculus/OculusVR/Binaries/Win64/UE4Editor-OculusEditor.dll (API version 3944462).
LogModuleManager: Display: Found up-to-date module file ../../../Engine/Plugins/Runtime/PhysXVehicles/Binaries/Win64/UE4Editor-PhysXVehicles.dll (API version 3944462).
LogModuleManager: Display: Found up-to-date module file ../../../Engine/Plugins/Runtime/PhysXVehicles/Binaries/Win64/UE4Editor-PhysXVehiclesEditor.dll (API version 3944462).
LogModuleManager: Display: Found up-to-date module file ../../../Engine/Plugins/Runtime/RuntimePhysXCooking/Binaries/Win64/UE4Editor-RuntimePhysXCooking.dll (API version 3944462).
LogModuleManager: Display: Found up-to-date module file ../../../Engine/Plugins/Runtime/Steam/SteamVR/Binaries/Win64/UE4Editor-SteamVR.dll (API version 3944462).
LogModuleManager: Display: Found up-to-date module file ../../../Engine/Plugins/Runtime/Steam/SteamVR/Binaries/Win64/UE4Editor-SteamVRController.dll (API version 3944462).
LogModuleManager: Display: Found up-to-date module file ../../../Engine/Plugins/Runtime/WindowsMoviePlayer/Binaries/Win64/UE4Editor-WindowsMoviePlayer.dll (API version 3944462).
LogPluginManager: Mounting plugin Paper2D
LogPluginManager: Mounting plugin LiveLink
LogPluginManager: Mounting plugin LightPropagationVolume
LogPluginManager: Mounting plugin CLionSourceCodeAccess
LogPluginManager: Mounting plugin CodeLiteSourceCodeAccess
LogPluginManager: Mounting plugin GitSourceControl
LogPluginManager: Mounting plugin KDevelopSourceCodeAccess
LogPluginManager: Mounting plugin NullSourceCodeAccess
LogPluginManager: Mounting plugin PerforceSourceControl
LogPluginManager: Mounting plugin SubversionSourceControl
LogPluginManager: Mounting plugin UObjectPlugin
LogPluginManager: Mounting plugin VisualStudioCodeSourceCodeAccess
LogPluginManager: Mounting plugin VisualStudioSourceCodeAccess
LogPluginManager: Mounting plugin XCodeSourceCodeAccess
LogPluginManager: Mounting plugin AssetManagerEditor
LogPluginManager: Mounting plugin CryptoKeys
LogPluginManager: Mounting plugin DataValidation
LogPluginManager: Mounting plugin FacialAnimation
LogPluginManager: Mounting plugin GameplayTagsEditor
LogPluginManager: Mounting plugin MobileLauncherProfileWizard
LogPluginManager: Mounting plugin PluginBrowser
LogPluginManager: Mounting plugin SpeedTreeImporter
LogPluginManager: Mounting plugin DatasmithContent
LogPluginManager: Mounting plugin AlembicImporter
LogPluginManager: Mounting plugin CharacterAI
LogPluginManager: Mounting plugin HTML5Networking
LogPluginManager: Mounting plugin Substance
LogPluginManager: Mounting plugin AndroidMedia
LogPluginManager: Mounting plugin AvfMedia
LogPluginManager: Mounting plugin ImgMedia
LogPluginManager: Mounting plugin LinearTimecode
LogPluginManager: Mounting plugin MediaCompositing
LogPluginManager: Mounting plugin MediaPlayerEditor
LogPluginManager: Mounting plugin WmfMedia
LogPluginManager: Mounting plugin TcpMessaging
LogPluginManager: Mounting plugin UdpMessaging
LogPluginManager: Mounting plugin ActorSequence
LogPluginManager: Mounting plugin LevelSequenceEditor
LogPluginManager: Mounting plugin MatineeToLevelSequence
LogPluginManager: Mounting plugin NetcodeUnitTest
LogPluginManager: Mounting plugin NUTUnrealEngine4
LogPluginManager: Mounting plugin OnlineSubsystemGooglePlay
LogPluginManager: Mounting plugin OnlineSubsystemIOS
LogPluginManager: Mounting plugin OnlineSubsystem
LogPluginManager: Mounting plugin OnlineSubsystemNull
LogPluginManager: Mounting plugin OnlineSubsystemUtils
LogPluginManager: Mounting plugin AndroidDeviceProfileSelector
LogPluginManager: Mounting plugin AndroidMoviePlayer
LogPluginManager: Mounting plugin AndroidPermission
LogPluginManager: Mounting plugin AppleARKit
LogPluginManager: Mounting plugin AppleMoviePlayer
LogPluginManager: Mounting plugin ArchVisCharacter
LogPluginManager: Mounting plugin AudioCapture
LogPluginManager: Mounting plugin CableComponent
LogPluginManager: Mounting plugin CustomMeshComponent
LogPluginManager: Mounting plugin ExampleDeviceProfileSelector
LogPluginManager: Mounting plugin GoogleCloudMessaging
LogPluginManager: Mounting plugin ImmediatePhysics
LogPluginManager: Mounting plugin IOSDeviceProfileSelector
LogPluginManager: Mounting plugin LinuxDeviceProfileSelector
LogPluginManager: Mounting plugin LocationServicesBPLibrary
LogPluginManager: Mounting plugin MobilePatchingUtils
LogPluginManager: Mounting plugin OculusVR
LogPluginManager: Plugin shader directory ../../../Engine/Plugins/Runtime/Oculus/OculusVR/Shaders found
LogPluginManager: Mapping shader source directory ../../../Engine/Plugins/Runtime/Oculus/OculusVR/Shaders to virtual directory /Plugin/OculusVR
LogPluginManager: Mounting plugin PhysXVehicles
LogPluginManager: Mounting plugin ProceduralMeshComponent
LogPluginManager: Mounting plugin RuntimePhysXCooking
LogPluginManager: Mounting plugin SteamVR
LogPluginManager: Mounting plugin WindowsMoviePlayer
LogStreaming: Display: Took  4.935s to configure plugins.
LogInit: Using libcurl 7.47.1
LogInit:  - built for x86_64-pc-win32
LogInit:  - supports SSL with OpenSSL/1.0.2g
LogInit:  - supports HTTP deflate (compression) using libz 1.2.8
LogInit:  - other features:
LogInit:      CURL_VERSION_SSL
LogInit:      CURL_VERSION_LIBZ
LogInit:      CURL_VERSION_IPV6
LogInit:      CURL_VERSION_ASYNCHDNS
LogInit:      CURL_VERSION_LARGEFILE
LogInit:      CURL_VERSION_IDN
LogInit:  CurlRequestOptions (configurable via config and command line):
LogInit:  - bVerifyPeer = false  - Libcurl will NOT verify peer certificate
LogInit:  - bUseHttpProxy = false  - Libcurl will NOT use HTTP proxy
LogInit:  - bDontReuseConnections = false  - Libcurl will reuse connections
LogInit:  - CertBundlePath = nullptr  - Libcurl will use whatever was configured at build time.
LogInit:  - MaxHostConnections = 16  - Libcurl will limit the number of connections to a host
LogInit:  - LocalHostAddr = Default
LogInit: WinSock: version 1.1 (2.2), MaxSocks=32767, MaxUdp=65467
LogInit: WinSock: I am Bone-PC (169.254.96.254:0)
LogInit: Build: ++UE4+Release-4.19-CL-3944462
LogInit: Engine Version: 4.19.0-3944462+++UE4+Release-4.19
LogInit: Compatible Engine Version: 4.19.0-3944462+++UE4+Release-4.19
LogInit: Net CL: 3944462
LogDevObjectVersion: Number of dev versions registered: 18
LogDevObjectVersion:   Dev-Blueprints (B0D832E4-1F89-4F0D-ACCF-7EB736FD4AA2): 10
LogDevObjectVersion:   Dev-Build (E1C64328-A22C-4D53-A36C-8E866417BD8C): 0
LogDevObjectVersion:   Dev-Core (375EC13C-06E4-48FB-B500-84F0262A717E): 2
LogDevObjectVersion:   Dev-Editor (E4B068ED-F494-42E9-A231-DA0B2E46BB41): 23
LogDevObjectVersion:   Dev-Framework (CFFC743F-43B0-4480-9391-14DF171D2073): 33
LogDevObjectVersion:   Dev-Mobile (B02B49B5-BB20-44E9-A304-32B752E40360): 2
LogDevObjectVersion:   Dev-Networking (A4E4105C-59A1-49B5-A7C5-40C4547EDFEE): 0
LogDevObjectVersion:   Dev-Online (39C831C9-5AE6-47DC-9A44-9C173E1C8E7C): 0
LogDevObjectVersion:   Dev-Physics (78F01B33-EBEA-4F98-B9B4-84EACCB95AA2): 0
LogDevObjectVersion:   Dev-Platform (6631380F-2D4D-43E0-8009-CF276956A95A): 0
LogDevObjectVersion:   Dev-Rendering (12F88B9F-8875-4AFC-A67C-D90C383ABD29): 25
LogDevObjectVersion:   Dev-Sequencer (7B5AE74C-D270-4C10-A958-57980B212A5A): 6
LogDevObjectVersion:   Dev-VR (D7296918-1DD6-4BDD-9DE2-64A83CC13884): 1
LogDevObjectVersion:   Dev-LoadTimes (C2A15278-BFE7-4AFE-6C17-90FF531DF755): 1
LogDevObjectVersion:   Private-Geometry (6EACA3D4-40EC-4CC1-B786-8BED09428FC5): 2
LogDevObjectVersion:   Dev-AnimPhys (29E575DD-E0A3-4627-9D10-D276232CDCEA): 16
LogDevObjectVersion:   Dev-ReflectionCapture (6B266CEC-1EC7-4B8F-A30B-E4D90942FC07): 1
LogDevObjectVersion:   Dev-Automation (0DF73D61-A23F-47EA-B727-89E90C41499A): 1
LogInit: Compiled (64-bit): Mar 13 2018 23:12:32
LogInit: Compiled with Visual C++: 19.00.24215.01
LogInit: Build Configuration: Development
LogInit: Branch Name: ++UE4+Release-4.19
LogInit: Command Line:  
LogInit: Base Directory: C:/Program Files/Epic Games/UE_4.19/Engine/Binaries/Win64/
LogInit: Installed Engine Build: 1
LogStreaming: Display: Took  0.003s to delete old logs.
LogInit: Presizing for max 8388607 objects, including 0 objects not considered by GC, pre-allocating 0 bytes for permanent pool.
LogInit: Object subsystem initialized
[2018.04.02-01.16.50:811][  0]LogInit: Selected Device Profile: [Windows]
[2018.04.02-01.16.50:811][  0]LogInit: Applying CVar settings loaded from the selected device profile: [Windows]
[2018.04.02-01.16.51:020][  0]LogInit: Computer: BONE-PC
[2018.04.02-01.16.51:020][  0]LogInit: User: Bone
[2018.04.02-01.16.51:020][  0]LogInit: CPU Page size=4096, Cores=4
[2018.04.02-01.16.51:020][  0]LogInit: High frequency timer resolution =3.906328 MHz
[2018.04.02-01.16.51:031][  0]LogMemory: Memory total: Physical=7.9GB (8GB approx)
[2018.04.02-01.16.51:031][  0]LogMemory: Platform Memory Stats for Windows
[2018.04.02-01.16.51:031][  0]LogMemory: Process Physical Memory: 278.82 MB used, 278.82 MB peak
[2018.04.02-01.16.51:031][  0]LogMemory: Process Virtual Memory: 269.40 MB used, 269.40 MB peak
[2018.04.02-01.16.51:031][  0]LogMemory: Physical Memory: 6761.12 MB used,  1374.94 MB free, 8136.06 MB total
[2018.04.02-01.16.51:031][  0]LogMemory: Virtual Memory: 650.12 MB used,  1374.94 MB free, 8388608.00 MB total
[2018.04.02-01.16.52:091][  0]LogInit: Using OS detected language (en-US).
[2018.04.02-01.16.52:091][  0]LogInit: Using OS detected locale (en-US).
[2018.04.02-01.16.52:327][  0]LogTextLocalizationManager: No specific localization for 'en-US' exists, so the 'en' localization will be used.
[2018.04.02-01.16.53:236][  0]LogStreaming: Display: Took  1.117s to EndInitTextLocalization.
[2018.04.02-01.16.53:267][  0]LogWindows: Failed to load 'shcore.dll' (GetLastError=126)
[2018.04.02-01.16.53:267][  0]LogWindows: File 'shcore.dll' does not exist
[2018.04.02-01.16.53:267][  0]LogInit: Setting process to DPI aware
[2018.04.02-01.16.53:579][  0]LogWindows: Failed to load 'shcore.dll' (GetLastError=126)
[2018.04.02-01.16.53:579][  0]LogWindows: File 'shcore.dll' does not exist
[2018.04.02-01.16.53:579][  0]LogInit: Setting process to DPI aware
[2018.04.02-01.16.54:162][  0]LogSlate: New Slate User Created.  User Index 0, Is Virtual User: 0
[2018.04.02-01.16.54:162][  0]LogSlate: Slate User Registered.  User Index 0, Is Virtual User: 0
[2018.04.02-01.16.55:327][  0]LogD3D11RHI: D3D11 adapters:
[2018.04.02-01.16.55:772][  0]LogD3D11RHI:    0. 'NVIDIA GeForce GTX 980' (Feature Level 11_0)
[2018.04.02-01.16.55:772][  0]LogD3D11RHI:       4002/0/3812 MB DedicatedVideo/DedicatedSystem/SharedSystem, Outputs:1, VendorId:0x10de
[2018.04.02-01.16.55:772][  0]LogD3D11RHI: Chosen D3D11 Adapter: 0
[2018.04.02-01.16.55:780][  0]LogD3D11RHI: Creating new Direct3DDevice
[2018.04.02-01.16.55:780][  0]LogD3D11RHI:     GPU DeviceId: 0x13c0 (for the marketing name, search the web for "GPU Device Id")
[2018.04.02-01.16.55:780][  0]LogWindows: EnumDisplayDevices:
[2018.04.02-01.16.55:780][  0]LogWindows:    0. 'NVIDIA GeForce GTX 980' (P:1 D:1)
[2018.04.02-01.16.55:799][  0]LogWindows:    1. 'NVIDIA GeForce GTX 980' (P:0 D:0)
[2018.04.02-01.16.55:799][  0]LogWindows:    2. 'NVIDIA GeForce GTX 980' (P:0 D:0)
[2018.04.02-01.16.55:800][  0]LogWindows:    3. 'NVIDIA GeForce GTX 980' (P:0 D:0)
[2018.04.02-01.16.55:800][  0]LogWindows:    4. 'RDPDD Chained DD' (P:0 D:0)
[2018.04.02-01.16.55:800][  0]LogWindows:    5. 'RDP Encoder Mirror Driver' (P:0 D:0)
[2018.04.02-01.16.55:800][  0]LogWindows:    6. 'RDP Reflector Display Driver' (P:0 D:0)
[2018.04.02-01.16.55:800][  0]LogWindows: DebugString: GetVideoDriverDetailsInvalid PrimaryIsNotTheChoosenAdapter GetVideoDriverDetailsInvalid PrimaryIsNotTheChoosenAdapter GetVideoDriverDetailsInvalid PrimaryIsNotTheChoosenAdapter FoundDriverCount:4 
[2018.04.02-01.16.55:800][  0]LogD3D11RHI:     Adapter Name: NVIDIA GeForce GTX 980
[2018.04.02-01.16.55:800][  0]LogD3D11RHI:   Driver Version: 390.65 (internal:23.21.13.9065, unified:390.65)
[2018.04.02-01.16.55:800][  0]LogD3D11RHI:      Driver Date: 1-3-2018
[2018.04.02-01.16.55:800][  0]LogRHI: Texture pool is 2801 MB (70% of 4002 MB)
[2018.04.02-01.16.55:846][  0]LogD3D11RHI: [Aftermath] Aftermath enabled and primed
[2018.04.02-01.16.55:846][  0]LogD3D11RHI: Async texture creation enabled
[2018.04.02-01.16.56:162][  0]LogD3D11RHI: GPU Timing Frequency: 1000.000000 (Debug: 2 2)
[2018.04.02-01.16.56:353][  0]LogShaderCompilers: Guid format shader working directory is -15 characters bigger than the processId version (../../../../../../Users/Bone/Desktop/TITTW/TroubleInTheWesT/Intermediate/Shaders/WorkingDirectory/39492/).
[2018.04.02-01.16.56:367][  0]LogShaderCompilers: Cleaned the shader compiler working directory 'C:/Users/Bone/AppData/Local/Temp/UnrealShaderWorkingDir/7872A4594F63C876C41B1FA7AFF6BB25/'.
[2018.04.02-01.16.57:755][  0]LogTemp: Display: Loaded TP AllDesktopTargetPlatform
[2018.04.02-01.16.57:766][  0]LogTemp: Display: Loaded TP MacClientTargetPlatform
[2018.04.02-01.16.57:776][  0]LogTemp: Display: Loaded TP MacNoEditorTargetPlatform
[2018.04.02-01.16.57:786][  0]LogTemp: Display: Loaded TP MacServerTargetPlatform
[2018.04.02-01.16.57:806][  0]LogTemp: Display: Loaded TP MacTargetPlatform
[2018.04.02-01.16.57:817][  0]LogTemp: Display: Loaded TP WindowsClientTargetPlatform
[2018.04.02-01.16.57:828][  0]LogTemp: Display: Loaded TP WindowsNoEditorTargetPlatform
[2018.04.02-01.16.57:839][  0]LogTemp: Display: Loaded TP WindowsServerTargetPlatform
[2018.04.02-01.16.57:844][  0]LogTemp: Display: Loaded TP WindowsTargetPlatform
[2018.04.02-01.16.57:854][  0]LogTemp: Display: Loaded TP Android_ASTCTargetPlatform
[2018.04.02-01.16.57:864][  0]LogTemp: Display: Loaded TP Android_ATCTargetPlatform
[2018.04.02-01.16.57:890][  0]LogTemp: Display: Loaded TP Android_DXTTargetPlatform
[2018.04.02-01.16.57:915][  0]LogTemp: Display: Loaded TP Android_ETC1aTargetPlatform
[2018.04.02-01.16.57:929][  0]LogTemp: Display: Loaded TP Android_ETC1TargetPlatform
[2018.04.02-01.16.57:949][  0]LogTemp: Display: Loaded TP Android_ETC2TargetPlatform
[2018.04.02-01.16.57:969][  0]LogTemp: Display: Loaded TP Android_MultiTargetPlatform
[2018.04.02-01.16.57:969][  0]LogTemp: Display: Loaded TP Android_PVRTCTargetPlatform
[2018.04.02-01.16.57:999][  0]LogTemp: Display: Loaded TP AndroidTargetPlatform
[2018.04.02-01.16.58:020][  0]LogTemp: Display: Loaded TP HTML5TargetPlatform
[2018.04.02-01.16.58:649][  0]LogTemp: Display: Loaded TP IOSTargetPlatform
[2018.04.02-01.16.58:680][  0]LogTemp: Display: Loaded TP TVOSTargetPlatform
[2018.04.02-01.16.58:701][  0]LogTemp: Display: Loaded TP LinuxClientTargetPlatform
[2018.04.02-01.16.58:711][  0]LogTemp: Display: Loaded TP LinuxNoEditorTargetPlatform
[2018.04.02-01.16.58:721][  0]LogTemp: Display: Loaded TP LinuxServerTargetPlatform
[2018.04.02-01.16.58:747][  0]LogTemp: Display: Loaded TP LinuxTargetPlatform
[2018.04.02-01.16.58:747][  0]LogTargetPlatformManager: Display: Building Assets For Windows
[2018.04.02-01.17.00:235][  0]LogXGEController: Cleaning working directory: C:/Users/Bone/AppData/Local/Temp/UnrealXGEWorkingDir/
[2018.04.02-01.17.00:237][  0]LogXGEController: Cannot use XGE Controller as Incredibuild is not installed on this machine.
[2018.04.02-01.17.00:255][  0]LogShaderCompilers: Cannot use XGE Shader Compiler as Incredibuild is not installed on this machine.
[2018.04.02-01.17.00:255][  0]LogShaderCompilers: Display: Using Local Shader Compiler.
[2018.04.02-01.17.02:940][  0]LogDerivedDataCache: Display: Max Cache Size: 512 MB
[2018.04.02-01.17.04:675][  0]LogDerivedDataCache: Loaded boot cache 1.73s 74MB C:/Users/Bone/AppData/Local/UnrealEngine/4.19/DerivedDataCache/Boot.ddc.
[2018.04.02-01.17.04:675][  0]LogDerivedDataCache: Display: Loaded Boot cache: C:/Users/Bone/AppData/Local/UnrealEngine/4.19/DerivedDataCache/Boot.ddc
[2018.04.02-01.17.04:675][  0]LogDerivedDataCache: FDerivedDataBackendGraph:  Pak pak cache file ../../../../../../Users/Bone/Desktop/TITTW/TroubleInTheWesT/DerivedDataCache/DDC.ddp not found, will not use a pak cache.
[2018.04.02-01.17.04:675][  0]LogDerivedDataCache: Unable to find inner node Pak for hierarchical cache Hierarchy.
[2018.04.02-01.17.04:675][  0]LogDerivedDataCache: FDerivedDataBackendGraph:  CompressedPak pak cache file ../../../../../../Users/Bone/Desktop/TITTW/TroubleInTheWesT/DerivedDataCache/Compressed.ddp not found, will not use a pak cache.
[2018.04.02-01.17.04:675][  0]LogDerivedDataCache: Unable to find inner node CompressedPak for hierarchical cache Hierarchy.
[2018.04.02-01.17.04:919][  0]LogDerivedDataCache: Display: Pak cache opened for reading ../../../Engine/DerivedDataCache/Compressed.ddp.
[2018.04.02-01.17.04:933][  0]LogDerivedDataCache: Using Local data cache path C:/Users/Bone/AppData/Local/UnrealEngine/Common/DerivedDataCache: Writable
[2018.04.02-01.17.05:054][  0]LogMaterial: Verifying Global Shaders for PCD3D_SM5
[2018.04.02-01.17.05:098][  0]LogSlate: Using Freetype 2.6.0
[2018.04.02-01.17.05:168][  0]LogSlate: SlateFontCache - WITH_FREETYPE: 1, WITH_HARFBUZZ: 1
[2018.04.02-01.17.05:168][  0]LogSlate: SlateFontCache - WITH_FREETYPE: 1, WITH_HARFBUZZ: 1
[2018.04.02-01.17.16:497][  0]LogAssetRegistry: FAssetRegistry took 0.0330 seconds to start up
[2018.04.02-01.17.26:772][  0]LogInit: Selected Device Profile: [Windows]
[2018.04.02-01.17.28:615][  0]LogSimplygon: Simplygon DLL not present - disabling.
[2018.04.02-01.17.28:649][  0]LogMeshReduction: Using SimplygonSwarm for distributed automatic mesh merging
[2018.04.02-01.17.28:650][  0]LogMeshReduction: Using QuadricMeshReduction for automatic static mesh reduction
[2018.04.02-01.17.28:650][  0]LogMeshReduction: No automatic skeletal mesh reduction module available
[2018.04.02-01.17.28:650][  0]LogMeshReduction: No automatic mesh merging module available
[2018.04.02-01.17.28:650][  0]LogMeshMerging: No automatic mesh merging module available
[2018.04.02-01.17.29:327][  0]LogNetVersion: TroubleInTheWesT , NetCL: 3944462, EngineNetVer: 2, GameNetVer: 0 (Checksum: 3486453497)
[2018.04.02-01.17.35:325][  0]LogPackageLocalizationCache: Processed 9 localized package path(s) for 2 prioritized culture(s) in 0.251484 seconds
[2018.04.02-01.17.35:339][  0]LogUObjectArray: 36728 objects as part of root set at end of initial load.
[2018.04.02-01.17.35:339][  0]LogUObjectAllocator: 7314304 out of 0 bytes used by permanent object pool.
[2018.04.02-01.17.35:339][  0]LogUObjectArray: CloseDisregardForGC: 0/0 objects in disregard for GC pool
[2018.04.02-01.18.09:137][  0]LogSubstanceCoreModule: Substance [CPU] Engine Loaded, Max Texture Size = 2048
[2018.04.02-01.18.09:310][  0]LogTcpMessaging: Initializing TcpMessaging bridge
[2018.04.02-01.18.09:378][  0]LogUdpMessaging: Initializing bridge on interface 0.0.0.0:0 to multicast group 230.0.0.1:6666.
[2018.04.02-01.18.10:455][  0]SourceControl: Source control is disabled
[2018.04.02-01.18.15:869][  0]LogAndroidPermission: UAndroidPermissionCallbackProxy::GetInstance
[2018.04.02-01.18.16:190][  0]LogOcInput: OculusInput pre-init called
[2018.04.02-01.18.18:132][  0]LogEngine: Initializing Engine...
[2018.04.02-01.18.18:455][  0]LogHMD: Failed to initialize OpenVR with code 105
[2018.04.02-01.18.18:467][  0]LogStats: UGameplayTagsManager::ConstructGameplayTagTree: Construct from data asset -  0.000 s
[2018.04.02-01.18.18:467][  0]LogStats: UGameplayTagsManager::ConstructGameplayTagTree: GameplayTagTreeChangedEvent.Broadcast -  0.000 s
[2018.04.02-01.18.20:569][  0]LogAIModule: Creating AISystem for world Untitled
[2018.04.02-01.18.21:147][  0]LogInit: XAudio2 using 'Speakers (Realtek High Definition Audio)' : 2 channels at 48 kHz using 32 bits per sample (channel mask 0x3)
[2018.04.02-01.18.21:184][  0]LogInit: FAudioDevice initialized.
[2018.04.02-01.18.21:327][  0]LogDerivedDataCache: Saved boot cache 0.14s 74MB C:/Users/Bone/AppData/Local/UnrealEngine/4.19/DerivedDataCache/Boot.ddc.
[2018.04.02-01.18.21:339][  0]LogInit: Texture streaming: Enabled
[2018.04.02-01.18.21:523][  0]LogEngineSessionManager: EngineSessionManager initialized
[2018.04.02-01.18.21:670][  0]LogInit: Transaction tracking system initialized
[2018.04.02-01.18.22:050][  0]BlueprintLog: New page: Editor Load
[2018.04.02-01.18.24:220][  0]LocalizationService: Localization service is disabled
[2018.04.02-01.18.24:939][  0]LogConsoleResponse: Display: 
[2018.04.02-01.18.28:222][  0]LogFileCache: Scanning file cache for directory 'C:/Users/Bone/Desktop/TITTW/TroubleInTheWesT/Content/' took 0.01s
[2018.04.02-01.18.28:222][  0]LogCook: Display: Max memory allowance for cook 16384mb min free memory 0mb
[2018.04.02-01.18.28:222][  0]LogCook: Display: Mobile HDR setting 1
[2018.04.02-01.18.28:222][  0]LogGameplayTags: Display: UGameplayTagsManager::DoneAddingNativeTags. DelegateIsBound: 0
[2018.04.02-01.18.28:222][  0]LogStats: UGameplayTagsManager::ConstructGameplayTagTree: Construct from data asset -  0.000 s
[2018.04.02-01.18.28:222][  0]LogStats: UGameplayTagsManager::ConstructGameplayTagTree: GameplayTagTreeChangedEvent.Broadcast -  0.000 s
[2018.04.02-01.18.32:027][  0]Cmd: MAP LOAD FILE="../../../../../../Users/Bone/Desktop/TITTW/TroubleInTheWesT/Content/OldeTown.umap" TEMPLATE=0 SHOWPROGRESS=1 FEATURELEVEL=3
[2018.04.02-01.18.32:031][  0]LightingResults: New page: Lighting Build
[2018.04.02-01.18.32:169][  0]MapCheck: New page: Map Check
[2018.04.02-01.18.32:170][  0]LightingResults: New page: Lighting Build
[2018.04.02-01.19.00:167][  0]LogSkeletalMesh: Skeletal Mesh found in DDC [21.391701ms] /Game/WesTurner_Character/SK_Mannequin_Arms.SK_Mannequin_Arms
[2018.04.02-01.19.00:962][  0]LogAIModule: Creating AISystem for world OldeTown
[2018.04.02-01.19.17:110][  0]LogEditorServer: Finished looking for orphan Actors (0.000 secs)
[2018.04.02-01.19.17:243][  0]Cmd: MAP CHECKDEP NOCLEARLOG
[2018.04.02-01.19.17:313][  0]MapCheck: Map check complete: 0 Error(s), 0 Warning(s), took 69.46ms to complete.
[2018.04.02-01.19.17:313][  0]LogFileHelpers: Loading map 'OldeTown' took 45.291
[2018.04.02-01.19.19:220][  0]LogCollectionManager: Loaded 0 collections in 0.001236 seconds
[2018.04.02-01.19.19:363][  0]LogFileCache: Scanning file cache for directory 'C:/Users/Bone/Desktop/TITTW/TroubleInTheWesT/Saved/Collections/' took 0.01s
[2018.04.02-01.19.19:363][  0]LogFileCache: Scanning file cache for directory 'C:/Users/Bone/Desktop/TITTW/TroubleInTheWesT/Content/Developers/Bone/Collections/' took 0.01s
[2018.04.02-01.19.19:363][  0]LogFileCache: Scanning file cache for directory 'C:/Users/Bone/Desktop/TITTW/TroubleInTheWesT/Content/Collections/' took 0.01s
[2018.04.02-01.19.19:363][  0]LogCollectionManager: Rebuilt the GUID cache for 0 collections in 0.000001 seconds
[2018.04.02-01.19.19:388][  0]LogContentBrowser: Native class hierarchy populated in 0.0242 seconds. Added 2466 classes and 564 folders.
[2018.04.02-01.19.19:533][  0]LogContentBrowser: Native class hierarchy updated for 'WidgetCarousel' in 0.0002 seconds. Added 0 classes and 0 folders.
[2018.04.02-01.19.23:673][  0]LogContentBrowser: Native class hierarchy updated for 'AddContentDialog' in 0.0004 seconds. Added 0 classes and 0 folders.
[2018.04.02-01.19.23:938][  0]LogContentBrowser: Native class hierarchy updated for 'SceneOutliner' in 0.0003 seconds. Added 1 classes and 2 folders.
[2018.04.02-01.19.30:162][  0]LogSlate: Only BGRA pngs, bmps or icos are supported in by External Image Picker
[2018.04.02-01.19.33:003][  0]LogTemp: Executing iPhonePackager certificates Engine -bundlename com.YourCompany.TroubleInTheWesT
[2018.04.02-01.19.33:003][  0]LogTemp: CWD: C:\Program Files\Epic Games\UE_4.19\Engine\Binaries\DotNET\IOS
[2018.04.02-01.19.33:003][  0]LogTemp: Initial Dir: C:\Program Files\Epic Games\UE_4.19
[2018.04.02-01.19.33:003][  0]LogTemp: Env CWD: C:\Program Files\Epic Games\UE_4.19\Engine\Binaries\DotNET\IOS
[2018.04.02-01.19.33:003][  0]LogTemp: BranchPath = BONE-PC/C/Program Files/Epic Games/UE_4.19/Engine/Binaries --- GameBranchPath = BONE-PC/C/Program Files/Epic Games/UE_4.19/Engine/Binaries
[2018.04.02-01.19.33:003][  0]LogTemp: IPP ERROR: Could not find provision directory 'C:\Users\Bone\AppData\Local/Apple Computer/MobileDevice/Provisioning Profiles/'.
[2018.04.02-01.19.33:003][  0]LogSlate: Took 0.415203 seconds to synchronously load lazily loaded font '../../../Engine/Content/Slate/Fonts/Roboto-Regular.ttf' (155K)
[2018.04.02-01.19.33:212][  0]LogSlate: Took 0.195132 seconds to synchronously load lazily loaded font '../../../Engine/Content/Slate/Fonts/Roboto-Bold.ttf' (160K)
[2018.04.02-01.19.33:711][  0]LogSlate: Took 0.254851 seconds to synchronously load lazily loaded font '../../../Engine/Content/Editor/Slate/Fonts/FontAwesome.ttf' (139K)
[2018.04.02-01.19.35:101][  0]LogRenderer: Reallocating scene render targets to support 1208x580 Format 10 NumSamples 1 (Frame:1).
[2018.04.02-01.19.36:184][  0]LogSlate: Took 0.017022 seconds to synchronously load lazily loaded font '../../../Engine/Content/Slate/Fonts/Roboto-Light.ttf' (167K)
[2018.04.02-01.19.36:919][  0]LogContentBrowser: Native class hierarchy updated for 'HierarchicalLODOutliner' in 0.0007 seconds. Added 0 classes and 0 folders.
[2018.04.02-01.19.36:920][  0]LogLoad: (Engine Initialization) Total time: 186.31 seconds
[2018.04.02-01.19.36:920][  0]LogLoad: (Engine Initialization) Total Blueprint compile time: 0.00 seconds
[2018.04.02-01.19.39:909][  0]LogContentStreaming: Texture pool size now 1000 MB
[2018.04.02-01.19.41:835][  1]LogSubstanceLiveLink: Warning: Unable to send data along socket, closing connection
[2018.04.02-01.19.41:911][  1]LogSlate: FSceneViewport::OnFocusLost() reason 0
[2018.04.02-01.19.41:956][  1]LogSlate: Window 'Project Settings' being destroyed
[2018.04.02-01.19.41:958][  1]LogSlate: Window 'Project Settings' being destroyed
[2018.04.02-01.19.42:285][  1]LogSlate: FSceneViewport::OnFocusLost() reason 0
[2018.04.02-01.19.44:811][  2]LogAssetRegistry: Asset discovery search completed in 148.3331 seconds
[2018.04.02-01.19.44:813][  2]LogCollectionManager: Rebuilt the object cache for 0 collections in 0.000001 seconds (found 0 objects)
[2018.04.02-01.19.44:813][  2]LogCollectionManager: Fixed up redirectors for 0 collections in 0.000041 seconds (updated 0 objects)
[2018.04.02-01.19.50:864][616]LogSlate: FSceneViewport::OnFocusLost() reason 0
[2018.04.02-01.19.50:955][627]LogTemp: Repeating last play command: Selected Viewport
[2018.04.02-01.19.51:004][627]LogPlayLevel: PlayLevel: No blueprints needed recompiling
[2018.04.02-01.19.51:110][627]PIE: New page: PIE session: OldeTown (Apr 1, 2018, 5:19:51 PM)
[2018.04.02-01.19.51:111][627]LogPlayLevel: Creating play world package: /Game/UEDPIE_0_OldeTown
[2018.04.02-01.19.51:313][627]LogPlayLevel: PIE: StaticDuplicateObject took: (0.201903s)
[2018.04.02-01.19.51:313][627]LogAIModule: Creating AISystem for world OldeTown
[2018.04.02-01.19.51:313][627]LogPlayLevel: PIE: World Init took: (0.000735s)
[2018.04.02-01.19.51:313][627]LogPlayLevel: PIE: Created PIE world by copying editor world from /Game/OldeTown.OldeTown to /Game/UEDPIE_0_OldeTown.OldeTown (0.202952s)
[2018.04.02-01.19.51:329][627]LogInit: XAudio2 using 'Speakers (Realtek High Definition Audio)' : 2 channels at 48 kHz using 32 bits per sample (channel mask 0x3)
[2018.04.02-01.19.51:383][627]LogInit: FAudioDevice initialized.
[2018.04.02-01.19.51:474][627]LogLoad: Game class is 'FirstPersonGameMode_C'
[2018.04.02-01.19.51:533][627]LogWorld: Bringing World /Game/UEDPIE_0_OldeTown.OldeTown up for play (max tick rate 0) at 2018.04.01-21.19.51
[2018.04.02-01.19.51:534][627]LogWorld: Bringing up level for play took: 0.037858
[2018.04.02-01.19.51:635][627]LogContentBrowser: Native class hierarchy updated for 'MovieSceneCapture' in 0.0009 seconds. Added 11 classes and 0 folders.
[2018.04.02-01.19.51:929][627]PIE: Play in editor start time for /Game/UEDPIE_0_OldeTown 0.547
[2018.04.02-01.20.24:603][423]LogSlate: FSceneViewport::OnFocusLost() reason 0
[2018.04.02-01.20.27:197][705]LogSlate: Took 0.000219 seconds to synchronously load lazily loaded font '../../../Engine/Content/Slate/Fonts/Roboto-Light.ttf' (167K)
[2018.04.02-01.20.27:410][705]LogTexture: Display: Building textures: Texture2D_13 (BGRA8, 512X512)
[2018.04.02-01.20.27:410][705]LogTexture: Display: Building textures: Texture2D_10 (BGRA8, 512X512)
[2018.04.02-01.20.27:410][705]LogTexture: Display: Building textures: Texture2D_11 (BGRA8, 512X512)
[2018.04.02-01.20.27:449][705]LogTexture: Display: Building textures: Texture2D_1 (BGRA8, 512X512)
[2018.04.02-01.20.27:449][705]LogMaterial: Missing cached shader map for material Terrain_MAT, compiling. 
[2018.04.02-01.20.28:822][705]LogTexture: Display: Building textures: Texture2D_0 (BGRA8, 512X512)
[2018.04.02-01.20.28:823][705]LogTexture: Display: Building textures: Texture2D_2 (BGRA8, 512X512)
[2018.04.02-01.20.28:823][705]LogTexture: Display: Building textures: Texture2D_3 (BGRA8, 512X512)
[2018.04.02-01.20.28:823][705]LogTexture: Display: Building textures: Texture2D_15 (BGRA8, 512X512)
[2018.04.02-01.20.28:823][705]LogTexture: Display: Building textures: Texture2D_12 (BGRA8, 512X512)
[2018.04.02-01.20.28:823][705]LogTexture: Display: Building textures: Texture2D_6 (BGRA8, 512X512)
[2018.04.02-01.20.28:823][705]LogTexture: Display: Building textures: Texture2D_8 (BGRA8, 512X512)
[2018.04.02-01.20.28:823][705]LogTexture: Display: Building textures: Texture2D_9 (BGRA8, 512X512)
[2018.04.02-01.20.28:823][705]LogTexture: Display: Building textures: Texture2D_4 (BGRA8, 512X512)
[2018.04.02-01.20.28:823][705]LogTexture: Display: Building textures: Texture2D_7 (BGRA8, 512X512)
[2018.04.02-01.20.28:823][705]LogTexture: Display: Building textures: Texture2D_5 (BGRA8, 512X512)
[2018.04.02-01.20.28:823][705]LogTexture: Display: Building textures: Texture2D_14 (BGRA8, 512X512)
[2018.04.02-01.20.28:823][705]LogShaderCompilers: Display: Shaders left to compile 60
[2018.04.02-01.20.28:823][705]LogShaderCompilers: Display: Shaders left to compile 50
[2018.04.02-01.20.28:823][705]LogShaderCompilers: Display: Shaders left to compile 40
[2018.04.02-01.20.28:823][705]LogShaderCompilers: Display: Shaders left to compile 30
[2018.04.02-01.20.28:860][705]LogAIModule: Creating AISystem for world Church
[2018.04.02-01.20.35:565][705]Cmd: MAP LOAD FILE="../../../../../../Users/Bone/Desktop/TITTW/TroubleInTheWesT/Content/Church.umap" TEMPLATE=0 SHOWPROGRESS=1 FEATURELEVEL=3
[2018.04.02-01.20.35:567][705]LightingResults: New page: Lighting Build
[2018.04.02-01.20.35:568][705]LoadErrors: New page: Loading map: Church.umap
[2018.04.02-01.20.35:575][705]MapCheck: New page: Map Check
[2018.04.02-01.20.35:575][705]LightingResults: New page: Lighting Build
[2018.04.02-01.21.22:043][705]LogShaderCompilers: Display: Shaders left to compile 20
[2018.04.02-01.21.22:043][705]LogShaderCompilers: Display: Shaders left to compile 10
[2018.04.02-01.21.22:050][705]LogEditorServer: Finished looking for orphan Actors (0.000 secs)
[2018.04.02-01.21.24:992][705]Cmd: MAP CHECKDEP NOCLEARLOG
[2018.04.02-01.21.25:076][705]MapCheck: Map check complete: 0 Error(s), 0 Warning(s), took 83.79ms to complete.
[2018.04.02-01.21.25:076][705]LogFileHelpers: Loading map 'Church' took 51.070
[2018.04.02-01.22.25:858][767]LogSlate: FSceneViewport::OnFocusLost() reason 0
[2018.04.02-01.22.32:448][186]Cmd: DELETE
[2018.04.02-01.22.32:448][186]Cmd: ACTOR DELETE
[2018.04.02-01.22.34:068][186]LogEditorActor: Deleted Actor: PointLight
[2018.04.02-01.22.34:092][186]LogEditorActor: Deleted 1 Actors (0.561 secs)
[2018.04.02-01.22.34:429][186]LogEditorViewport: Clicking on Actor (LMB): Landscape (Landscape)
[2018.04.02-01.22.37:570][507]LogEditorViewport: Clicking on Actor (LMB): BP_Sky_Sphere_C (BP_Sky_Sphere)
[2018.04.02-01.22.40:228][700]LogSlate: FSceneViewport::OnFocusLost() reason 0
[2018.04.02-01.22.44:572][719]LogAIModule: Creating AISystem for world OldeTown
[2018.04.02-01.22.58:399][719]LogSlate: Window 'Save Content' being destroyed
[2018.04.02-01.25.09:786][255]LogSlate: Took 0.024968 seconds to synchronously load lazily loaded font '../../../Engine/Content/Slate/Fonts/Roboto-Italic.ttf' (157K)
[2018.04.02-01.25.13:854][355]LogSlate: Window 'Save Content' being destroyed
[2018.04.02-01.25.14:091][355]LogSlate: Window 'TroubleInTheWesT - Unreal Editor' being destroyed
[2018.04.02-01.25.14:271][356]Cmd: QUIT_EDITOR
[2018.04.02-01.25.14:523][356]LogSlate: Slate User Destroyed.  User Index 0, Is Virtual User: 0
[2018.04.02-01.25.14:542][356]LogExit: Preparing to exit.
[2018.04.02-01.25.15:733][356]LogDirectoryWatcher: A directory notification for 'C:/Users/Bone/Desktop/TITTW/TroubleInTheWesT/Content/' was aborted.
[2018.04.02-01.25.15:793][356]LogExit: Editor shut down
[2018.04.02-01.25.15:798][356]LogExit: Transaction tracking system shut down
[2018.04.02-01.25.15:984][356]LogDirectoryWatcher: A directory notification for '../../../Engine/Content/' was aborted.
[2018.04.02-01.25.15:984][356]LogDirectoryWatcher: A directory notification for '../../../../../../Users/Bone/Desktop/TITTW/TroubleInTheWesT/Content/' was aborted.
[2018.04.02-01.25.15:985][356]LogDirectoryWatcher: A directory notification for '../../Plugins/2D/Paper2D/Content/' was aborted.
[2018.04.02-01.25.15:985][356]LogDirectoryWatcher: A directory notification for '../../Plugins/Enterprise/DatasmithContent/Content/' was aborted.
[2018.04.02-01.25.15:985][356]LogDirectoryWatcher: A directory notification for '../../Plugins/Media/MediaCompositing/Content/' was aborted.
[2018.04.02-01.25.15:985][356]LogDirectoryWatcher: A directory notification for '../../Plugins/Runtime/AppleARKit/Content/' was aborted.
[2018.04.02-01.25.15:985][356]LogDirectoryWatcher: A directory notification for '../../Plugins/Runtime/Oculus/OculusVR/Content/' was aborted.
[2018.04.02-01.25.15:985][356]LogDirectoryWatcher: A directory notification for '../../Plugins/Runtime/Steam/SteamVR/Content/' was aborted.
[2018.04.02-01.25.16:577][356]LogExit: Object subsystem successfully closed.
[2018.04.02-01.25.16:681][356]LogShaderCompilers: Display: Shaders left to compile 0
[2018.04.02-01.25.16:690][356]LogD3D11RHI: Shutdown
[2018.04.02-01.25.16:691][356]LogD3D11RHI: CleanupD3DDevice
[2018.04.02-01.25.16:699][356]LogD3D11RHI: ~FD3D11DynamicRHI
[2018.04.02-01.25.17:140][356]LogModuleManager: Shutting down and abandoning module MovieSceneCapture (586)
[2018.04.02-01.25.17:140][356]LogModuleManager: Shutting down and abandoning module HierarchicalLODOutliner (584)
[2018.04.02-01.25.17:140][356]LogModuleManager: Shutting down and abandoning module ExternalImagePicker (582)
[2018.04.02-01.25.17:140][356]LogModuleManager: Shutting down and abandoning module SceneOutliner (580)
[2018.04.02-01.25.17:140][356]LogModuleManager: Shutting down and abandoning module AddContentDialog (578)
[2018.04.02-01.25.17:140][356]LogDirectoryWatcher: A directory notification for 'C:/Program Files/Epic Games/UE_4.19/FeaturePacks/' was aborted.
[2018.04.02-01.25.17:141][356]LogModuleManager: Shutting down and abandoning module WidgetCarousel (577)
[2018.04.02-01.25.17:141][356]LogModuleManager: Shutting down and abandoning module EditorWidgets (574)
[2018.04.02-01.25.17:141][356]LogModuleManager: Shutting down and abandoning module CollectionManager (572)
[2018.04.02-01.25.17:141][356]LogDirectoryWatcher: A directory notification for 'C:/Users/Bone/Desktop/TITTW/TroubleInTheWesT/Content/Collections/' was aborted.
[2018.04.02-01.25.17:141][356]LogDirectoryWatcher: A directory notification for 'C:/Users/Bone/Desktop/TITTW/TroubleInTheWesT/Content/Developers/Bone/Collections/' was aborted.
[2018.04.02-01.25.17:141][356]LogDirectoryWatcher: A directory notification for 'C:/Users/Bone/Desktop/TITTW/TroubleInTheWesT/Saved/Collections/' was aborted.
[2018.04.02-01.25.17:142][356]LogModuleManager: Shutting down and abandoning module StatsViewer (570)
[2018.04.02-01.25.17:142][356]LogModuleManager: Shutting down and abandoning module FoliageEdit (568)
[2018.04.02-01.25.17:142][356]LogModuleManager: Shutting down and abandoning module LandscapeEditor (566)
[2018.04.02-01.25.17:150][356]LogModuleManager: Shutting down and abandoning module MeshPaintMode (564)
[2018.04.02-01.25.17:150][356]LogModuleManager: Shutting down and abandoning module SceneDepthPickerMode (562)
[2018.04.02-01.25.17:150][356]LogModuleManager: Shutting down and abandoning module ActorPickerMode (560)
[2018.04.02-01.25.17:150][356]LogModuleManager: Shutting down and abandoning module GeometryMode (558)
[2018.04.02-01.25.17:150][356]LogModuleManager: Shutting down and abandoning module TextureAlignMode (556)
[2018.04.02-01.25.17:150][356]LogModuleManager: Shutting down and abandoning module BspMode (554)
[2018.04.02-01.25.17:150][356]LogModuleManager: Shutting down and abandoning module PIEPreviewDeviceProfileSelector (552)
[2018.04.02-01.25.17:160][356]LogModuleManager: Shutting down and abandoning module HardwareSurvey (550)
[2018.04.02-01.25.17:160][356]LogModuleManager: Shutting down and abandoning module SequenceRecorderSections (548)
[2018.04.02-01.25.17:160][356]LogModuleManager: Shutting down and abandoning module AutomationWorker (546)
[2018.04.02-01.25.17:160][356]LogModuleManager: Shutting down and abandoning module AudioCaptureEditor (544)
[2018.04.02-01.25.17:160][356]LogModuleManager: Shutting down and abandoning module SequenceRecorder (543)
[2018.04.02-01.25.17:160][356]LogModuleManager: Shutting down and abandoning module MatineeToLevelSequence (540)
[2018.04.02-01.25.17:160][356]LogModuleManager: Shutting down and abandoning module LevelSequenceEditor (538)
[2018.04.02-01.25.17:166][356]LogModuleManager: Shutting down and abandoning module PlacementMode (537)
[2018.04.02-01.25.17:166][356]LogModuleManager: Shutting down and abandoning module MaterialEditor (536)
[2018.04.02-01.25.17:336][356]LogModuleManager: Shutting down and abandoning module WmfMediaFactory (532)
[2018.04.02-01.25.17:336][356]LogModuleManager: Shutting down and abandoning module WmfMediaEditor (530)
[2018.04.02-01.25.17:336][356]LogModuleManager: Shutting down and abandoning module MediaPlayerEditor (528)
[2018.04.02-01.25.17:420][356]LogModuleManager: Shutting down and abandoning module OpenExrWrapper (526)
[2018.04.02-01.25.17:421][356]LogModuleManager: Shutting down and abandoning module ImgMediaFactory (524)
[2018.04.02-01.25.17:421][356]LogModuleManager: Shutting down and abandoning module ImgMediaEditor (522)
[2018.04.02-01.25.17:421][356]LogModuleManager: Shutting down and abandoning module AvfMediaFactory (520)
[2018.04.02-01.25.17:421][356]LogModuleManager: Shutting down and abandoning module AvfMediaEditor (518)
[2018.04.02-01.25.17:421][356]LogModuleManager: Shutting down and abandoning module AndroidMediaFactory (516)
[2018.04.02-01.25.17:421][356]LogModuleManager: Shutting down and abandoning module AndroidMediaEditor (514)
[2018.04.02-01.25.17:421][356]LogModuleManager: Shutting down and abandoning module CharacterAI (512)
[2018.04.02-01.25.17:421][356]LogModuleManager: Shutting down and abandoning module SmartSnapping (510)
[2018.04.02-01.25.17:421][356]LogModuleManager: Shutting down and abandoning module SessionServices (508)
[2018.04.02-01.25.17:421][356]LogModuleManager: Shutting down and abandoning module ViewportSnapping (506)
[2018.04.02-01.25.17:421][356]LogModuleManager: Shutting down and abandoning module ViewportInteraction (504)
[2018.04.02-01.25.17:421][356]LogModuleManager: Shutting down and abandoning module ClothPainter (502)
[2018.04.02-01.25.17:491][356]LogModuleManager: Shutting down and abandoning module SkeletalMeshEditor (501)
[2018.04.02-01.25.17:508][356]LogModuleManager: Shutting down and abandoning module LogVisualizer (498)
[2018.04.02-01.25.17:508][356]LogModuleManager: Shutting down and abandoning module IntroTutorials (496)
[2018.04.02-01.25.17:508][356]LogModuleManager: Shutting down and abandoning module GameProjectGeneration (495)
[2018.04.02-01.25.17:537][356]LogModuleManager: Shutting down and abandoning module IOSPlatformEditor (492)
[2018.04.02-01.25.17:537][356]LogModuleManager: Shutting down and abandoning module HTML5PlatformEditor (490)
[2018.04.02-01.25.17:537][356]LogModuleManager: Shutting down and abandoning module AndroidPlatformEditor (488)
[2018.04.02-01.25.17:537][356]LogModuleManager: Shutting down and abandoning module AndroidDeviceDetection (487)
[2018.04.02-01.25.17:572][356]LogModuleManager: Shutting down and abandoning module WindowsPlatformEditor (484)
[2018.04.02-01.25.17:572][356]LogModuleManager: Shutting down and abandoning module IOSRuntimeSettings (482)
[2018.04.02-01.25.17:572][356]LogModuleManager: Shutting down and abandoning module AndroidRuntimeSettings (480)
[2018.04.02-01.25.17:572][356]LogModuleManager: Shutting down and abandoning module InputBindingEditor (478)
[2018.04.02-01.25.17:573][356]LogModuleManager: Shutting down and abandoning module MergeActors (476)
[2018.04.02-01.25.17:605][356]LogModuleManager: Shutting down and abandoning module LocalizationDashboard (474)
[2018.04.02-01.25.17:645][356]LogModuleManager: Shutting down and abandoning module LocalizationService (473)
[2018.04.02-01.25.17:646][356]LogModuleManager: Shutting down and abandoning module HardwareTargeting (470)
[2018.04.02-01.25.17:646][356]LogModuleManager: Shutting down and abandoning module DeviceProfileEditor (468)
[2018.04.02-01.25.17:646][356]LogModuleManager: Shutting down and abandoning module UndoHistory (466)
[2018.04.02-01.25.17:646][356]LogModuleManager: Shutting down and abandoning module XmlParser (464)
[2018.04.02-01.25.17:646][356]LogModuleManager: Shutting down and abandoning module Blutility (462)
[2018.04.02-01.25.17:646][356]LogModuleManager: Shutting down and abandoning module ProjectSettingsViewer (460)
[2018.04.02-01.25.17:646][356]LogModuleManager: Shutting down and abandoning module ProjectTargetPlatformEditor (459)
[2018.04.02-01.25.17:646][356]LogModuleManager: Shutting down and abandoning module EditorSettingsViewer (456)
[2018.04.02-01.25.17:646][356]LogModuleManager: Shutting down and abandoning module SettingsEditor (454)
[2018.04.02-01.25.17:646][356]LogModuleManager: Shutting down and abandoning module ProjectLauncher (452)
[2018.04.02-01.25.17:684][356]LogModuleManager: Shutting down and abandoning module SessionFrontend (450)
[2018.04.02-01.25.17:684][356]LogModuleManager: Shutting down and abandoning module ProfilerClient (448)
[2018.04.02-01.25.17:706][356]LogModuleManager: Shutting down and abandoning module DeviceManager (446)
[2018.04.02-01.25.17:706][356]LogModuleManager: Shutting down and abandoning module TargetDeviceServices (445)
[2018.04.02-01.25.17:757][356]LogModuleManager: Shutting down and abandoning module AutomationController (442)
[2018.04.02-01.25.17:757][356]LogModuleManager: Shutting down and abandoning module AutomationWindow (440)
[2018.04.02-01.25.17:816][356]LogModuleManager: Shutting down and abandoning module Layers (438)
[2018.04.02-01.25.17:928][356]LogModuleManager: Shutting down and abandoning module ComponentVisualizers (436)
[2018.04.02-01.25.17:928][356]LogModuleManager: Shutting down and abandoning module DetailCustomizations (434)
[2018.04.02-01.25.17:928][356]LogModuleManager: Shutting down and abandoning module PackagesDialog (432)
[2018.04.02-01.25.17:929][356]LogModuleManager: Shutting down and abandoning module Persona (430)
[2018.04.02-01.25.17:937][356]LogModuleManager: Shutting down and abandoning module AdvancedPreviewScene (429)
[2018.04.02-01.25.17:937][356]LogModuleManager: Shutting down and abandoning module AnimGraph (427)
[2018.04.02-01.25.17:937][356]LogModuleManager: Shutting down and abandoning module Kismet (424)
[2018.04.02-01.25.17:938][356]LogModuleManager: Shutting down and abandoning module GraphEditor (422)
[2018.04.02-01.25.18:113][356]LogModuleManager: Shutting down and abandoning module ClassViewer (420)
[2018.04.02-01.25.18:113][356]LogModuleManager: Shutting down and abandoning module Toolbox (418)
[2018.04.02-01.25.18:113][356]LogModuleManager: Shutting down and abandoning module ModuleUI (416)
[2018.04.02-01.25.18:165][356]LogModuleManager: Shutting down and abandoning module MovieSceneTools (414)
[2018.04.02-01.25.18:165][356]LogModuleManager: Shutting down and abandoning module OutputLog (412)
[2018.04.02-01.25.18:220][356]LogModuleManager: Shutting down and abandoning module GammaUI (410)
[2018.04.02-01.25.18:227][356]LogModuleManager: Shutting down and abandoning module Documentation (408)
[2018.04.02-01.25.18:227][356]LogModuleManager: Shutting down and abandoning module MovieSceneTracks (406)
[2018.04.02-01.25.18:227][356]LogModuleManager: Shutting down and abandoning module MovieScene (404)
[2018.04.02-01.25.18:239][356]LogModuleManager: Shutting down and abandoning module StreamingPauseRendering (402)
[2018.04.02-01.25.18:239][356]LogModuleManager: Shutting down and abandoning module LauncherPlatform (400)
[2018.04.02-01.25.18:239][356]LogModuleManager: Shutting down and abandoning module AnalyticsET (398)
[2018.04.02-01.25.18:239][356]LogModuleManager: Shutting down and abandoning module PortalServices (396)
[2018.04.02-01.25.18:239][356]LogModuleManager: Shutting down and abandoning module PortalRpc (394)
[2018.04.02-01.25.18:239][356]LogModuleManager: Shutting down and abandoning module MessagingRpc (392)
[2018.04.02-01.25.18:239][356]LogModuleManager: Shutting down and abandoning module AIModule (390)
[2018.04.02-01.25.18:248][356]LogModuleManager: Shutting down and abandoning module GameplayDebugger (389)
[2018.04.02-01.25.18:248][356]LogModuleManager: Shutting down and abandoning module AITestSuite (387)
[2018.04.02-01.25.18:248][356]LogModuleManager: Shutting down and abandoning module DesktopPlatform (384)
[2018.04.02-01.25.18:248][356]LogModuleManager: Shutting down and abandoning module ProfilerService (382)
[2018.04.02-01.25.18:498][356]LogModuleManager: Shutting down and abandoning module TaskGraph (380)
[2018.04.02-01.25.18:498][356]LogModuleManager: Shutting down and abandoning module SubstanceLiveLink (378)
[2018.04.02-01.25.18:498][356]LogModuleManager: Shutting down and abandoning module SubstanceSource (376)
[2018.04.02-01.25.18:520][356]LogModuleManager: Shutting down and abandoning module SubstanceEditor (374)
[2018.04.02-01.25.18:520][356]LogModuleManager: Shutting down and abandoning module SteamVRController (372)
[2018.04.02-01.25.18:520][356]LogModuleManager: Shutting down and abandoning module ProceduralMeshComponentEditor (370)
[2018.04.02-01.25.18:520][356]LogModuleManager: Shutting down and abandoning module ProceduralMeshComponent (368)
[2018.04.02-01.25.18:520][356]LogModuleManager: Shutting down and abandoning module OculusInput (366)
[2018.04.02-01.25.18:520][356]LogModuleManager: Shutting down and abandoning module MobilePatchingUtils (364)
[2018.04.02-01.25.18:520][356]LogModuleManager: Shutting down and abandoning module CustomMeshComponent (362)
[2018.04.02-01.25.18:520][356]LogModuleManager: Shutting down and abandoning module CableComponent (360)
[2018.04.02-01.25.18:520][356]LogModuleManager: Shutting down and abandoning module AudioCapture (358)
[2018.04.02-01.25.18:520][356]LogModuleManager: Shutting down and abandoning module ArchVisCharacter (356)
[2018.04.02-01.25.18:520][356]LogModuleManager: Shutting down and abandoning module AndroidPermission (354)
[2018.04.02-01.25.18:520][356]LogModuleManager: Shutting down and abandoning module NUTUnrealEngine4 (350)
[2018.04.02-01.25.18:520][356]LogModuleManager: Shutting down and abandoning module NetcodeUnitTest (348)
[2018.04.02-01.25.18:530][356]LogModuleManager: Shutting down and abandoning module MediaCompositingEditor (346)
[2018.04.02-01.25.18:530][356]LogModuleManager: Shutting down and abandoning module MediaCompositing (344)
[2018.04.02-01.25.18:530][356]LogModuleManager: Shutting down and abandoning module LinearTimecode (342)
[2018.04.02-01.25.18:530][356]LogModuleManager: Shutting down and abandoning module ImgMedia (340)
[2018.04.02-01.25.18:566][356]LogModuleManager: Shutting down and abandoning module HTML5Networking (338)
[2018.04.02-01.25.18:567][356]LogModuleManager: Shutting down and abandoning module AlembicImporter (336)
[2018.04.02-01.25.18:577][356]LogModuleManager: Shutting down and abandoning module AlembicLibrary (335)
[2018.04.02-01.25.18:577][356]LogModuleManager: Shutting down and abandoning module GeometryCache (334)
[2018.04.02-01.25.18:577][356]LogModuleManager: Shutting down and abandoning module GeometryCacheEd (333)
[2018.04.02-01.25.18:577][356]LogModuleManager: Shutting down and abandoning module DatasmithContent (328)
[2018.04.02-01.25.18:577][356]LogModuleManager: Shutting down and abandoning module SpeedTreeImporter (326)
[2018.04.02-01.25.18:577][356]LogModuleManager: Shutting down and abandoning module PluginBrowser (324)
[2018.04.02-01.25.18:597][356]LogModuleManager: Shutting down and abandoning module MobileLauncherProfileWizard (322)
[2018.04.02-01.25.18:611][356]LogModuleManager: Shutting down and abandoning module CryptoKeysOpenSSL (320)
[2018.04.02-01.25.18:611][356]LogModuleManager: Shutting down and abandoning module CryptoKeys (318)
[2018.04.02-01.25.18:611][356]LogModuleManager: Shutting down and abandoning module VisualStudioSourceCodeAccess (316)
[2018.04.02-01.25.18:611][356]LogModuleManager: Shutting down and abandoning module VisualStudioCodeSourceCodeAccess (314)
[2018.04.02-01.25.18:612][356]LogModuleManager: Shutting down and abandoning module UObjectPlugin (312)
[2018.04.02-01.25.18:612][356]LogModuleManager: Shutting down and abandoning module SubversionSourceControl (310)
[2018.04.02-01.25.18:612][356]LogModuleManager: Shutting down and abandoning module PerforceSourceControl (308)
[2018.04.02-01.25.18:612][356]LogModuleManager: Shutting down and abandoning module GitSourceControl (306)
[2018.04.02-01.25.18:612][356]LogModuleManager: Shutting down and abandoning module SourceControl (305)
[2018.04.02-01.25.18:612][356]LogModuleManager: Shutting down and abandoning module CLionSourceCodeAccess (302)
[2018.04.02-01.25.18:612][356]LogModuleManager: Shutting down and abandoning module LightPropagationVolumeEditor (300)
[2018.04.02-01.25.18:612][356]LogModuleManager: Shutting down and abandoning module PaperTiledImporter (298)
[2018.04.02-01.25.18:613][356]LogModuleManager: Shutting down and abandoning module PaperSpriteSheetImporter (296)
[2018.04.02-01.25.18:613][356]LogModuleManager: Shutting down and abandoning module Paper2DEditor (294)
[2018.04.02-01.25.18:631][356]LogModuleManager: Shutting down and abandoning module MeshPaint (293)
[2018.04.02-01.25.18:631][356]LogModuleManager: Shutting down and abandoning module RuntimePhysXCooking (290)
[2018.04.02-01.25.18:631][356]LogModuleManager: Shutting down and abandoning module PhysXVehiclesEditor (288)
[2018.04.02-01.25.18:631][356]LogModuleManager: Shutting down and abandoning module PhysXVehicles (286)
[2018.04.02-01.25.18:631][356]LogModuleManager: Shutting down and abandoning module OculusEditor (284)
[2018.04.02-01.25.18:631][356]LogModuleManager: Shutting down and abandoning module LocationServicesBPLibrary (282)
[2018.04.02-01.25.18:631][356]LogModuleManager: Shutting down and abandoning module ImmediatePhysicsEditor (280)
[2018.04.02-01.25.18:631][356]LogModuleManager: Shutting down and abandoning module ImmediatePhysics (278)
[2018.04.02-01.25.18:631][356]LogModuleManager: Shutting down and abandoning module ActorSequence (276)
[2018.04.02-01.25.18:631][356]LogModuleManager: Shutting down and abandoning module UdpMessaging (274)
[2018.04.02-01.25.18:731][356]LogModuleManager: Shutting down and abandoning module TcpMessaging (272)
[2018.04.02-01.25.18:831][356]LogModuleManager: Shutting down and abandoning module SubstanceCore (270)
[2018.04.02-01.25.18:862][356]LogModuleManager: Shutting down and abandoning module GameplayTagsEditor (268)
[2018.04.02-01.25.18:862][356]LogModuleManager: Shutting down and abandoning module FacialAnimationEditor (266)
[2018.04.02-01.25.18:862][356]LogModuleManager: Shutting down and abandoning module FacialAnimation (264)
[2018.04.02-01.25.18:862][356]LogModuleManager: Shutting down and abandoning module DataValidation (262)
[2018.04.02-01.25.18:867][356]LogModuleManager: Shutting down and abandoning module AssetManagerEditor (260)
[2018.04.02-01.25.18:921][356]LogModuleManager: Shutting down and abandoning module LevelEditor (259)
[2018.04.02-01.25.18:922][356]LogModuleManager: Shutting down and abandoning module PixelInspectorModule (258)
[2018.04.02-01.25.18:922][356]LogModuleManager: Shutting down and abandoning module CommonMenuExtensions (256)
[2018.04.02-01.25.18:922][356]LogModuleManager: Shutting down and abandoning module MainFrame (254)
[2018.04.02-01.25.18:923][356]LogModuleManager: Shutting down and abandoning module HotReload (253)
[2018.04.02-01.25.18:924][356]LogModuleManager: Shutting down and abandoning module ContentBrowser (249)
[2018.04.02-01.25.18:925][356]LogModuleManager: Shutting down and abandoning module TreeMap (247)
[2018.04.02-01.25.18:925][356]LogModuleManager: Shutting down and abandoning module LightPropagationVolumeRuntime (244)
[2018.04.02-01.25.18:925][356]LogModuleManager: Shutting down and abandoning module LiveLinkEditor (242)
[2018.04.02-01.25.18:925][356]LogModuleManager: Shutting down and abandoning module LiveLink (240)
[2018.04.02-01.25.19:843][356]LogModuleManager: Shutting down and abandoning module Paper2D (238)
[2018.04.02-01.25.19:843][356]LogModuleManager: Shutting down and abandoning module WindowsMoviePlayer (236)
[2018.04.02-01.25.19:843][356]LogModuleManager: Shutting down and abandoning module WmfMedia (234)
[2018.04.02-01.25.19:860][356]LogModuleManager: Shutting down and abandoning module PacketHandler (232)
[2018.04.02-01.25.19:860][356]LogModuleManager: Shutting down and abandoning module ClothingSystemEditor (230)
[2018.04.02-01.25.19:860][356]LogModuleManager: Shutting down and abandoning module ClothingSystemRuntime (228)
[2018.04.02-01.25.19:877][356]LogModuleManager: Shutting down and abandoning module MediaAssets (226)
[2018.04.02-01.25.19:877][356]LogModuleManager: Shutting down and abandoning module Media (225)
[2018.04.02-01.25.19:882][356]LogModuleManager: Shutting down and abandoning module Overlay (222)
[2018.04.02-01.25.19:882][356]LogModuleManager: Shutting down and abandoning module OverlayEditor (221)
[2018.04.02-01.25.19:882][356]LogModuleManager: Shutting down and abandoning module VREditor (218)
[2018.04.02-01.25.19:890][356]LogModuleManager: Shutting down and abandoning module StringTableEditor (216)
[2018.04.02-01.25.19:890][356]LogModuleManager: Shutting down and abandoning module GameplayTasksEditor (214)
[2018.04.02-01.25.19:890][356]LogModuleManager: Shutting down and abandoning module BehaviorTreeEditor (212)
[2018.04.02-01.25.19:943][356]LogModuleManager: Shutting down and abandoning module FunctionalTesting (210)
[2018.04.02-01.25.19:943][356]LogModuleManager: Shutting down and abandoning module CollisionAnalyzer (208)
[2018.04.02-01.25.19:943][356]LogModuleManager: Shutting down and abandoning module WorkspaceMenuStructure (207)
[2018.04.02-01.25.19:944][356]LogModuleManager: Shutting down and abandoning module UMG (204)
[2018.04.02-01.25.19:944][356]LogModuleManager: Shutting down and abandoning module UMGEditor (203)
[2018.04.02-01.25.19:950][356]LogModuleManager: Shutting down and abandoning module Sequencer (202)
[2018.04.02-01.25.19:958][356]LogModuleManager: Shutting down and abandoning module MessageLog (199)
[2018.04.02-01.25.19:958][356]LogModuleManager: Shutting down and abandoning module SlateReflector (194)
[2018.04.02-01.25.19:967][356]LogModuleManager: Shutting down and abandoning module Slate (192)
[2018.04.02-01.25.19:967][356]LogModuleManager: Shutting down and abandoning module EditorStyle (190)
[2018.04.02-01.25.19:971][356]LogModuleManager: Shutting down and abandoning module MRMesh (188)
[2018.04.02-01.25.19:971][356]LogModuleManager: Shutting down and abandoning module SourceCodeAccess (186)
[2018.04.02-01.25.19:971][356]LogModuleManager: Shutting down and abandoning module HeadMountedDisplay (184)
[2018.04.02-01.25.19:971][356]LogModuleManager: Shutting down and abandoning module XAudio2 (182)
[2018.04.02-01.25.19:971][356]LogModuleManager: Shutting down and abandoning module Networking (180)
[2018.04.02-01.25.19:971][356]LogModuleManager: Shutting down and abandoning module Core (178)
[2018.04.02-01.25.19:971][356]LogModuleManager: Shutting down and abandoning module LevelSequence (176)
[2018.04.02-01.25.19:971][356]LogModuleManager: Shutting down and abandoning module KismetCompiler (174)
[2018.04.02-01.25.19:971][356]LogModuleManager: Shutting down and abandoning module MeshUtilities (172)
[2018.04.02-01.25.19:973][356]LogModuleManager: Shutting down and abandoning module MeshMergeUtilities (171)
[2018.04.02-01.25.19:973][356]LogModuleManager: Shutting down and abandoning module MeshReductionInterface (170)
[2018.04.02-01.25.19:973][356]LogModuleManager: Shutting down and abandoning module SimplygonSwarm (169)
[2018.04.02-01.25.19:973][356]LogModuleManager: Shutting down and abandoning module SimplygonMeshReduction (167)
[2018.04.02-01.25.19:973][356]LogModuleManager: Shutting down and abandoning module QuadricMeshReduction (165)
[2018.04.02-01.25.19:973][356]LogModuleManager: Shutting down and abandoning module MaterialBaking (161)
[2018.04.02-01.25.19:974][356]LogModuleManager: Shutting down and abandoning module DirectoryWatcher (157)
[2018.04.02-01.25.19:975][356]LogModuleManager: Shutting down and abandoning module DerivedDataCache (154)
[2018.04.02-01.25.20:068][356]LogDerivedDataCache: Shutdown
[2018.04.02-01.25.20:069][356]LogModuleManager: Shutting down and abandoning module XGEController (152)
[2018.04.02-01.25.20:069][356]LogXGEController: Cleaning working directory: C:/Users/Bone/AppData/Local/Temp/UnrealXGEWorkingDir/
[2018.04.02-01.25.20:069][356]LogModuleManager: Shutting down and abandoning module TargetPlatform (150)
[2018.04.02-01.25.20:069][356]LogModuleManager: Shutting down and abandoning module VulkanShaderFormat (149)
[2018.04.02-01.25.20:069][356]LogModuleManager: Shutting down and abandoning module ShaderFormatVectorVM (147)
[2018.04.02-01.25.20:093][356]LogModuleManager: Shutting down and abandoning module ShaderFormatOpenGL (145)
[2018.04.02-01.25.20:119][356]LogModuleManager: Shutting down and abandoning module ShaderFormatD3D (143)
[2018.04.02-01.25.20:119][356]LogModuleManager: Shutting down and abandoning module MetalShaderFormat (141)
[2018.04.02-01.25.20:125][356]LogModuleManager: Shutting down and abandoning module TextureFormatUncompressed (139)
[2018.04.02-01.25.20:125][356]LogModuleManager: Shutting down and abandoning module TextureFormatPVR (137)
[2018.04.02-01.25.20:125][356]LogModuleManager: Shutting down and abandoning module TextureFormatDXT (135)
[2018.04.02-01.25.20:125][356]LogModuleManager: Shutting down and abandoning module TextureFormatIntelISPCTexComp (133)
[2018.04.02-01.25.20:125][356]LogModuleManager: Shutting down and abandoning module TextureFormatASTC (131)
[2018.04.02-01.25.20:125][356]LogModuleManager: Shutting down and abandoning module ImageWrapper (130)
[2018.04.02-01.25.20:125][356]LogModuleManager: Shutting down and abandoning module TextureFormatAndroid (127)
[2018.04.02-01.25.20:125][356]LogModuleManager: Shutting down and abandoning module AudioFormatOpus (125)
[2018.04.02-01.25.20:126][356]LogModuleManager: Shutting down and abandoning module AudioFormatOgg (123)
[2018.04.02-01.25.20:126][356]LogModuleManager: Shutting down and abandoning module AudioFormatADPCM (121)
[2018.04.02-01.25.20:126][356]LogModuleManager: Shutting down and abandoning module LinuxTargetPlatform (119)
[2018.04.02-01.25.20:126][356]LogModuleManager: Shutting down and abandoning module LinuxServerTargetPlatform (117)
[2018.04.02-01.25.20:126][356]LogModuleManager: Shutting down and abandoning module LinuxNoEditorTargetPlatform (115)
[2018.04.02-01.25.20:126][356]LogModuleManager: Shutting down and abandoning module LinuxClientTargetPlatform (113)
[2018.04.02-01.25.20:126][356]LogModuleManager: Shutting down and abandoning module TVOSTargetPlatform (111)
[2018.04.02-01.25.20:126][356]LogModuleManager: Shutting down and abandoning module Messaging (109)
[2018.04.02-01.25.20:126][356]LogModuleManager: Shutting down and abandoning module IOSTargetPlatform (107)
[2018.04.02-01.25.20:126][356]LogModuleManager: Shutting down and abandoning module HTML5TargetPlatform (105)
[2018.04.02-01.25.20:126][356]LogModuleManager: Shutting down and abandoning module AndroidTargetPlatform (103)
[2018.04.02-01.25.20:126][356]LogModuleManager: Shutting down and abandoning module Android_PVRTCTargetPlatform (101)
[2018.04.02-01.25.20:126][356]LogModuleManager: Shutting down and abandoning module Android_MultiTargetPlatform (99)
[2018.04.02-01.25.20:126][356]LogModuleManager: Shutting down and abandoning module Android_ETC2TargetPlatform (97)
[2018.04.02-01.25.20:126][356]LogModuleManager: Shutting down and abandoning module Android_ETC1TargetPlatform (95)
[2018.04.02-01.25.20:126][356]LogModuleManager: Shutting down and abandoning module Android_ETC1aTargetPlatform (93)
[2018.04.02-01.25.20:126][356]LogModuleManager: Shutting down and abandoning module Android_DXTTargetPlatform (91)
[2018.04.02-01.25.20:126][356]LogModuleManager: Shutting down and abandoning module Android_ATCTargetPlatform (89)
[2018.04.02-01.25.20:126][356]LogModuleManager: Shutting down and abandoning module Android_ASTCTargetPlatform (87)
[2018.04.02-01.25.20:126][356]LogModuleManager: Shutting down and abandoning module WindowsTargetPlatform (85)
[2018.04.02-01.25.20:126][356]LogModuleManager: Shutting down and abandoning module WindowsServerTargetPlatform (83)
[2018.04.02-01.25.20:126][356]LogModuleManager: Shutting down and abandoning module WindowsNoEditorTargetPlatform (81)
[2018.04.02-01.25.20:126][356]LogModuleManager: Shutting down and abandoning module WindowsClientTargetPlatform (79)
[2018.04.02-01.25.20:126][356]LogModuleManager: Shutting down and abandoning module MacTargetPlatform (77)
[2018.04.02-01.25.20:126][356]LogModuleManager: Shutting down and abandoning module MacServerTargetPlatform (75)
[2018.04.02-01.25.20:126][356]LogModuleManager: Shutting down and abandoning module MacNoEditorTargetPlatform (73)
[2018.04.02-01.25.20:126][356]LogModuleManager: Shutting down and abandoning module MacClientTargetPlatform (71)
[2018.04.02-01.25.20:126][356]LogModuleManager: Shutting down and abandoning module AllDesktopTargetPlatform (69)
[2018.04.02-01.25.20:126][356]LogModuleManager: Shutting down and abandoning module InputCore (66)
[2018.04.02-01.25.20:126][356]LogModuleManager: Shutting down and abandoning module Settings (64)
[2018.04.02-01.25.20:126][356]LogModuleManager: Shutting down and abandoning module PhysXCooking (62)
[2018.04.02-01.25.20:126][356]LogModuleManager: Shutting down and abandoning module SteamVR (60)
[2018.04.02-01.25.20:126][356]LogModuleManager: Shutting down and abandoning module OculusHMD (58)
[2018.04.02-01.25.20:126][356]LogModuleManager: Shutting down and abandoning module ExampleDeviceProfileSelector (56)
[2018.04.02-01.25.20:126][356]LogModuleManager: Shutting down and abandoning module AppleARKit (54)
[2018.04.02-01.25.20:126][356]LogModuleManager: Shutting down and abandoning module AugmentedReality (51)
[2018.04.02-01.25.20:126][356]LogModuleManager: Shutting down and abandoning module OnlineBlueprintSupport (48)
[2018.04.02-01.25.20:126][356]LogModuleManager: Shutting down and abandoning module OnlineSubsystem (44)
[2018.04.02-01.25.20:144][356]LogModuleManager: Shutting down and abandoning module XMPP (43)
[2018.04.02-01.25.20:164][356]LogModuleManager: Shutting down and abandoning module HTTP (41)
[2018.04.02-01.25.20:164][356]LogHttp: Display: Http module shutting down, but needs to wait on 1 outstanding Http requests:
[2018.04.02-01.25.20:164][356]LogHttp: Display: 	verb=[POST] url=[https://datarouter.ol.epicgames.com/datarouter/api/v1/public/data?SessionID=%7B24FCCC4C-4DEF-FB93-4FBD-3EB0276F21E2%7D&AppID=UEEditor.Rocket.Release&AppVersion=4.19.0-3944462%2B%2B%2BUE4%2BRelease-4.19&UserID=20b8f5fc484fa3437f3813b9152a09c8%7C17791beeb88f41cfafda7ffd1d01d7a7%7C2cf496a0-1ef3-4419-a79d-400515cdd9ac&AppEnvironment=datacollector-binary&UploadType=eteventstream] status=Processing
[2018.04.02-01.25.20:174][356]LogModuleManager: Shutting down and abandoning module SSL (40)
[2018.04.02-01.25.20:175][356]LogModuleManager: Shutting down and abandoning module AnimationModifiers (36)
[2018.04.02-01.25.20:175][356]LogModuleManager: Shutting down and abandoning module PropertyEditor (35)
[2018.04.02-01.25.20:201][356]LogModuleManager: Shutting down and abandoning module AudioEditor (32)
[2018.04.02-01.25.20:201][356]LogModuleManager: Shutting down and abandoning module TextureCompressor (30)
[2018.04.02-01.25.20:218][356]LogModuleManager: Shutting down and abandoning module ShaderCore (28)
[2018.04.02-01.25.20:218][356]LogModuleManager: Shutting down and abandoning module Landscape (26)
[2018.04.02-01.25.20:218][356]LogModuleManager: Shutting down and abandoning module SlateRHIRenderer (24)
[2018.04.02-01.25.20:227][356]LogModuleManager: Shutting down and abandoning module OpenGLDrv (22)
[2018.04.02-01.25.20:231][356]LogModuleManager: Shutting down and abandoning module D3D11RHI (20)
[2018.04.02-01.25.20:231][356]LogModuleManager: Shutting down and abandoning module AnimGraphRuntime (18)
[2018.04.02-01.25.20:231][356]LogModuleManager: Shutting down and abandoning module Renderer (16)
[2018.04.02-01.25.20:231][356]LogModuleManager: Shutting down and abandoning module Engine (14)
[2018.04.02-01.25.20:231][356]LogModuleManager: Shutting down and abandoning module CoreUObject (12)
[2018.04.02-01.25.20:231][356]LogModuleManager: Shutting down and abandoning module NetworkFile (10)
[2018.04.02-01.25.20:231][356]LogModuleManager: Shutting down and abandoning module CookedIterativeFile (8)
[2018.04.02-01.25.20:231][356]LogModuleManager: Shutting down and abandoning module StreamingFile (6)
[2018.04.02-01.25.20:231][356]LogModuleManager: Shutting down and abandoning module SandboxFile (4)
[2018.04.02-01.25.20:231][356]LogModuleManager: Shutting down and abandoning module PakFile (2)
[2018.04.02-01.25.20:234][356]LogExit: Exiting.
[2018.04.02-01.25.20:244][356]Log file closed, 04/01/18 21:25:20
