Log file open, 04/07/18 17:18:41
LogWindows: Failed to load 'aqProf.dll' (GetLastError=126)
LogWindows: File 'aqProf.dll' does not exist
LogWindows: Failed to load 'VtuneApi.dll' (GetLastError=126)
LogWindows: File 'VtuneApi.dll' does not exist
LogWindows: Failed to load 'VtuneApi32e.dll' (GetLastError=126)
LogWindows: File 'VtuneApi32e.dll' does not exist
LogInit: Display: Running engine for game: TroubleInTheWesT
LogPlatformFile: Not using cached read wrapper
LogInit: Display: RandInit(-1571606171) SRandInit(-1571606171).
LogInit: Read version file with build ID '3944462'
LogInit: Overriding engine version to CL 3944462, compatible CL 3944462
LogInit: Registered custom module enumerator with build ID '3944462'
LogTaskGraph: Started task graph with 5 named threads and 23 total threads with 3 sets of task threads.
LogStats: Stats thread started at 0.310807
LogD3D11RHI: Aftermath initialized
LogICUInternationalization: Display: ICU TimeZone Detection - Raw Offset: -5:00, Platform Override: ''
LogModuleManager: Display: Found up-to-date module file ../../../Engine/Plugins/Marketplace/Substance/Binaries/Win64/UE4Editor-SubstanceCore.dll (API version 3944462).
LogModuleManager: Display: Found up-to-date module file ../../../Engine/Plugins/Marketplace/Substance/Binaries/Win64/UE4Editor-SubstanceEditor.dll (API version 3944462).
LogModuleManager: Display: Found up-to-date module file ../../../Engine/Plugins/Marketplace/Substance/Binaries/Win64/UE4Editor-SubstanceSource.dll (API version 3944462).
LogModuleManager: Display: Found up-to-date module file ../../../Engine/Plugins/Marketplace/Substance/Binaries/Win64/UE4Editor-SubstanceLiveLink.dll (API version 3944462).
LogModuleManager: Display: Found up-to-date module file ../../../Engine/Plugins/2D/Paper2D/Binaries/Win64/UE4Editor-Paper2D.dll (API version 3944462).
LogModuleManager: Display: Found up-to-date module file ../../../Engine/Plugins/2D/Paper2D/Binaries/Win64/UE4Editor-Paper2DEditor.dll (API version 3944462).
LogModuleManager: Display: Found up-to-date module file ../../../Engine/Plugins/2D/Paper2D/Binaries/Win64/UE4Editor-PaperSpriteSheetImporter.dll (API version 3944462).
LogModuleManager: Display: Found up-to-date module file ../../../Engine/Plugins/2D/Paper2D/Binaries/Win64/UE4Editor-PaperTiledImporter.dll (API version 3944462).
LogModuleManager: Display: Found up-to-date module file ../../../Engine/Plugins/2D/Paper2D/Binaries/Win64/UE4Editor-SmartSnapping.dll (API version 3944462).
LogModuleManager: Display: Found up-to-date module file ../../../Engine/Plugins/Blendables/LightPropagationVolume/Binaries/Win64/UE4Editor-LightPropagationVolumeRuntime.dll (API version 3944462).
LogModuleManager: Display: Found up-to-date module file ../../../Engine/Plugins/Blendables/LightPropagationVolume/Binaries/Win64/UE4Editor-LightPropagationVolumeEditor.dll (API version 3944462).
LogModuleManager: Display: Found up-to-date module file ../../../Engine/Plugins/Developer/CLionSourceCodeAccess/Binaries/Win64/UE4Editor-CLionSourceCodeAccess.dll (API version 3944462).
LogModuleManager: Display: Found up-to-date module file ../../../Engine/Plugins/Developer/GitSourceControl/Binaries/Win64/UE4Editor-GitSourceControl.dll (API version 3944462).
LogModuleManager: Display: Found up-to-date module file ../../../Engine/Plugins/Developer/PerforceSourceControl/Binaries/Win64/UE4Editor-PerforceSourceControl.dll (API version 3944462).
LogModuleManager: Display: Found up-to-date module file ../../../Engine/Plugins/Developer/SubversionSourceControl/Binaries/Win64/UE4Editor-SubversionSourceControl.dll (API version 3944462).
LogModuleManager: Display: Found up-to-date module file ../../../Engine/Plugins/Developer/UObjectPlugin/Binaries/Win64/UE4Editor-UObjectPlugin.dll (API version 3944462).
LogModuleManager: Display: Found up-to-date module file ../../../Engine/Plugins/Developer/VisualStudioCodeSourceCodeAccess/Binaries/Win64/UE4Editor-VisualStudioCodeSourceCodeAccess.dll (API version 3944462).
LogModuleManager: Display: Found up-to-date module file ../../../Engine/Plugins/Developer/VisualStudioSourceCodeAccess/Binaries/Win64/UE4Editor-VisualStudioSourceCodeAccess.dll (API version 3944462).
LogModuleManager: Display: Found up-to-date module file ../../../Engine/Plugins/Editor/AssetManagerEditor/Binaries/Win64/UE4Editor-AssetManagerEditor.dll (API version 3944462).
LogModuleManager: Display: Found up-to-date module file ../../../Engine/Plugins/Editor/CryptoKeys/Binaries/Win64/UE4Editor-CryptoKeys.dll (API version 3944462).
LogModuleManager: Display: Found up-to-date module file ../../../Engine/Plugins/Editor/CryptoKeys/Binaries/Win64/UE4Editor-CryptoKeysOpenSSL.dll (API version 3944462).
LogModuleManager: Display: Found up-to-date module file ../../../Engine/Plugins/Editor/DataValidation/Binaries/Win64/UE4Editor-DataValidation.dll (API version 3944462).
LogModuleManager: Display: Found up-to-date module file ../../../Engine/Plugins/Editor/FacialAnimation/Binaries/Win64/UE4Editor-FacialAnimation.dll (API version 3944462).
LogModuleManager: Display: Found up-to-date module file ../../../Engine/Plugins/Editor/FacialAnimation/Binaries/Win64/UE4Editor-FacialAnimationEditor.dll (API version 3944462).
LogModuleManager: Display: Found up-to-date module file ../../../Engine/Plugins/Editor/GameplayTagsEditor/Binaries/Win64/UE4Editor-GameplayTagsEditor.dll (API version 3944462).
LogModuleManager: Display: Found up-to-date module file ../../../Engine/Plugins/Editor/MobileLauncherProfileWizard/Binaries/Win64/UE4Editor-MobileLauncherProfileWizard.dll (API version 3944462).
LogModuleManager: Display: Found up-to-date module file ../../../Engine/Plugins/Editor/PluginBrowser/Binaries/Win64/UE4Editor-PluginBrowser.dll (API version 3944462).
LogModuleManager: Display: Found up-to-date module file ../../../Engine/Plugins/Editor/SpeedTreeImporter/Binaries/Win64/UE4Editor-SpeedTreeImporter.dll (API version 3944462).
LogModuleManager: Display: Found up-to-date module file ../../../Engine/Plugins/Enterprise/DatasmithContent/Binaries/Win64/UE4Editor-DatasmithContent.dll (API version 3944462).
LogModuleManager: Display: Found up-to-date module file ../../../Engine/Plugins/Experimental/AlembicImporter/Binaries/Win64/UE4Editor-AlembicImporter.dll (API version 3944462).
LogModuleManager: Display: Found up-to-date module file ../../../Engine/Plugins/Experimental/AlembicImporter/Binaries/Win64/UE4Editor-AlembicLibrary.dll (API version 3944462).
LogModuleManager: Display: Found up-to-date module file ../../../Engine/Plugins/Experimental/CharacterAI/Binaries/Win64/UE4Editor-CharacterAI.dll (API version 3944462).
LogModuleManager: Display: Found up-to-date module file ../../../Engine/Plugins/Experimental/HTML5Networking/Binaries/Win64/UE4Editor-HTML5Networking.dll (API version 3944462).
LogModuleManager: Display: Found up-to-date module file ../../../Engine/Plugins/Media/AndroidMedia/Binaries/Win64/UE4Editor-AndroidMediaEditor.dll (API version 3944462).
LogModuleManager: Display: Found up-to-date module file ../../../Engine/Plugins/Media/AndroidMedia/Binaries/Win64/UE4Editor-AndroidMediaFactory.dll (API version 3944462).
LogModuleManager: Display: Found up-to-date module file ../../../Engine/Plugins/Media/AvfMedia/Binaries/Win64/UE4Editor-AvfMediaEditor.dll (API version 3944462).
LogModuleManager: Display: Found up-to-date module file ../../../Engine/Plugins/Media/AvfMedia/Binaries/Win64/UE4Editor-AvfMediaFactory.dll (API version 3944462).
LogModuleManager: Display: Found up-to-date module file ../../../Engine/Plugins/Media/AvfMedia/Binaries/Win64/UE4Editor-AvfMediaFactory.dll (API version 3944462).
LogModuleManager: Display: Found up-to-date module file ../../../Engine/Plugins/Media/ImgMedia/Binaries/Win64/UE4Editor-ImgMedia.dll (API version 3944462).
LogModuleManager: Display: Found up-to-date module file ../../../Engine/Plugins/Media/ImgMedia/Binaries/Win64/UE4Editor-ImgMediaEditor.dll (API version 3944462).
LogModuleManager: Display: Found up-to-date module file ../../../Engine/Plugins/Media/ImgMedia/Binaries/Win64/UE4Editor-ImgMediaFactory.dll (API version 3944462).
LogModuleManager: Display: Found up-to-date module file ../../../Engine/Plugins/Media/ImgMedia/Binaries/Win64/UE4Editor-ImgMediaFactory.dll (API version 3944462).
LogModuleManager: Display: Found up-to-date module file ../../../Engine/Plugins/Media/ImgMedia/Binaries/Win64/UE4Editor-OpenExrWrapper.dll (API version 3944462).
LogModuleManager: Display: Found up-to-date module file ../../../Engine/Plugins/Media/LinearTimecode/Binaries/Win64/UE4Editor-LinearTimecode.dll (API version 3944462).
LogModuleManager: Display: Found up-to-date module file ../../../Engine/Plugins/Media/MediaCompositing/Binaries/Win64/UE4Editor-MediaCompositing.dll (API version 3944462).
LogModuleManager: Display: Found up-to-date module file ../../../Engine/Plugins/Media/MediaCompositing/Binaries/Win64/UE4Editor-MediaCompositingEditor.dll (API version 3944462).
LogModuleManager: Display: Found up-to-date module file ../../../Engine/Plugins/Media/MediaPlayerEditor/Binaries/Win64/UE4Editor-MediaPlayerEditor.dll (API version 3944462).
LogModuleManager: Display: Found up-to-date module file ../../../Engine/Plugins/Media/WmfMedia/Binaries/Win64/UE4Editor-WmfMedia.dll (API version 3944462).
LogModuleManager: Display: Found up-to-date module file ../../../Engine/Plugins/Media/WmfMedia/Binaries/Win64/UE4Editor-WmfMediaEditor.dll (API version 3944462).
LogModuleManager: Display: Found up-to-date module file ../../../Engine/Plugins/Media/WmfMedia/Binaries/Win64/UE4Editor-WmfMediaFactory.dll (API version 3944462).
LogModuleManager: Display: Found up-to-date module file ../../../Engine/Plugins/Media/WmfMedia/Binaries/Win64/UE4Editor-WmfMediaFactory.dll (API version 3944462).
LogModuleManager: Display: Found up-to-date module file ../../../Engine/Plugins/Messaging/TcpMessaging/Binaries/Win64/UE4Editor-TcpMessaging.dll (API version 3944462).
LogModuleManager: Display: Found up-to-date module file ../../../Engine/Plugins/Messaging/UdpMessaging/Binaries/Win64/UE4Editor-UdpMessaging.dll (API version 3944462).
LogModuleManager: Display: Found up-to-date module file ../../../Engine/Plugins/MovieScene/ActorSequence/Binaries/Win64/UE4Editor-ActorSequence.dll (API version 3944462).
LogModuleManager: Display: Found up-to-date module file ../../../Engine/Plugins/MovieScene/LevelSequenceEditor/Binaries/Win64/UE4Editor-LevelSequenceEditor.dll (API version 3944462).
LogModuleManager: Display: Found up-to-date module file ../../../Engine/Plugins/MovieScene/MatineeToLevelSequence/Binaries/Win64/UE4Editor-MatineeToLevelSequence.dll (API version 3944462).
LogModuleManager: Display: Found up-to-date module file ../../../Engine/Plugins/NetcodeUnitTest/NetcodeUnitTest/Binaries/Win64/UE4Editor-NetcodeUnitTest.dll (API version 3944462).
LogModuleManager: Display: Found up-to-date module file ../../../Engine/Plugins/NetcodeUnitTest/NUTUnrealEngine4/Binaries/Win64/UE4Editor-NUTUnrealEngine4.dll (API version 3944462).
LogModuleManager: Display: Found up-to-date module file ../../../Engine/Plugins/Online/OnlineSubsystem/Binaries/Win64/UE4Editor-OnlineSubsystem.dll (API version 3944462).
LogModuleManager: Display: Found up-to-date module file ../../../Engine/Plugins/Runtime/AndroidPermission/Binaries/Win64/UE4Editor-AndroidPermission.dll (API version 3944462).
LogModuleManager: Display: Found up-to-date module file ../../../Engine/Plugins/Online/OnlineSubsystemNull/Binaries/Win64/UE4Editor-OnlineSubsystemNull.dll (API version 3944462).
LogModuleManager: Display: Found up-to-date module file ../../../Engine/Plugins/Online/OnlineSubsystemUtils/Binaries/Win64/UE4Editor-OnlineSubsystemUtils.dll (API version 3944462).
LogModuleManager: Display: Found up-to-date module file ../../../Engine/Plugins/Online/OnlineSubsystemUtils/Binaries/Win64/UE4Editor-OnlineBlueprintSupport.dll (API version 3944462).
LogModuleManager: Display: Found up-to-date module file ../../../Engine/Plugins/Runtime/AndroidDeviceProfileSelector/Binaries/Win64/UE4Editor-AndroidDeviceProfileSelector.dll (API version 3944462).
LogModuleManager: Display: Found up-to-date module file ../../../Engine/Plugins/Runtime/AppleARKit/Binaries/Win64/UE4Editor-AppleARKit.dll (API version 3944462).
LogModuleManager: Display: Found up-to-date module file ../../../Engine/Plugins/Runtime/ProceduralMeshComponent/Binaries/Win64/UE4Editor-ProceduralMeshComponent.dll (API version 3944462).
LogModuleManager: Display: Found up-to-date module file ../../../Engine/Plugins/Runtime/ProceduralMeshComponent/Binaries/Win64/UE4Editor-ProceduralMeshComponentEditor.dll (API version 3944462).
LogModuleManager: Display: Found up-to-date module file ../../../Engine/Plugins/Animation/LiveLink/Binaries/Win64/UE4Editor-LiveLink.dll (API version 3944462).
LogModuleManager: Display: Found up-to-date module file ../../../Engine/Plugins/Animation/LiveLink/Binaries/Win64/UE4Editor-LiveLinkEditor.dll (API version 3944462).
LogModuleManager: Display: Found up-to-date module file ../../../Engine/Plugins/Runtime/ArchVisCharacter/Binaries/Win64/UE4Editor-ArchVisCharacter.dll (API version 3944462).
LogModuleManager: Display: Found up-to-date module file ../../../Engine/Plugins/Runtime/AudioCapture/Binaries/Win64/UE4Editor-AudioCapture.dll (API version 3944462).
LogModuleManager: Display: Found up-to-date module file ../../../Engine/Plugins/Runtime/AudioCapture/Binaries/Win64/UE4Editor-AudioCaptureEditor.dll (API version 3944462).
LogModuleManager: Display: Found up-to-date module file ../../../Engine/Plugins/Runtime/CableComponent/Binaries/Win64/UE4Editor-CableComponent.dll (API version 3944462).
LogModuleManager: Display: Found up-to-date module file ../../../Engine/Plugins/Runtime/CustomMeshComponent/Binaries/Win64/UE4Editor-CustomMeshComponent.dll (API version 3944462).
LogModuleManager: Display: Found up-to-date module file ../../../Engine/Plugins/Runtime/ExampleDeviceProfileSelector/Binaries/Win64/UE4Editor-ExampleDeviceProfileSelector.dll (API version 3944462).
LogModuleManager: Display: Found up-to-date module file ../../../Engine/Plugins/Runtime/ImmediatePhysics/Binaries/Win64/UE4Editor-ImmediatePhysics.dll (API version 3944462).
LogModuleManager: Display: Found up-to-date module file ../../../Engine/Plugins/Runtime/ImmediatePhysics/Binaries/Win64/UE4Editor-ImmediatePhysicsEditor.dll (API version 3944462).
LogModuleManager: Display: Found up-to-date module file ../../../Engine/Plugins/Runtime/LocationServicesBPLibrary/Binaries/Win64/UE4Editor-LocationServicesBPLibrary.dll (API version 3944462).
LogModuleManager: Display: Found up-to-date module file ../../../Engine/Plugins/Runtime/MobilePatchingUtils/Binaries/Win64/UE4Editor-MobilePatchingUtils.dll (API version 3944462).
LogModuleManager: Display: Found up-to-date module file ../../../Engine/Plugins/Runtime/Oculus/OculusVR/Binaries/Win64/UE4Editor-OculusHMD.dll (API version 3944462).
LogModuleManager: Display: Found up-to-date module file ../../../Engine/Plugins/Runtime/Oculus/OculusVR/Binaries/Win64/UE4Editor-OculusInput.dll (API version 3944462).
LogModuleManager: Display: Found up-to-date module file ../../../Engine/Plugins/Runtime/Oculus/OculusVR/Binaries/Win64/UE4Editor-OculusEditor.dll (API version 3944462).
LogModuleManager: Display: Found up-to-date module file ../../../Engine/Plugins/Runtime/PhysXVehicles/Binaries/Win64/UE4Editor-PhysXVehicles.dll (API version 3944462).
LogModuleManager: Display: Found up-to-date module file ../../../Engine/Plugins/Runtime/PhysXVehicles/Binaries/Win64/UE4Editor-PhysXVehiclesEditor.dll (API version 3944462).
LogModuleManager: Display: Found up-to-date module file ../../../Engine/Plugins/Runtime/RuntimePhysXCooking/Binaries/Win64/UE4Editor-RuntimePhysXCooking.dll (API version 3944462).
LogModuleManager: Display: Found up-to-date module file ../../../Engine/Plugins/Runtime/Steam/SteamVR/Binaries/Win64/UE4Editor-SteamVR.dll (API version 3944462).
LogModuleManager: Display: Found up-to-date module file ../../../Engine/Plugins/Runtime/Steam/SteamVR/Binaries/Win64/UE4Editor-SteamVRController.dll (API version 3944462).
LogModuleManager: Display: Found up-to-date module file ../../../Engine/Plugins/Runtime/WindowsMoviePlayer/Binaries/Win64/UE4Editor-WindowsMoviePlayer.dll (API version 3944462).
LogPluginManager: Mounting plugin Paper2D
LogPluginManager: Mounting plugin LiveLink
LogPluginManager: Mounting plugin LightPropagationVolume
LogPluginManager: Mounting plugin CLionSourceCodeAccess
LogPluginManager: Mounting plugin CodeLiteSourceCodeAccess
LogPluginManager: Mounting plugin GitSourceControl
LogPluginManager: Mounting plugin KDevelopSourceCodeAccess
LogPluginManager: Mounting plugin NullSourceCodeAccess
LogPluginManager: Mounting plugin PerforceSourceControl
LogPluginManager: Mounting plugin SubversionSourceControl
LogPluginManager: Mounting plugin UObjectPlugin
LogPluginManager: Mounting plugin VisualStudioCodeSourceCodeAccess
LogPluginManager: Mounting plugin VisualStudioSourceCodeAccess
LogPluginManager: Mounting plugin XCodeSourceCodeAccess
LogPluginManager: Mounting plugin AssetManagerEditor
LogPluginManager: Mounting plugin CryptoKeys
LogPluginManager: Mounting plugin DataValidation
LogPluginManager: Mounting plugin FacialAnimation
LogPluginManager: Mounting plugin GameplayTagsEditor
LogPluginManager: Mounting plugin MobileLauncherProfileWizard
LogPluginManager: Mounting plugin PluginBrowser
LogPluginManager: Mounting plugin SpeedTreeImporter
LogPluginManager: Mounting plugin DatasmithContent
LogPluginManager: Mounting plugin AlembicImporter
LogPluginManager: Mounting plugin CharacterAI
LogPluginManager: Mounting plugin HTML5Networking
LogPluginManager: Mounting plugin Substance
LogPluginManager: Mounting plugin AndroidMedia
LogPluginManager: Mounting plugin AvfMedia
LogPluginManager: Mounting plugin ImgMedia
LogPluginManager: Mounting plugin LinearTimecode
LogPluginManager: Mounting plugin MediaCompositing
LogPluginManager: Mounting plugin MediaPlayerEditor
LogPluginManager: Mounting plugin WmfMedia
LogPluginManager: Mounting plugin TcpMessaging
LogPluginManager: Mounting plugin UdpMessaging
LogPluginManager: Mounting plugin ActorSequence
LogPluginManager: Mounting plugin LevelSequenceEditor
LogPluginManager: Mounting plugin MatineeToLevelSequence
LogPluginManager: Mounting plugin NetcodeUnitTest
LogPluginManager: Mounting plugin NUTUnrealEngine4
LogPluginManager: Mounting plugin OnlineSubsystemGooglePlay
LogPluginManager: Mounting plugin OnlineSubsystemIOS
LogPluginManager: Mounting plugin OnlineSubsystem
LogPluginManager: Mounting plugin OnlineSubsystemNull
LogPluginManager: Mounting plugin OnlineSubsystemUtils
LogPluginManager: Mounting plugin AndroidDeviceProfileSelector
LogPluginManager: Mounting plugin AndroidMoviePlayer
LogPluginManager: Mounting plugin AndroidPermission
LogPluginManager: Mounting plugin AppleARKit
LogPluginManager: Mounting plugin AppleMoviePlayer
LogPluginManager: Mounting plugin ArchVisCharacter
LogPluginManager: Mounting plugin AudioCapture
LogPluginManager: Mounting plugin CableComponent
LogPluginManager: Mounting plugin CustomMeshComponent
LogPluginManager: Mounting plugin ExampleDeviceProfileSelector
LogPluginManager: Mounting plugin GoogleCloudMessaging
LogPluginManager: Mounting plugin ImmediatePhysics
LogPluginManager: Mounting plugin IOSDeviceProfileSelector
LogPluginManager: Mounting plugin LinuxDeviceProfileSelector
LogPluginManager: Mounting plugin LocationServicesBPLibrary
LogPluginManager: Mounting plugin MobilePatchingUtils
LogPluginManager: Mounting plugin OculusVR
LogPluginManager: Plugin shader directory ../../../Engine/Plugins/Runtime/Oculus/OculusVR/Shaders found
LogPluginManager: Mapping shader source directory ../../../Engine/Plugins/Runtime/Oculus/OculusVR/Shaders to virtual directory /Plugin/OculusVR
LogPluginManager: Mounting plugin PhysXVehicles
LogPluginManager: Mounting plugin ProceduralMeshComponent
LogPluginManager: Mounting plugin RuntimePhysXCooking
LogPluginManager: Mounting plugin SteamVR
LogPluginManager: Mounting plugin WindowsMoviePlayer
LogStreaming: Display: Took  1.950s to configure plugins.
LogInit: Using libcurl 7.47.1
LogInit:  - built for x86_64-pc-win32
LogInit:  - supports SSL with OpenSSL/1.0.2g
LogInit:  - supports HTTP deflate (compression) using libz 1.2.8
LogInit:  - other features:
LogInit:      CURL_VERSION_SSL
LogInit:      CURL_VERSION_LIBZ
LogInit:      CURL_VERSION_IPV6
LogInit:      CURL_VERSION_ASYNCHDNS
LogInit:      CURL_VERSION_LARGEFILE
LogInit:      CURL_VERSION_IDN
LogInit:  CurlRequestOptions (configurable via config and command line):
LogInit:  - bVerifyPeer = false  - Libcurl will NOT verify peer certificate
LogInit:  - bUseHttpProxy = false  - Libcurl will NOT use HTTP proxy
LogInit:  - bDontReuseConnections = false  - Libcurl will reuse connections
LogInit:  - CertBundlePath = nullptr  - Libcurl will use whatever was configured at build time.
LogInit:  - MaxHostConnections = 16  - Libcurl will limit the number of connections to a host
LogInit:  - LocalHostAddr = Default
LogInit: WinSock: version 1.1 (2.2), MaxSocks=32767, MaxUdp=65467
LogInit: WinSock: I am DESKTOP-B1PIVCR (172.26.92.189:0)
LogHMD: Failed initializing OVRPlugin 1.21.0
LogInit: Build: ++UE4+Release-4.19-CL-3944462
LogInit: Engine Version: 4.19.0-3944462+++UE4+Release-4.19
LogInit: Compatible Engine Version: 4.19.0-3944462+++UE4+Release-4.19
LogInit: Net CL: 3944462
LogDevObjectVersion: Number of dev versions registered: 18
LogDevObjectVersion:   Dev-Blueprints (B0D832E4-1F89-4F0D-ACCF-7EB736FD4AA2): 10
LogDevObjectVersion:   Dev-Build (E1C64328-A22C-4D53-A36C-8E866417BD8C): 0
LogDevObjectVersion:   Dev-Core (375EC13C-06E4-48FB-B500-84F0262A717E): 2
LogDevObjectVersion:   Dev-Editor (E4B068ED-F494-42E9-A231-DA0B2E46BB41): 23
LogDevObjectVersion:   Dev-Framework (CFFC743F-43B0-4480-9391-14DF171D2073): 33
LogDevObjectVersion:   Dev-Mobile (B02B49B5-BB20-44E9-A304-32B752E40360): 2
LogDevObjectVersion:   Dev-Networking (A4E4105C-59A1-49B5-A7C5-40C4547EDFEE): 0
LogDevObjectVersion:   Dev-Online (39C831C9-5AE6-47DC-9A44-9C173E1C8E7C): 0
LogDevObjectVersion:   Dev-Physics (78F01B33-EBEA-4F98-B9B4-84EACCB95AA2): 0
LogDevObjectVersion:   Dev-Platform (6631380F-2D4D-43E0-8009-CF276956A95A): 0
LogDevObjectVersion:   Dev-Rendering (12F88B9F-8875-4AFC-A67C-D90C383ABD29): 25
LogDevObjectVersion:   Dev-Sequencer (7B5AE74C-D270-4C10-A958-57980B212A5A): 6
LogDevObjectVersion:   Dev-VR (D7296918-1DD6-4BDD-9DE2-64A83CC13884): 1
LogDevObjectVersion:   Dev-LoadTimes (C2A15278-BFE7-4AFE-6C17-90FF531DF755): 1
LogDevObjectVersion:   Private-Geometry (6EACA3D4-40EC-4CC1-B786-8BED09428FC5): 2
LogDevObjectVersion:   Dev-AnimPhys (29E575DD-E0A3-4627-9D10-D276232CDCEA): 16
LogDevObjectVersion:   Dev-ReflectionCapture (6B266CEC-1EC7-4B8F-A30B-E4D90942FC07): 1
LogDevObjectVersion:   Dev-Automation (0DF73D61-A23F-47EA-B727-89E90C41499A): 1
LogInit: Compiled (64-bit): Mar 13 2018 23:12:32
LogInit: Compiled with Visual C++: 19.00.24215.01
LogInit: Build Configuration: Development
LogInit: Branch Name: ++UE4+Release-4.19
LogInit: Command Line:  
LogInit: Base Directory: F:/Unreal/UE_4.19/Engine/Binaries/Win64/
LogInit: Installed Engine Build: 1
LogStreaming: Display: Took  0.001s to delete old logs.
LogInit: Presizing for max 8388607 objects, including 0 objects not considered by GC, pre-allocating 0 bytes for permanent pool.
LogInit: Object subsystem initialized
[2018.04.07-21.18.44:697][  0]LogInit: Selected Device Profile: [Windows]
[2018.04.07-21.18.44:697][  0]LogInit: Applying CVar settings loaded from the selected device profile: [Windows]
[2018.04.07-21.18.44:709][  0]LogInit: Computer: DESKTOP-B1PIVCR
[2018.04.07-21.18.44:709][  0]LogInit: User: NicholasSchaffer
[2018.04.07-21.18.44:709][  0]LogInit: CPU Page size=4096, Cores=4
[2018.04.07-21.18.44:709][  0]LogInit: High frequency timer resolution =3.914058 MHz
[2018.04.07-21.18.44:709][  0]LogMemory: Memory total: Physical=31.9GB (32GB approx)
[2018.04.07-21.18.44:709][  0]LogMemory: Platform Memory Stats for Windows
[2018.04.07-21.18.44:709][  0]LogMemory: Process Physical Memory: 279.87 MB used, 279.87 MB peak
[2018.04.07-21.18.44:709][  0]LogMemory: Process Virtual Memory: 269.25 MB used, 269.25 MB peak
[2018.04.07-21.18.44:709][  0]LogMemory: Physical Memory: 5916.18 MB used,  26766.95 MB free, 32683.13 MB total
[2018.04.07-21.18.44:709][  0]LogMemory: Virtual Memory: 742.96 MB used,  26766.95 MB free, 134217728.00 MB total
[2018.04.07-21.18.44:874][  0]LogInit: Using OS detected language (en-US).
[2018.04.07-21.18.44:874][  0]LogInit: Using OS detected locale (en-US).
[2018.04.07-21.18.44:879][  0]LogTextLocalizationManager: No specific localization for 'en-US' exists, so the 'en' localization will be used.
[2018.04.07-21.18.45:211][  0]LogStreaming: Display: Took  0.337s to EndInitTextLocalization.
[2018.04.07-21.18.45:211][  0]LogInit: Setting process to per monitor DPI aware
[2018.04.07-21.18.45:263][  0]LogSlate: New Slate User Created.  User Index 0, Is Virtual User: 0
[2018.04.07-21.18.45:263][  0]LogSlate: Slate User Registered.  User Index 0, Is Virtual User: 0
[2018.04.07-21.18.45:491][  0]LogD3D11RHI: D3D11 adapters:
[2018.04.07-21.18.45:642][  0]LogD3D11RHI:    0. 'NVIDIA GeForce GTX 1080' (Feature Level 11_0)
[2018.04.07-21.18.45:642][  0]LogD3D11RHI:       8079/0/16341 MB DedicatedVideo/DedicatedSystem/SharedSystem, Outputs:2, VendorId:0x10de
[2018.04.07-21.18.45:644][  0]LogD3D11RHI:    1. 'Microsoft Basic Render Driver' (Feature Level 11_0)
[2018.04.07-21.18.45:644][  0]LogD3D11RHI:       0/0/16341 MB DedicatedVideo/DedicatedSystem/SharedSystem, Outputs:0, VendorId:0x1414
[2018.04.07-21.18.45:644][  0]LogD3D11RHI: Chosen D3D11 Adapter: 0
[2018.04.07-21.18.45:652][  0]LogD3D11RHI: Creating new Direct3DDevice
[2018.04.07-21.18.45:652][  0]LogD3D11RHI:     GPU DeviceId: 0x1b80 (for the marketing name, search the web for "GPU Device Id")
[2018.04.07-21.18.45:652][  0]LogWindows: EnumDisplayDevices:
[2018.04.07-21.18.45:653][  0]LogWindows:    0. 'NVIDIA GeForce GTX 1080' (P:0 D:1)
[2018.04.07-21.18.45:653][  0]LogWindows:    1. 'NVIDIA GeForce GTX 1080' (P:1 D:1)
[2018.04.07-21.18.45:653][  0]LogWindows:    2. 'NVIDIA GeForce GTX 1080' (P:0 D:0)
[2018.04.07-21.18.45:653][  0]LogWindows:    3. 'NVIDIA GeForce GTX 1080' (P:0 D:0)
[2018.04.07-21.18.45:653][  0]LogWindows: DebugString: GetVideoDriverDetailsInvalid PrimaryIsNotTheChoosenAdapter GetVideoDriverDetailsInvalid PrimaryIsNotTheChoosenAdapter GetVideoDriverDetailsInvalid PrimaryIsNotTheChoosenAdapter GetVideoDriverDetailsInvalid PrimaryIsNotTheChoosenAdapter FoundDriverCount:0 
[2018.04.07-21.18.45:653][  0]LogD3D11RHI:     Adapter Name: NVIDIA GeForce GTX 1080
[2018.04.07-21.18.45:653][  0]LogD3D11RHI:   Driver Version: Unknown (internal:Unknown, unified:Unknown)
[2018.04.07-21.18.45:653][  0]LogD3D11RHI:      Driver Date: Unknown
[2018.04.07-21.18.45:653][  0]LogRHI: Texture pool is 5655 MB (70% of 8079 MB)
[2018.04.07-21.18.45:681][  0]LogD3D11RHI: [Aftermath] Aftermath enabled and primed
[2018.04.07-21.18.45:681][  0]LogD3D11RHI: Async texture creation enabled
[2018.04.07-21.18.45:697][  0]LogD3D11RHI: GPU Timing Frequency: 1000.000000 (Debug: 2 2)
[2018.04.07-21.18.45:781][  0]LogShaderCompilers: Guid format shader working directory is 3 characters bigger than the processId version (../../../../../Repositories/WesTurner/TroubleInTheWesT/Intermediate/Shaders/WorkingDirectory/55424/).
[2018.04.07-21.18.45:781][  0]LogShaderCompilers: Cleaned the shader compiler working directory 'C:/Users/Nicholas Schaffer/AppData/Local/Temp/UnrealShaderWorkingDir/2EFE4C834BF443F822B7FBAAB8CCCC40/'.
[2018.04.07-21.18.46:224][  0]LogTemp: Display: Loaded TP AllDesktopTargetPlatform
[2018.04.07-21.18.46:248][  0]LogTemp: Display: Loaded TP MacClientTargetPlatform
[2018.04.07-21.18.46:272][  0]LogTemp: Display: Loaded TP MacNoEditorTargetPlatform
[2018.04.07-21.18.46:296][  0]LogTemp: Display: Loaded TP MacServerTargetPlatform
[2018.04.07-21.18.46:320][  0]LogTemp: Display: Loaded TP MacTargetPlatform
[2018.04.07-21.18.46:343][  0]LogTemp: Display: Loaded TP WindowsClientTargetPlatform
[2018.04.07-21.18.46:368][  0]LogTemp: Display: Loaded TP WindowsNoEditorTargetPlatform
[2018.04.07-21.18.46:390][  0]LogTemp: Display: Loaded TP WindowsServerTargetPlatform
[2018.04.07-21.18.46:407][  0]LogTemp: Display: Loaded TP WindowsTargetPlatform
[2018.04.07-21.18.46:426][  0]LogTemp: Display: Loaded TP Android_ASTCTargetPlatform
[2018.04.07-21.18.46:444][  0]LogTemp: Display: Loaded TP Android_ATCTargetPlatform
[2018.04.07-21.18.46:463][  0]LogTemp: Display: Loaded TP Android_DXTTargetPlatform
[2018.04.07-21.18.46:482][  0]LogTemp: Display: Loaded TP Android_ETC1aTargetPlatform
[2018.04.07-21.18.46:501][  0]LogTemp: Display: Loaded TP Android_ETC1TargetPlatform
[2018.04.07-21.18.46:520][  0]LogTemp: Display: Loaded TP Android_ETC2TargetPlatform
[2018.04.07-21.18.46:557][  0]LogTemp: Display: Loaded TP Android_MultiTargetPlatform
[2018.04.07-21.18.46:557][  0]LogTemp: Display: Loaded TP Android_PVRTCTargetPlatform
[2018.04.07-21.18.46:576][  0]LogTemp: Display: Loaded TP AndroidTargetPlatform
[2018.04.07-21.18.46:586][  0]LogTemp: Display: Loaded TP HTML5TargetPlatform
[2018.04.07-21.18.46:653][  0]LogTemp: Display: Loaded TP IOSTargetPlatform
[2018.04.07-21.18.46:670][  0]LogTemp: Display: Loaded TP TVOSTargetPlatform
[2018.04.07-21.18.46:689][  0]LogTemp: Display: Loaded TP LinuxClientTargetPlatform
[2018.04.07-21.18.46:708][  0]LogTemp: Display: Loaded TP LinuxNoEditorTargetPlatform
[2018.04.07-21.18.46:726][  0]LogTemp: Display: Loaded TP LinuxServerTargetPlatform
[2018.04.07-21.18.46:745][  0]LogTemp: Display: Loaded TP LinuxTargetPlatform
[2018.04.07-21.18.46:745][  0]LogTargetPlatformManager: Display: Building Assets For Windows
[2018.04.07-21.18.47:218][  0]LogXGEController: Cleaning working directory: C:/Users/Nicholas Schaffer/AppData/Local/Temp/UnrealXGEWorkingDir/
[2018.04.07-21.18.47:218][  0]LogXGEController: Cannot use XGE Controller as Incredibuild is not installed on this machine.
[2018.04.07-21.18.47:218][  0]LogShaderCompilers: Cannot use XGE Shader Compiler as Incredibuild is not installed on this machine.
[2018.04.07-21.18.47:218][  0]LogShaderCompilers: Display: Using Local Shader Compiler.
[2018.04.07-21.18.47:754][  0]LogDerivedDataCache: Display: Max Cache Size: 512 MB
[2018.04.07-21.18.47:802][  0]LogDerivedDataCache: Loaded boot cache 0.05s 74MB C:/Users/Nicholas Schaffer/AppData/Local/UnrealEngine/4.19/DerivedDataCache/Boot.ddc.
[2018.04.07-21.18.47:802][  0]LogDerivedDataCache: Display: Loaded Boot cache: C:/Users/Nicholas Schaffer/AppData/Local/UnrealEngine/4.19/DerivedDataCache/Boot.ddc
[2018.04.07-21.18.47:802][  0]LogDerivedDataCache: FDerivedDataBackendGraph:  Pak pak cache file ../../../../../Repositories/WesTurner/TroubleInTheWesT/DerivedDataCache/DDC.ddp not found, will not use a pak cache.
[2018.04.07-21.18.47:802][  0]LogDerivedDataCache: Unable to find inner node Pak for hierarchical cache Hierarchy.
[2018.04.07-21.18.47:802][  0]LogDerivedDataCache: FDerivedDataBackendGraph:  CompressedPak pak cache file ../../../../../Repositories/WesTurner/TroubleInTheWesT/DerivedDataCache/Compressed.ddp not found, will not use a pak cache.
[2018.04.07-21.18.47:802][  0]LogDerivedDataCache: Unable to find inner node CompressedPak for hierarchical cache Hierarchy.
[2018.04.07-21.18.47:815][  0]LogDerivedDataCache: Display: Pak cache opened for reading ../../../Engine/DerivedDataCache/Compressed.ddp.
[2018.04.07-21.18.47:828][  0]LogDerivedDataCache: Using Local data cache path C:/Users/Nicholas Schaffer/Desktop/IceCoveMelee/LocalDerivedDataCache: Writable
[2018.04.07-21.18.47:837][  0]LogMaterial: Verifying Global Shaders for PCD3D_SM5
[2018.04.07-21.18.47:837][  0]LogSlate: Using Freetype 2.6.0
[2018.04.07-21.18.47:838][  0]LogSlate: SlateFontCache - WITH_FREETYPE: 1, WITH_HARFBUZZ: 1
[2018.04.07-21.18.47:838][  0]LogSlate: SlateFontCache - WITH_FREETYPE: 1, WITH_HARFBUZZ: 1
[2018.04.07-21.18.48:004][  0]LogAssetRegistry: FAssetRegistry took 0.0261 seconds to start up
[2018.04.07-21.18.48:236][  0]LogInit: Selected Device Profile: [Windows]
[2018.04.07-21.18.48:531][  0]LogSimplygon: Simplygon DLL not present - disabling.
[2018.04.07-21.18.48:548][  0]LogMeshReduction: Using SimplygonSwarm for distributed automatic mesh merging
[2018.04.07-21.18.48:548][  0]LogMeshReduction: Using QuadricMeshReduction for automatic static mesh reduction
[2018.04.07-21.18.48:548][  0]LogMeshReduction: No automatic skeletal mesh reduction module available
[2018.04.07-21.18.48:548][  0]LogMeshReduction: No automatic mesh merging module available
[2018.04.07-21.18.48:548][  0]LogMeshMerging: No automatic mesh merging module available
[2018.04.07-21.18.48:600][  0]LogNetVersion: TroubleInTheWesT , NetCL: 3944462, EngineNetVer: 2, GameNetVer: 0 (Checksum: 3486453497)
[2018.04.07-21.18.48:951][  0]LogPackageLocalizationCache: Processed 9 localized package path(s) for 2 prioritized culture(s) in 0.075165 seconds
[2018.04.07-21.18.48:955][  0]LogUObjectArray: 36728 objects as part of root set at end of initial load.
[2018.04.07-21.18.48:955][  0]LogUObjectAllocator: 7314312 out of 0 bytes used by permanent object pool.
[2018.04.07-21.18.48:955][  0]LogUObjectArray: CloseDisregardForGC: 0/0 objects in disregard for GC pool
[2018.04.07-21.18.51:435][  0]LogSubstanceCoreModule: Substance [CPU] Engine Loaded, Max Texture Size = 2048
[2018.04.07-21.18.51:490][  0]LogTcpMessaging: Initializing TcpMessaging bridge
[2018.04.07-21.18.51:550][  0]LogUdpMessaging: Initializing bridge on interface 0.0.0.0:0 to multicast group 230.0.0.1:6666.
[2018.04.07-21.18.52:310][  0]SourceControl: Source control is disabled
[2018.04.07-21.18.52:310][  0]LogWindows: Warning: CreateProc failed: The system cannot find the file specified. (0x00000002)
[2018.04.07-21.18.52:310][  0]LogWindows: Warning: URL: C:/Program Files/Git/bin/git.exe version
[2018.04.07-21.18.52:310][  0]LogWindows: Warning: CreateProc failed: The system cannot find the file specified. (0x00000002)
[2018.04.07-21.18.52:310][  0]LogWindows: Warning: URL: C:/Program Files (x86)/Git/bin/git.exe version
[2018.04.07-21.18.52:310][  0]LogWindows: Warning: CreateProc failed: Access is denied. (0x00000005)
[2018.04.07-21.18.52:310][  0]LogWindows: Warning: URL: C:\Users\Nicholas Schaffer\AppData\Local/Programs/Git/cmd/git.exe version
[2018.04.07-21.18.52:311][  0]LogWindows: Warning: CreateProc failed: The system cannot find the file specified. (0x00000002)
[2018.04.07-21.18.52:311][  0]LogWindows: Warning: URL: C:/Program Files (x86)/SmartGit/git/bin/git.exe version
[2018.04.07-21.18.52:311][  0]LogWindows: Warning: CreateProc failed: The system cannot find the file specified. (0x00000002)
[2018.04.07-21.18.52:311][  0]LogWindows: Warning: URL: C:/Program Files (x86)/SmartGit/bin/git.exe version
[2018.04.07-21.18.54:700][  0]LogAndroidPermission: UAndroidPermissionCallbackProxy::GetInstance
[2018.04.07-21.18.55:058][  0]LogOcInput: OculusInput pre-init called
[2018.04.07-21.18.55:468][  0]LogEngine: Initializing Engine...
[2018.04.07-21.18.55:562][  0]LogHMD: Failed to initialize OpenVR with code 126
[2018.04.07-21.18.55:563][  0]LogStats: UGameplayTagsManager::ConstructGameplayTagTree: Construct from data asset -  0.000 s
[2018.04.07-21.18.55:563][  0]LogStats: UGameplayTagsManager::ConstructGameplayTagTree: GameplayTagTreeChangedEvent.Broadcast -  0.000 s
[2018.04.07-21.18.55:758][  0]LogAIModule: Creating AISystem for world Untitled
[2018.04.07-21.18.55:785][  0]LogInit: XAudio2 using 'Speakers (Realtek High Definition Audio)' : 2 channels at 48 kHz using 32 bits per sample (channel mask 0x3)
[2018.04.07-21.18.55:935][  0]LogInit: FAudioDevice initialized.
[2018.04.07-21.18.56:003][  0]LogDerivedDataCache: Saved boot cache 0.07s 74MB C:/Users/Nicholas Schaffer/AppData/Local/UnrealEngine/4.19/DerivedDataCache/Boot.ddc.
[2018.04.07-21.18.56:009][  0]LogInit: Texture streaming: Enabled
[2018.04.07-21.18.56:069][  0]LogEngineSessionManager: EngineSessionManager initialized
[2018.04.07-21.18.56:101][  0]LogInit: Transaction tracking system initialized
[2018.04.07-21.18.56:191][  0]BlueprintLog: New page: Editor Load
[2018.04.07-21.18.56:518][  0]LocalizationService: Localization service is disabled
[2018.04.07-21.18.56:821][  0]LogConsoleResponse: Display: 
[2018.04.07-21.18.56:936][  0]LogCook: Display: Max memory allowance for cook 16384mb min free memory 0mb
[2018.04.07-21.18.56:936][  0]LogCook: Display: Mobile HDR setting 1
[2018.04.07-21.18.56:936][  0]LogGameplayTags: Display: UGameplayTagsManager::DoneAddingNativeTags. DelegateIsBound: 0
[2018.04.07-21.18.56:936][  0]LogStats: UGameplayTagsManager::ConstructGameplayTagTree: Construct from data asset -  0.000 s
[2018.04.07-21.18.56:936][  0]LogStats: UGameplayTagsManager::ConstructGameplayTagTree: GameplayTagTreeChangedEvent.Broadcast -  0.000 s
[2018.04.07-21.18.57:831][  0]LogFileCache: Scanning file cache for directory 'F:/Repositories/WesTurner/TroubleInTheWesT/Content/' took 0.02s
[2018.04.07-21.18.57:850][  0]Cmd: MAP LOAD FILE="../../../../../Repositories/WesTurner/TroubleInTheWesT/Content/OldeTown.umap" TEMPLATE=0 SHOWPROGRESS=1 FEATURELEVEL=3
[2018.04.07-21.18.57:850][  0]LightingResults: New page: Lighting Build
[2018.04.07-21.18.57:856][  0]MapCheck: New page: Map Check
[2018.04.07-21.18.57:856][  0]LightingResults: New page: Lighting Build
[2018.04.07-21.18.58:638][  0]LogSkeletalMesh: Skeletal Mesh found in DDC [1.736561ms] /Game/WesTurner_Character/SK_Mannequin_Arms.SK_Mannequin_Arms
[2018.04.07-21.18.58:721][  0]LogAIModule: Creating AISystem for world OldeTown
[2018.04.07-21.18.58:833][  0]LogEditorServer: Finished looking for orphan Actors (0.000 secs)
[2018.04.07-21.18.58:849][  0]Cmd: MAP CHECKDEP NOCLEARLOG
[2018.04.07-21.18.58:905][  0]MapCheck: Map check complete: 0 Error(s), 0 Warning(s), took 56.05ms to complete.
[2018.04.07-21.18.58:905][  0]LogFileHelpers: Loading map 'OldeTown' took 1.055
[2018.04.07-21.18.59:054][  0]LogCollectionManager: Loaded 0 collections in 0.004495 seconds
[2018.04.07-21.18.59:104][  0]LogFileCache: Scanning file cache for directory 'F:/Repositories/WesTurner/TroubleInTheWesT/Saved/Collections/' took 0.01s
[2018.04.07-21.18.59:104][  0]LogFileCache: Scanning file cache for directory 'F:/Repositories/WesTurner/TroubleInTheWesT/Content/Developers/NicholasSchaffer/Collections/' took 0.01s
[2018.04.07-21.18.59:104][  0]LogFileCache: Scanning file cache for directory 'F:/Repositories/WesTurner/TroubleInTheWesT/Content/Collections/' took 0.01s
[2018.04.07-21.18.59:104][  0]LogCollectionManager: Rebuilt the GUID cache for 0 collections in 0.000000 seconds
[2018.04.07-21.18.59:111][  0]LogContentBrowser: Native class hierarchy populated in 0.0071 seconds. Added 2466 classes and 564 folders.
[2018.04.07-21.18.59:121][  0]LogContentBrowser: Native class hierarchy updated for 'WidgetCarousel' in 0.0002 seconds. Added 0 classes and 0 folders.
[2018.04.07-21.18.59:235][  0]LogContentBrowser: Native class hierarchy updated for 'AddContentDialog' in 0.0002 seconds. Added 0 classes and 0 folders.
[2018.04.07-21.18.59:255][  0]LogContentBrowser: Native class hierarchy updated for 'SceneOutliner' in 0.0002 seconds. Added 1 classes and 2 folders.
[2018.04.07-21.18.59:270][  0]LogSlate: Took 0.000218 seconds to synchronously load lazily loaded font '../../../Engine/Content/Slate/Fonts/Roboto-Regular.ttf' (155K)
[2018.04.07-21.18.59:271][  0]LogSlate: Took 0.000215 seconds to synchronously load lazily loaded font '../../../Engine/Content/Slate/Fonts/Roboto-Bold.ttf' (160K)
[2018.04.07-21.18.59:276][  0]LogSlate: Took 0.000217 seconds to synchronously load lazily loaded font '../../../Engine/Content/Editor/Slate/Fonts/FontAwesome.ttf' (139K)
[2018.04.07-21.18.59:363][  0]LogRenderer: Reallocating scene render targets to support 1616x836 Format 10 NumSamples 1 (Frame:1).
[2018.04.07-21.18.59:539][  0]LogContentBrowser: Native class hierarchy updated for 'HierarchicalLODOutliner' in 0.0002 seconds. Added 0 classes and 0 folders.
[2018.04.07-21.18.59:539][  0]LogLoad: (Engine Initialization) Total time: 20.01 seconds
[2018.04.07-21.18.59:539][  0]LogLoad: (Engine Initialization) Total Blueprint compile time: 0.00 seconds
[2018.04.07-21.18.59:548][  0]LogWindowsTextInputMethodSystem: Display: IME system now deactivated.
[2018.04.07-21.18.59:568][  0]LogContentStreaming: Texture pool size now 1000 MB
[2018.04.07-21.18.59:605][  1]LogSubstanceLiveLink: Warning: Unable to send data along socket, closing connection
[2018.04.07-21.18.59:618][  1]LogAssetRegistry: Asset discovery search completed in 11.6366 seconds
[2018.04.07-21.18.59:620][  1]LogCollectionManager: Rebuilt the object cache for 0 collections in 0.000001 seconds (found 0 objects)
[2018.04.07-21.18.59:620][  1]LogCollectionManager: Fixed up redirectors for 0 collections in 0.000115 seconds (updated 0 objects)
[2018.04.07-21.19.27:102][184]LogSlate: FSceneViewport::OnFocusLost() reason 0
[2018.04.07-21.19.27:184][185]LogTemp: Repeating last play command: Selected Viewport
[2018.04.07-21.19.27:198][185]LogPlayLevel: PlayLevel: No blueprints needed recompiling
[2018.04.07-21.19.27:199][185]PIE: New page: PIE session: OldeTown (Apr 7, 2018, 1:19:27 PM)
[2018.04.07-21.19.27:199][185]LogPlayLevel: Creating play world package: /Game/UEDPIE_0_OldeTown
[2018.04.07-21.19.27:376][185]LogPlayLevel: PIE: StaticDuplicateObject took: (0.177165s)
[2018.04.07-21.19.27:377][185]LogAIModule: Creating AISystem for world OldeTown
[2018.04.07-21.19.27:377][185]LogPlayLevel: PIE: World Init took: (0.000569s)
[2018.04.07-21.19.27:377][185]LogPlayLevel: PIE: Created PIE world by copying editor world from /Game/OldeTown.OldeTown to /Game/UEDPIE_0_OldeTown.OldeTown (0.178014s)
[2018.04.07-21.19.27:401][185]LogInit: XAudio2 using 'Speakers (Realtek High Definition Audio)' : 2 channels at 48 kHz using 32 bits per sample (channel mask 0x3)
[2018.04.07-21.19.27:413][185]LogInit: FAudioDevice initialized.
[2018.04.07-21.19.27:456][185]LogLoad: Game class is 'FirstPersonGameMode_C'
[2018.04.07-21.19.27:474][185]LogWorld: Bringing World /Game/UEDPIE_0_OldeTown.OldeTown up for play (max tick rate 0) at 2018.04.07-17.19.27
[2018.04.07-21.19.27:474][185]LogWorld: Bringing up level for play took: 0.017010
[2018.04.07-21.19.27:479][185]LogContentBrowser: Native class hierarchy updated for 'MovieSceneCapture' in 0.0002 seconds. Added 11 classes and 0 folders.
[2018.04.07-21.19.27:482][185]PIE: Play in editor start time for /Game/UEDPIE_0_OldeTown -0.585
[2018.04.07-21.21.19:799][823]LogSlate: FSceneViewport::OnFocusLost() reason 0
[2018.04.07-21.21.22:591][909]LogSlate: Took 0.000238 seconds to synchronously load lazily loaded font '../../../Engine/Content/Slate/Fonts/Roboto-Light.ttf' (167K)
[2018.04.07-21.21.23:006][909]LogContentBrowser: Native class hierarchy updated for 'BlueprintGraph' in 0.0005 seconds. Added 116 classes and 0 folders.
[2018.04.07-21.21.23:651][909]LogSlate: Took 0.000281 seconds to synchronously load lazily loaded font '../../../Engine/Content/Slate/Fonts/Roboto-BoldCondensed.ttf' (158K)
[2018.04.07-21.21.24:584][910]LogSlate: Took 0.000214 seconds to synchronously load lazily loaded font '../../../Engine/Content/Slate/Fonts/Roboto-Italic.ttf' (157K)
[2018.04.07-21.24.08:968][ 17]LogSavePackage: Save=7.90ms
[2018.04.07-21.24.08:968][ 17]LogSavePackage: Moving '../../../../../Repositories/WesTurner/TroubleInTheWesT/Saved/whiskey_break92C5AA2344520C3CED125DA4C5047768.tmp' to '../../../../../Repositories/WesTurner/TroubleInTheWesT/Content/assets/SoundFX/Sound_Cues/whiskey_break.uasset'
[2018.04.07-21.24.08:973][ 17]LogSavePackage: Display: Finished SavePackage ../../../../../Repositories/WesTurner/TroubleInTheWesT/Content/assets/SoundFX/Sound_Cues/whiskey_break.uasset
[2018.04.07-21.25.22:190][657]Cmd: OBJ SAVEPACKAGE PACKAGE="/Game/assets/SoundFX/Sound_Cues/grunts" FILE="../../../../../Repositories/WesTurner/TroubleInTheWesT/Content/assets/SoundFX/Sound_Cues/grunts.uasset" SILENT=true
[2018.04.07-21.25.22:207][657]LogSavePackage: Save=6.99ms
[2018.04.07-21.25.22:207][657]LogSavePackage: Moving '../../../../../Repositories/WesTurner/TroubleInTheWesT/Saved/grunts95CA3712452F06C9C39614A9152F8CA8.tmp' to '../../../../../Repositories/WesTurner/TroubleInTheWesT/Content/assets/SoundFX/Sound_Cues/grunts.uasset'
[2018.04.07-21.25.22:210][657]LogSavePackage: Display: Finished SavePackage ../../../../../Repositories/WesTurner/TroubleInTheWesT/Content/assets/SoundFX/Sound_Cues/grunts.uasset
[2018.04.07-21.26.05:937][642]LogSlate: Window 'slides*' being destroyed
[2018.04.07-21.26.05:968][642]LogSlate: Window 'slides*' being destroyed
[2018.04.07-21.26.44:176][825]LogSlate: Window 'step_wood' being destroyed
[2018.04.07-21.26.44:212][825]LogSlate: Window 'step_wood' being destroyed
[2018.04.07-21.28.06:065][299]LogSlate: Window 'WesTurner_FPS' being destroyed
[2018.04.07-21.30.50:638][  8]LogFileHelpers: Editor autosave (incl. sublevels) for '/Game/OldeTown' took 0.020
[2018.04.07-21.30.50:640][  8]OBJ SavePackage: Generating thumbnails for [0] asset(s) in package [/Game/assets/SoundFX/Sound_Cues/slides] ([1] browsable assets)...
[2018.04.07-21.30.50:640][  8]OBJ SavePackage: Finished generating thumbnails for package [/Game/assets/SoundFX/Sound_Cues/slides]
[2018.04.07-21.30.50:656][  8]LogSavePackage: Save=6.65ms
[2018.04.07-21.30.50:656][  8]LogSavePackage: Moving '../../../../../Repositories/WesTurner/TroubleInTheWesT/Saved/slides_Auto171E950124563F635F03C90AF4C31B825.tmp' to '../../../../../Repositories/WesTurner/TroubleInTheWesT/Saved/Autosaves/Game/assets/SoundFX/Sound_Cues/slides_Auto1.uasset'
[2018.04.07-21.30.50:657][  8]LogSavePackage: Display: Finished SavePackage ../../../../../Repositories/WesTurner/TroubleInTheWesT/Saved/Autosaves/Game/assets/SoundFX/Sound_Cues/slides_Auto1.uasset
[2018.04.07-21.30.50:658][  8]LogFileHelpers: Auto-saving content packages took 0.018
[2018.04.07-21.49.06:084][785]LogSlate: Window 'Save Content' being destroyed
[2018.04.07-21.49.06:214][785]LogSlate: Window 'TroubleInTheWesT - Unreal Editor' being destroyed
[2018.04.07-21.49.06:397][786]Cmd: QUIT_EDITOR
[2018.04.07-21.49.06:868][786]LogWindowsTextInputMethodSystem: Display: IME system now deactivated.
[2018.04.07-21.49.06:876][786]LogSlate: Slate User Destroyed.  User Index 0, Is Virtual User: 0
[2018.04.07-21.49.06:876][786]LogExit: Preparing to exit.
[2018.04.07-21.49.07:231][786]LogDirectoryWatcher: A directory notification for 'F:/Repositories/WesTurner/TroubleInTheWesT/Content/' was aborted.
[2018.04.07-21.49.07:294][786]LogExit: Editor shut down
[2018.04.07-21.49.07:297][786]LogExit: Transaction tracking system shut down
[2018.04.07-21.49.07:433][786]LogDirectoryWatcher: A directory notification for '../../../Engine/Content/' was aborted.
[2018.04.07-21.49.07:433][786]LogDirectoryWatcher: A directory notification for '../../../../../Repositories/WesTurner/TroubleInTheWesT/Content/' was aborted.
[2018.04.07-21.49.07:433][786]LogDirectoryWatcher: A directory notification for '../../Plugins/2D/Paper2D/Content/' was aborted.
[2018.04.07-21.49.07:433][786]LogDirectoryWatcher: A directory notification for '../../Plugins/Enterprise/DatasmithContent/Content/' was aborted.
[2018.04.07-21.49.07:433][786]LogDirectoryWatcher: A directory notification for '../../Plugins/Media/MediaCompositing/Content/' was aborted.
[2018.04.07-21.49.07:433][786]LogDirectoryWatcher: A directory notification for '../../Plugins/Runtime/AppleARKit/Content/' was aborted.
[2018.04.07-21.49.07:433][786]LogDirectoryWatcher: A directory notification for '../../Plugins/Runtime/Oculus/OculusVR/Content/' was aborted.
[2018.04.07-21.49.07:433][786]LogDirectoryWatcher: A directory notification for '../../Plugins/Runtime/Steam/SteamVR/Content/' was aborted.
[2018.04.07-21.49.07:519][786]LogExit: Object subsystem successfully closed.
[2018.04.07-21.49.07:539][786]LogShaderCompilers: Display: Shaders left to compile 0
[2018.04.07-21.49.07:543][786]LogD3D11RHI: Shutdown
[2018.04.07-21.49.07:543][786]LogD3D11RHI: CleanupD3DDevice
[2018.04.07-21.49.07:545][786]LogD3D11RHI: ~FD3D11DynamicRHI
[2018.04.07-21.49.07:551][786]LogModuleManager: Shutting down and abandoning module BlueprintGraph (586)
[2018.04.07-21.49.07:551][786]LogModuleManager: Shutting down and abandoning module MovieSceneCapture (584)
[2018.04.07-21.49.07:551][786]LogModuleManager: Shutting down and abandoning module HierarchicalLODOutliner (582)
[2018.04.07-21.49.07:551][786]LogModuleManager: Shutting down and abandoning module SceneOutliner (580)
[2018.04.07-21.49.07:551][786]LogModuleManager: Shutting down and abandoning module AddContentDialog (578)
[2018.04.07-21.49.07:552][786]LogDirectoryWatcher: A directory notification for 'F:/Unreal/UE_4.19/FeaturePacks/' was aborted.
[2018.04.07-21.49.07:552][786]LogModuleManager: Shutting down and abandoning module WidgetCarousel (577)
[2018.04.07-21.49.07:552][786]LogModuleManager: Shutting down and abandoning module EditorWidgets (574)
[2018.04.07-21.49.07:552][786]LogModuleManager: Shutting down and abandoning module CollectionManager (572)
[2018.04.07-21.49.07:552][786]LogDirectoryWatcher: A directory notification for 'F:/Repositories/WesTurner/TroubleInTheWesT/Content/Collections/' was aborted.
[2018.04.07-21.49.07:552][786]LogDirectoryWatcher: A directory notification for 'F:/Repositories/WesTurner/TroubleInTheWesT/Content/Developers/NicholasSchaffer/Collections/' was aborted.
[2018.04.07-21.49.07:552][786]LogDirectoryWatcher: A directory notification for 'F:/Repositories/WesTurner/TroubleInTheWesT/Saved/Collections/' was aborted.
[2018.04.07-21.49.07:552][786]LogModuleManager: Shutting down and abandoning module StatsViewer (570)
[2018.04.07-21.49.07:552][786]LogModuleManager: Shutting down and abandoning module FoliageEdit (568)
[2018.04.07-21.49.07:552][786]LogModuleManager: Shutting down and abandoning module LandscapeEditor (566)
[2018.04.07-21.49.07:552][786]LogModuleManager: Shutting down and abandoning module MeshPaintMode (564)
[2018.04.07-21.49.07:553][786]LogModuleManager: Shutting down and abandoning module SceneDepthPickerMode (562)
[2018.04.07-21.49.07:553][786]LogModuleManager: Shutting down and abandoning module ActorPickerMode (560)
[2018.04.07-21.49.07:553][786]LogModuleManager: Shutting down and abandoning module GeometryMode (558)
[2018.04.07-21.49.07:553][786]LogModuleManager: Shutting down and abandoning module TextureAlignMode (556)
[2018.04.07-21.49.07:553][786]LogModuleManager: Shutting down and abandoning module BspMode (554)
[2018.04.07-21.49.07:553][786]LogModuleManager: Shutting down and abandoning module PIEPreviewDeviceProfileSelector (552)
[2018.04.07-21.49.07:553][786]LogModuleManager: Shutting down and abandoning module HardwareSurvey (550)
[2018.04.07-21.49.07:553][786]LogModuleManager: Shutting down and abandoning module SequenceRecorderSections (548)
[2018.04.07-21.49.07:553][786]LogModuleManager: Shutting down and abandoning module AutomationWorker (546)
[2018.04.07-21.49.07:553][786]LogModuleManager: Shutting down and abandoning module AudioCaptureEditor (544)
[2018.04.07-21.49.07:553][786]LogModuleManager: Shutting down and abandoning module SequenceRecorder (543)
[2018.04.07-21.49.07:553][786]LogModuleManager: Shutting down and abandoning module MatineeToLevelSequence (540)
[2018.04.07-21.49.07:553][786]LogModuleManager: Shutting down and abandoning module LevelSequenceEditor (538)
[2018.04.07-21.49.07:553][786]LogModuleManager: Shutting down and abandoning module PlacementMode (537)
[2018.04.07-21.49.07:553][786]LogModuleManager: Shutting down and abandoning module MaterialEditor (536)
[2018.04.07-21.49.07:553][786]LogModuleManager: Shutting down and abandoning module WmfMediaFactory (532)
[2018.04.07-21.49.07:553][786]LogModuleManager: Shutting down and abandoning module WmfMediaEditor (530)
[2018.04.07-21.49.07:553][786]LogModuleManager: Shutting down and abandoning module MediaPlayerEditor (528)
[2018.04.07-21.49.07:553][786]LogModuleManager: Shutting down and abandoning module OpenExrWrapper (526)
[2018.04.07-21.49.07:553][786]LogModuleManager: Shutting down and abandoning module ImgMediaFactory (524)
[2018.04.07-21.49.07:553][786]LogModuleManager: Shutting down and abandoning module ImgMediaEditor (522)
[2018.04.07-21.49.07:553][786]LogModuleManager: Shutting down and abandoning module AvfMediaFactory (520)
[2018.04.07-21.49.07:553][786]LogModuleManager: Shutting down and abandoning module AvfMediaEditor (518)
[2018.04.07-21.49.07:553][786]LogModuleManager: Shutting down and abandoning module AndroidMediaFactory (516)
[2018.04.07-21.49.07:553][786]LogModuleManager: Shutting down and abandoning module AndroidMediaEditor (514)
[2018.04.07-21.49.07:553][786]LogModuleManager: Shutting down and abandoning module CharacterAI (512)
[2018.04.07-21.49.07:553][786]LogModuleManager: Shutting down and abandoning module SmartSnapping (510)
[2018.04.07-21.49.07:553][786]LogModuleManager: Shutting down and abandoning module SessionServices (508)
[2018.04.07-21.49.07:553][786]LogModuleManager: Shutting down and abandoning module ViewportSnapping (506)
[2018.04.07-21.49.07:553][786]LogModuleManager: Shutting down and abandoning module ViewportInteraction (504)
[2018.04.07-21.49.07:553][786]LogModuleManager: Shutting down and abandoning module ClothPainter (502)
[2018.04.07-21.49.07:553][786]LogModuleManager: Shutting down and abandoning module SkeletalMeshEditor (501)
[2018.04.07-21.49.07:553][786]LogModuleManager: Shutting down and abandoning module LogVisualizer (498)
[2018.04.07-21.49.07:553][786]LogModuleManager: Shutting down and abandoning module IntroTutorials (496)
[2018.04.07-21.49.07:553][786]LogModuleManager: Shutting down and abandoning module GameProjectGeneration (495)
[2018.04.07-21.49.07:553][786]LogModuleManager: Shutting down and abandoning module IOSPlatformEditor (492)
[2018.04.07-21.49.07:553][786]LogModuleManager: Shutting down and abandoning module HTML5PlatformEditor (490)
[2018.04.07-21.49.07:553][786]LogModuleManager: Shutting down and abandoning module AndroidPlatformEditor (488)
[2018.04.07-21.49.07:553][786]LogModuleManager: Shutting down and abandoning module AndroidDeviceDetection (487)
[2018.04.07-21.49.08:459][786]LogModuleManager: Shutting down and abandoning module WindowsPlatformEditor (484)
[2018.04.07-21.49.08:459][786]LogModuleManager: Shutting down and abandoning module IOSRuntimeSettings (482)
[2018.04.07-21.49.08:459][786]LogModuleManager: Shutting down and abandoning module AndroidRuntimeSettings (480)
[2018.04.07-21.49.08:459][786]LogModuleManager: Shutting down and abandoning module InputBindingEditor (478)
[2018.04.07-21.49.08:459][786]LogModuleManager: Shutting down and abandoning module MergeActors (476)
[2018.04.07-21.49.08:459][786]LogModuleManager: Shutting down and abandoning module LocalizationDashboard (474)
[2018.04.07-21.49.08:459][786]LogModuleManager: Shutting down and abandoning module LocalizationService (473)
[2018.04.07-21.49.08:459][786]LogModuleManager: Shutting down and abandoning module HardwareTargeting (470)
[2018.04.07-21.49.08:459][786]LogModuleManager: Shutting down and abandoning module DeviceProfileEditor (468)
[2018.04.07-21.49.08:459][786]LogModuleManager: Shutting down and abandoning module UndoHistory (466)
[2018.04.07-21.49.08:459][786]LogModuleManager: Shutting down and abandoning module XmlParser (464)
[2018.04.07-21.49.08:459][786]LogModuleManager: Shutting down and abandoning module Blutility (462)
[2018.04.07-21.49.08:459][786]LogModuleManager: Shutting down and abandoning module ProjectSettingsViewer (460)
[2018.04.07-21.49.08:459][786]LogModuleManager: Shutting down and abandoning module ProjectTargetPlatformEditor (459)
[2018.04.07-21.49.08:460][786]LogModuleManager: Shutting down and abandoning module EditorSettingsViewer (456)
[2018.04.07-21.49.08:460][786]LogModuleManager: Shutting down and abandoning module SettingsEditor (454)
[2018.04.07-21.49.08:460][786]LogModuleManager: Shutting down and abandoning module ProjectLauncher (452)
[2018.04.07-21.49.08:460][786]LogModuleManager: Shutting down and abandoning module SessionFrontend (450)
[2018.04.07-21.49.08:460][786]LogModuleManager: Shutting down and abandoning module ProfilerClient (448)
[2018.04.07-21.49.08:460][786]LogModuleManager: Shutting down and abandoning module DeviceManager (446)
[2018.04.07-21.49.08:460][786]LogModuleManager: Shutting down and abandoning module TargetDeviceServices (445)
[2018.04.07-21.49.08:527][786]LogModuleManager: Shutting down and abandoning module AutomationController (442)
[2018.04.07-21.49.08:527][786]LogModuleManager: Shutting down and abandoning module AutomationWindow (440)
[2018.04.07-21.49.08:527][786]LogModuleManager: Shutting down and abandoning module Layers (438)
[2018.04.07-21.49.08:527][786]LogModuleManager: Shutting down and abandoning module ComponentVisualizers (436)
[2018.04.07-21.49.08:527][786]LogModuleManager: Shutting down and abandoning module DetailCustomizations (434)
[2018.04.07-21.49.08:527][786]LogModuleManager: Shutting down and abandoning module PackagesDialog (432)
[2018.04.07-21.49.08:527][786]LogModuleManager: Shutting down and abandoning module Persona (430)
[2018.04.07-21.49.08:527][786]LogModuleManager: Shutting down and abandoning module AdvancedPreviewScene (429)
[2018.04.07-21.49.08:527][786]LogModuleManager: Shutting down and abandoning module AnimGraph (427)
[2018.04.07-21.49.08:527][786]LogModuleManager: Shutting down and abandoning module Kismet (424)
[2018.04.07-21.49.08:530][786]LogModuleManager: Shutting down and abandoning module GraphEditor (422)
[2018.04.07-21.49.08:530][786]LogModuleManager: Shutting down and abandoning module ClassViewer (420)
[2018.04.07-21.49.08:530][786]LogModuleManager: Shutting down and abandoning module Toolbox (418)
[2018.04.07-21.49.08:530][786]LogModuleManager: Shutting down and abandoning module ModuleUI (416)
[2018.04.07-21.49.08:530][786]LogModuleManager: Shutting down and abandoning module MovieSceneTools (414)
[2018.04.07-21.49.08:532][786]LogModuleManager: Shutting down and abandoning module OutputLog (412)
[2018.04.07-21.49.08:532][786]LogModuleManager: Shutting down and abandoning module GammaUI (410)
[2018.04.07-21.49.08:532][786]LogModuleManager: Shutting down and abandoning module Documentation (408)
[2018.04.07-21.49.08:532][786]LogModuleManager: Shutting down and abandoning module MovieSceneTracks (406)
[2018.04.07-21.49.08:532][786]LogModuleManager: Shutting down and abandoning module MovieScene (404)
[2018.04.07-21.49.08:532][786]LogModuleManager: Shutting down and abandoning module StreamingPauseRendering (402)
[2018.04.07-21.49.08:532][786]LogModuleManager: Shutting down and abandoning module LauncherPlatform (400)
[2018.04.07-21.49.08:532][786]LogModuleManager: Shutting down and abandoning module AnalyticsET (398)
[2018.04.07-21.49.08:532][786]LogModuleManager: Shutting down and abandoning module PortalServices (396)
[2018.04.07-21.49.08:532][786]LogModuleManager: Shutting down and abandoning module PortalRpc (394)
[2018.04.07-21.49.08:532][786]LogModuleManager: Shutting down and abandoning module MessagingRpc (392)
[2018.04.07-21.49.08:532][786]LogModuleManager: Shutting down and abandoning module AIModule (390)
[2018.04.07-21.49.08:532][786]LogModuleManager: Shutting down and abandoning module GameplayDebugger (389)
[2018.04.07-21.49.08:532][786]LogModuleManager: Shutting down and abandoning module AITestSuite (387)
[2018.04.07-21.49.08:532][786]LogModuleManager: Shutting down and abandoning module DesktopPlatform (384)
[2018.04.07-21.49.08:532][786]LogModuleManager: Shutting down and abandoning module ProfilerService (382)
[2018.04.07-21.49.08:763][786]LogModuleManager: Shutting down and abandoning module TaskGraph (380)
[2018.04.07-21.49.08:763][786]LogModuleManager: Shutting down and abandoning module SubstanceLiveLink (378)
[2018.04.07-21.49.08:763][786]LogModuleManager: Shutting down and abandoning module SubstanceSource (376)
[2018.04.07-21.49.08:763][786]LogModuleManager: Shutting down and abandoning module SubstanceEditor (374)
[2018.04.07-21.49.08:763][786]LogModuleManager: Shutting down and abandoning module SteamVRController (372)
[2018.04.07-21.49.08:763][786]LogModuleManager: Shutting down and abandoning module ProceduralMeshComponentEditor (370)
[2018.04.07-21.49.08:763][786]LogModuleManager: Shutting down and abandoning module ProceduralMeshComponent (368)
[2018.04.07-21.49.08:763][786]LogModuleManager: Shutting down and abandoning module OculusInput (366)
[2018.04.07-21.49.08:763][786]LogModuleManager: Shutting down and abandoning module MobilePatchingUtils (364)
[2018.04.07-21.49.08:763][786]LogModuleManager: Shutting down and abandoning module CustomMeshComponent (362)
[2018.04.07-21.49.08:763][786]LogModuleManager: Shutting down and abandoning module CableComponent (360)
[2018.04.07-21.49.08:763][786]LogModuleManager: Shutting down and abandoning module AudioCapture (358)
[2018.04.07-21.49.08:763][786]LogModuleManager: Shutting down and abandoning module ArchVisCharacter (356)
[2018.04.07-21.49.08:763][786]LogModuleManager: Shutting down and abandoning module AndroidPermission (354)
[2018.04.07-21.49.08:763][786]LogModuleManager: Shutting down and abandoning module NUTUnrealEngine4 (350)
[2018.04.07-21.49.08:763][786]LogModuleManager: Shutting down and abandoning module NetcodeUnitTest (348)
[2018.04.07-21.49.08:763][786]LogModuleManager: Shutting down and abandoning module MediaCompositingEditor (346)
[2018.04.07-21.49.08:763][786]LogModuleManager: Shutting down and abandoning module MediaCompositing (344)
[2018.04.07-21.49.08:763][786]LogModuleManager: Shutting down and abandoning module LinearTimecode (342)
[2018.04.07-21.49.08:763][786]LogModuleManager: Shutting down and abandoning module ImgMedia (340)
[2018.04.07-21.49.08:770][786]LogModuleManager: Shutting down and abandoning module HTML5Networking (338)
[2018.04.07-21.49.08:770][786]LogModuleManager: Shutting down and abandoning module AlembicImporter (336)
[2018.04.07-21.49.08:770][786]LogModuleManager: Shutting down and abandoning module AlembicLibrary (335)
[2018.04.07-21.49.08:770][786]LogModuleManager: Shutting down and abandoning module GeometryCache (334)
[2018.04.07-21.49.08:770][786]LogModuleManager: Shutting down and abandoning module GeometryCacheEd (333)
[2018.04.07-21.49.08:770][786]LogModuleManager: Shutting down and abandoning module DatasmithContent (328)
[2018.04.07-21.49.08:770][786]LogModuleManager: Shutting down and abandoning module SpeedTreeImporter (326)
[2018.04.07-21.49.08:770][786]LogModuleManager: Shutting down and abandoning module PluginBrowser (324)
[2018.04.07-21.49.08:770][786]LogModuleManager: Shutting down and abandoning module MobileLauncherProfileWizard (322)
[2018.04.07-21.49.08:770][786]LogModuleManager: Shutting down and abandoning module CryptoKeysOpenSSL (320)
[2018.04.07-21.49.08:770][786]LogModuleManager: Shutting down and abandoning module CryptoKeys (318)
[2018.04.07-21.49.08:770][786]LogModuleManager: Shutting down and abandoning module VisualStudioSourceCodeAccess (316)
[2018.04.07-21.49.08:771][786]LogModuleManager: Shutting down and abandoning module VisualStudioCodeSourceCodeAccess (314)
[2018.04.07-21.49.08:771][786]LogModuleManager: Shutting down and abandoning module UObjectPlugin (312)
[2018.04.07-21.49.08:771][786]LogModuleManager: Shutting down and abandoning module SubversionSourceControl (310)
[2018.04.07-21.49.08:771][786]LogModuleManager: Shutting down and abandoning module PerforceSourceControl (308)
[2018.04.07-21.49.08:771][786]LogModuleManager: Shutting down and abandoning module GitSourceControl (306)
[2018.04.07-21.49.08:771][786]LogModuleManager: Shutting down and abandoning module SourceControl (305)
[2018.04.07-21.49.08:771][786]LogModuleManager: Shutting down and abandoning module CLionSourceCodeAccess (302)
[2018.04.07-21.49.08:771][786]LogModuleManager: Shutting down and abandoning module LightPropagationVolumeEditor (300)
[2018.04.07-21.49.08:771][786]LogModuleManager: Shutting down and abandoning module PaperTiledImporter (298)
[2018.04.07-21.49.08:771][786]LogModuleManager: Shutting down and abandoning module PaperSpriteSheetImporter (296)
[2018.04.07-21.49.08:771][786]LogModuleManager: Shutting down and abandoning module Paper2DEditor (294)
[2018.04.07-21.49.08:771][786]LogModuleManager: Shutting down and abandoning module MeshPaint (293)
[2018.04.07-21.49.08:771][786]LogModuleManager: Shutting down and abandoning module RuntimePhysXCooking (290)
[2018.04.07-21.49.08:771][786]LogModuleManager: Shutting down and abandoning module PhysXVehiclesEditor (288)
[2018.04.07-21.49.08:771][786]LogModuleManager: Shutting down and abandoning module PhysXVehicles (286)
[2018.04.07-21.49.08:771][786]LogModuleManager: Shutting down and abandoning module OculusEditor (284)
[2018.04.07-21.49.08:771][786]LogModuleManager: Shutting down and abandoning module LocationServicesBPLibrary (282)
[2018.04.07-21.49.08:771][786]LogModuleManager: Shutting down and abandoning module ImmediatePhysicsEditor (280)
[2018.04.07-21.49.08:771][786]LogModuleManager: Shutting down and abandoning module ImmediatePhysics (278)
[2018.04.07-21.49.08:771][786]LogModuleManager: Shutting down and abandoning module ActorSequence (276)
[2018.04.07-21.49.08:771][786]LogModuleManager: Shutting down and abandoning module UdpMessaging (274)
[2018.04.07-21.49.08:872][786]LogModuleManager: Shutting down and abandoning module TcpMessaging (272)
[2018.04.07-21.49.08:973][786]LogModuleManager: Shutting down and abandoning module SubstanceCore (270)
[2018.04.07-21.49.08:973][786]LogModuleManager: Shutting down and abandoning module GameplayTagsEditor (268)
[2018.04.07-21.49.08:973][786]LogModuleManager: Shutting down and abandoning module FacialAnimationEditor (266)
[2018.04.07-21.49.08:973][786]LogModuleManager: Shutting down and abandoning module FacialAnimation (264)
[2018.04.07-21.49.08:973][786]LogModuleManager: Shutting down and abandoning module DataValidation (262)
[2018.04.07-21.49.08:973][786]LogModuleManager: Shutting down and abandoning module AssetManagerEditor (260)
[2018.04.07-21.49.08:973][786]LogModuleManager: Shutting down and abandoning module LevelEditor (259)
[2018.04.07-21.49.08:974][786]LogModuleManager: Shutting down and abandoning module PixelInspectorModule (258)
[2018.04.07-21.49.08:974][786]LogModuleManager: Shutting down and abandoning module CommonMenuExtensions (256)
[2018.04.07-21.49.08:974][786]LogModuleManager: Shutting down and abandoning module MainFrame (254)
[2018.04.07-21.49.08:974][786]LogModuleManager: Shutting down and abandoning module HotReload (253)
[2018.04.07-21.49.08:974][786]LogModuleManager: Shutting down and abandoning module ContentBrowser (249)
[2018.04.07-21.49.08:975][786]LogModuleManager: Shutting down and abandoning module TreeMap (247)
[2018.04.07-21.49.08:975][786]LogModuleManager: Shutting down and abandoning module LightPropagationVolumeRuntime (244)
[2018.04.07-21.49.08:975][786]LogModuleManager: Shutting down and abandoning module LiveLinkEditor (242)
[2018.04.07-21.49.08:975][786]LogModuleManager: Shutting down and abandoning module LiveLink (240)
[2018.04.07-21.49.09:527][786]LogModuleManager: Shutting down and abandoning module Paper2D (238)
[2018.04.07-21.49.09:527][786]LogModuleManager: Shutting down and abandoning module WindowsMoviePlayer (236)
[2018.04.07-21.49.09:527][786]LogModuleManager: Shutting down and abandoning module WmfMedia (234)
[2018.04.07-21.49.09:528][786]LogModuleManager: Shutting down and abandoning module PacketHandler (232)
[2018.04.07-21.49.09:528][786]LogModuleManager: Shutting down and abandoning module ClothingSystemEditor (230)
[2018.04.07-21.49.09:528][786]LogModuleManager: Shutting down and abandoning module ClothingSystemRuntime (228)
[2018.04.07-21.49.09:528][786]LogModuleManager: Shutting down and abandoning module MediaAssets (226)
[2018.04.07-21.49.09:528][786]LogModuleManager: Shutting down and abandoning module Media (225)
[2018.04.07-21.49.09:534][786]LogModuleManager: Shutting down and abandoning module Overlay (222)
[2018.04.07-21.49.09:534][786]LogModuleManager: Shutting down and abandoning module OverlayEditor (221)
[2018.04.07-21.49.09:534][786]LogModuleManager: Shutting down and abandoning module VREditor (218)
[2018.04.07-21.49.09:534][786]LogModuleManager: Shutting down and abandoning module StringTableEditor (216)
[2018.04.07-21.49.09:534][786]LogModuleManager: Shutting down and abandoning module GameplayTasksEditor (214)
[2018.04.07-21.49.09:534][786]LogModuleManager: Shutting down and abandoning module BehaviorTreeEditor (212)
[2018.04.07-21.49.09:534][786]LogModuleManager: Shutting down and abandoning module FunctionalTesting (210)
[2018.04.07-21.49.09:534][786]LogModuleManager: Shutting down and abandoning module CollisionAnalyzer (208)
[2018.04.07-21.49.09:534][786]LogModuleManager: Shutting down and abandoning module WorkspaceMenuStructure (207)
[2018.04.07-21.49.09:534][786]LogModuleManager: Shutting down and abandoning module UMG (204)
[2018.04.07-21.49.09:534][786]LogModuleManager: Shutting down and abandoning module UMGEditor (203)
[2018.04.07-21.49.09:534][786]LogModuleManager: Shutting down and abandoning module Sequencer (202)
[2018.04.07-21.49.09:534][786]LogModuleManager: Shutting down and abandoning module MessageLog (199)
[2018.04.07-21.49.09:534][786]LogModuleManager: Shutting down and abandoning module SlateReflector (194)
[2018.04.07-21.49.09:534][786]LogModuleManager: Shutting down and abandoning module Slate (192)
[2018.04.07-21.49.09:534][786]LogModuleManager: Shutting down and abandoning module EditorStyle (190)
[2018.04.07-21.49.09:536][786]LogModuleManager: Shutting down and abandoning module MRMesh (188)
[2018.04.07-21.49.09:536][786]LogModuleManager: Shutting down and abandoning module SourceCodeAccess (186)
[2018.04.07-21.49.09:536][786]LogModuleManager: Shutting down and abandoning module HeadMountedDisplay (184)
[2018.04.07-21.49.09:536][786]LogModuleManager: Shutting down and abandoning module XAudio2 (182)
[2018.04.07-21.49.09:536][786]LogModuleManager: Shutting down and abandoning module Networking (180)
[2018.04.07-21.49.09:536][786]LogModuleManager: Shutting down and abandoning module Core (178)
[2018.04.07-21.49.09:536][786]LogModuleManager: Shutting down and abandoning module LevelSequence (176)
[2018.04.07-21.49.09:536][786]LogModuleManager: Shutting down and abandoning module KismetCompiler (174)
[2018.04.07-21.49.09:536][786]LogModuleManager: Shutting down and abandoning module MeshUtilities (172)
[2018.04.07-21.49.09:536][786]LogModuleManager: Shutting down and abandoning module MeshMergeUtilities (171)
[2018.04.07-21.49.09:536][786]LogModuleManager: Shutting down and abandoning module MeshReductionInterface (170)
[2018.04.07-21.49.09:536][786]LogModuleManager: Shutting down and abandoning module SimplygonSwarm (169)
[2018.04.07-21.49.09:536][786]LogModuleManager: Shutting down and abandoning module SimplygonMeshReduction (167)
[2018.04.07-21.49.09:536][786]LogModuleManager: Shutting down and abandoning module QuadricMeshReduction (165)
[2018.04.07-21.49.09:536][786]LogModuleManager: Shutting down and abandoning module MaterialBaking (161)
[2018.04.07-21.49.09:536][786]LogModuleManager: Shutting down and abandoning module DirectoryWatcher (157)
[2018.04.07-21.49.09:536][786]LogModuleManager: Shutting down and abandoning module DerivedDataCache (154)
[2018.04.07-21.49.09:542][786]LogDerivedDataCache: Shutdown
[2018.04.07-21.49.09:543][786]LogModuleManager: Shutting down and abandoning module XGEController (152)
[2018.04.07-21.49.09:543][786]LogXGEController: Cleaning working directory: C:/Users/Nicholas Schaffer/AppData/Local/Temp/UnrealXGEWorkingDir/
[2018.04.07-21.49.09:543][786]LogModuleManager: Shutting down and abandoning module TargetPlatform (150)
[2018.04.07-21.49.09:543][786]LogModuleManager: Shutting down and abandoning module VulkanShaderFormat (149)
[2018.04.07-21.49.09:543][786]LogModuleManager: Shutting down and abandoning module ShaderFormatVectorVM (147)
[2018.04.07-21.49.09:543][786]LogModuleManager: Shutting down and abandoning module ShaderFormatOpenGL (145)
[2018.04.07-21.49.09:543][786]LogModuleManager: Shutting down and abandoning module ShaderFormatD3D (143)
[2018.04.07-21.49.09:543][786]LogModuleManager: Shutting down and abandoning module MetalShaderFormat (141)
[2018.04.07-21.49.09:543][786]LogModuleManager: Shutting down and abandoning module TextureFormatUncompressed (139)
[2018.04.07-21.49.09:543][786]LogModuleManager: Shutting down and abandoning module TextureFormatPVR (137)
[2018.04.07-21.49.09:543][786]LogModuleManager: Shutting down and abandoning module TextureFormatDXT (135)
[2018.04.07-21.49.09:543][786]LogModuleManager: Shutting down and abandoning module TextureFormatIntelISPCTexComp (133)
[2018.04.07-21.49.09:543][786]LogModuleManager: Shutting down and abandoning module TextureFormatASTC (131)
[2018.04.07-21.49.09:543][786]LogModuleManager: Shutting down and abandoning module ImageWrapper (130)
[2018.04.07-21.49.09:543][786]LogModuleManager: Shutting down and abandoning module TextureFormatAndroid (127)
[2018.04.07-21.49.09:543][786]LogModuleManager: Shutting down and abandoning module AudioFormatOpus (125)
[2018.04.07-21.49.09:543][786]LogModuleManager: Shutting down and abandoning module AudioFormatOgg (123)
[2018.04.07-21.49.09:543][786]LogModuleManager: Shutting down and abandoning module AudioFormatADPCM (121)
[2018.04.07-21.49.09:543][786]LogModuleManager: Shutting down and abandoning module LinuxTargetPlatform (119)
[2018.04.07-21.49.09:543][786]LogModuleManager: Shutting down and abandoning module LinuxServerTargetPlatform (117)
[2018.04.07-21.49.09:543][786]LogModuleManager: Shutting down and abandoning module LinuxNoEditorTargetPlatform (115)
[2018.04.07-21.49.09:543][786]LogModuleManager: Shutting down and abandoning module LinuxClientTargetPlatform (113)
[2018.04.07-21.49.09:543][786]LogModuleManager: Shutting down and abandoning module TVOSTargetPlatform (111)
[2018.04.07-21.49.09:543][786]LogModuleManager: Shutting down and abandoning module Messaging (109)
[2018.04.07-21.49.09:543][786]LogModuleManager: Shutting down and abandoning module IOSTargetPlatform (107)
[2018.04.07-21.49.09:543][786]LogModuleManager: Shutting down and abandoning module HTML5TargetPlatform (105)
[2018.04.07-21.49.09:543][786]LogModuleManager: Shutting down and abandoning module AndroidTargetPlatform (103)
[2018.04.07-21.49.09:543][786]LogModuleManager: Shutting down and abandoning module Android_PVRTCTargetPlatform (101)
[2018.04.07-21.49.09:543][786]LogModuleManager: Shutting down and abandoning module Android_MultiTargetPlatform (99)
[2018.04.07-21.49.09:543][786]LogModuleManager: Shutting down and abandoning module Android_ETC2TargetPlatform (97)
[2018.04.07-21.49.09:543][786]LogModuleManager: Shutting down and abandoning module Android_ETC1TargetPlatform (95)
[2018.04.07-21.49.09:543][786]LogModuleManager: Shutting down and abandoning module Android_ETC1aTargetPlatform (93)
[2018.04.07-21.49.09:543][786]LogModuleManager: Shutting down and abandoning module Android_DXTTargetPlatform (91)
[2018.04.07-21.49.09:543][786]LogModuleManager: Shutting down and abandoning module Android_ATCTargetPlatform (89)
[2018.04.07-21.49.09:544][786]LogModuleManager: Shutting down and abandoning module Android_ASTCTargetPlatform (87)
[2018.04.07-21.49.09:544][786]LogModuleManager: Shutting down and abandoning module WindowsTargetPlatform (85)
[2018.04.07-21.49.09:544][786]LogModuleManager: Shutting down and abandoning module WindowsServerTargetPlatform (83)
[2018.04.07-21.49.09:544][786]LogModuleManager: Shutting down and abandoning module WindowsNoEditorTargetPlatform (81)
[2018.04.07-21.49.09:544][786]LogModuleManager: Shutting down and abandoning module WindowsClientTargetPlatform (79)
[2018.04.07-21.49.09:544][786]LogModuleManager: Shutting down and abandoning module MacTargetPlatform (77)
[2018.04.07-21.49.09:544][786]LogModuleManager: Shutting down and abandoning module MacServerTargetPlatform (75)
[2018.04.07-21.49.09:544][786]LogModuleManager: Shutting down and abandoning module MacNoEditorTargetPlatform (73)
[2018.04.07-21.49.09:544][786]LogModuleManager: Shutting down and abandoning module MacClientTargetPlatform (71)
[2018.04.07-21.49.09:544][786]LogModuleManager: Shutting down and abandoning module AllDesktopTargetPlatform (69)
[2018.04.07-21.49.09:544][786]LogModuleManager: Shutting down and abandoning module InputCore (66)
[2018.04.07-21.49.09:544][786]LogModuleManager: Shutting down and abandoning module Settings (64)
[2018.04.07-21.49.09:544][786]LogModuleManager: Shutting down and abandoning module PhysXCooking (62)
[2018.04.07-21.49.09:544][786]LogModuleManager: Shutting down and abandoning module SteamVR (60)
[2018.04.07-21.49.09:544][786]LogModuleManager: Shutting down and abandoning module OculusHMD (58)
[2018.04.07-21.49.09:544][786]LogModuleManager: Shutting down and abandoning module ExampleDeviceProfileSelector (56)
[2018.04.07-21.49.09:544][786]LogModuleManager: Shutting down and abandoning module AppleARKit (54)
[2018.04.07-21.49.09:544][786]LogModuleManager: Shutting down and abandoning module AugmentedReality (51)
[2018.04.07-21.49.09:544][786]LogModuleManager: Shutting down and abandoning module OnlineBlueprintSupport (48)
[2018.04.07-21.49.09:544][786]LogModuleManager: Shutting down and abandoning module OnlineSubsystem (44)
[2018.04.07-21.49.09:544][786]LogModuleManager: Shutting down and abandoning module XMPP (43)
[2018.04.07-21.49.09:544][786]LogModuleManager: Shutting down and abandoning module HTTP (41)
[2018.04.07-21.49.09:544][786]LogHttp: Display: Http module shutting down, but needs to wait on 1 outstanding Http requests:
[2018.04.07-21.49.09:544][786]LogHttp: Display: 	verb=[POST] url=[https://datarouter.ol.epicgames.com/datarouter/api/v1/public/data?SessionID=%7B606159EE-4BD8-D313-DCCE-0A9D2817CBAA%7D&AppID=UEEditor.Rocket.Release&AppVersion=4.19.0-3944462%2B%2B%2BUE4%2BRelease-4.19&UserID=77ac1b284861b39a9e0ce38354b511ed%7C9d21441478434d089624e191cf82294a%7Cdf9b2e46-16dd-49ff-aee4-2f08bd4a1e4f&AppEnvironment=datacollector-binary&UploadType=eteventstream] status=Processing
[2018.04.07-21.49.09:575][786]LogModuleManager: Shutting down and abandoning module SSL (40)
[2018.04.07-21.49.09:576][786]LogModuleManager: Shutting down and abandoning module AnimationModifiers (36)
[2018.04.07-21.49.09:576][786]LogModuleManager: Shutting down and abandoning module PropertyEditor (35)
[2018.04.07-21.49.09:576][786]LogModuleManager: Shutting down and abandoning module AudioEditor (32)
[2018.04.07-21.49.09:576][786]LogModuleManager: Shutting down and abandoning module TextureCompressor (30)
[2018.04.07-21.49.09:576][786]LogModuleManager: Shutting down and abandoning module ShaderCore (28)
[2018.04.07-21.49.09:576][786]LogModuleManager: Shutting down and abandoning module Landscape (26)
[2018.04.07-21.49.09:576][786]LogModuleManager: Shutting down and abandoning module SlateRHIRenderer (24)
[2018.04.07-21.49.09:578][786]LogModuleManager: Shutting down and abandoning module OpenGLDrv (22)
[2018.04.07-21.49.09:578][786]LogModuleManager: Shutting down and abandoning module D3D11RHI (20)
[2018.04.07-21.49.09:578][786]LogModuleManager: Shutting down and abandoning module AnimGraphRuntime (18)
[2018.04.07-21.49.09:578][786]LogModuleManager: Shutting down and abandoning module Renderer (16)
[2018.04.07-21.49.09:578][786]LogModuleManager: Shutting down and abandoning module Engine (14)
[2018.04.07-21.49.09:578][786]LogModuleManager: Shutting down and abandoning module CoreUObject (12)
[2018.04.07-21.49.09:578][786]LogModuleManager: Shutting down and abandoning module NetworkFile (10)
[2018.04.07-21.49.09:578][786]LogModuleManager: Shutting down and abandoning module CookedIterativeFile (8)
[2018.04.07-21.49.09:578][786]LogModuleManager: Shutting down and abandoning module StreamingFile (6)
[2018.04.07-21.49.09:578][786]LogModuleManager: Shutting down and abandoning module SandboxFile (4)
[2018.04.07-21.49.09:578][786]LogModuleManager: Shutting down and abandoning module PakFile (2)
[2018.04.07-21.49.09:584][786]LogExit: Exiting.
[2018.04.07-21.49.09:599][786]Log file closed, 04/07/18 17:49:09
