Log file open, 03/30/18 13:18:55
LogWindows: Failed to load 'aqProf.dll' (GetLastError=126)
LogWindows: File 'aqProf.dll' does not exist
LogWindows: Failed to load 'VSPerf140.dll' (GetLastError=126)
LogWindows: File 'VSPerf140.dll' does not exist
LogWindows: Failed to load 'VtuneApi.dll' (GetLastError=126)
LogWindows: File 'VtuneApi.dll' does not exist
LogWindows: Failed to load 'VtuneApi32e.dll' (GetLastError=126)
LogWindows: File 'VtuneApi32e.dll' does not exist
LogInit: Display: Running engine for game: TroubleInTheWesT
LogPlatformFile: Not using cached read wrapper
LogInit: Display: RandInit(1676687806) SRandInit(1676687807).
LogInit: Read version file with build ID '3944462'
LogInit: Overriding engine version to CL 3944462, compatible CL 3944462
LogInit: Registered custom module enumerator with build ID '3944462'
LogTaskGraph: Started task graph with 5 named threads and 35 total threads with 3 sets of task threads.
LogStats: Stats thread started at 0.399894
LogD3D11RHI: Aftermath initialized
LogICUInternationalization: Display: ICU TimeZone Detection - Raw Offset: -5:00, Platform Override: ''
LogModuleManager: Display: Found up-to-date module file ../../../Engine/Plugins/Marketplace/Substance/Binaries/Win64/UE4Editor-SubstanceCore.dll (API version 3944462).
LogModuleManager: Display: Found up-to-date module file ../../../Engine/Plugins/Marketplace/Substance/Binaries/Win64/UE4Editor-SubstanceEditor.dll (API version 3944462).
LogModuleManager: Display: Found up-to-date module file ../../../Engine/Plugins/Marketplace/Substance/Binaries/Win64/UE4Editor-SubstanceSource.dll (API version 3944462).
LogModuleManager: Display: Found up-to-date module file ../../../Engine/Plugins/Marketplace/Substance/Binaries/Win64/UE4Editor-SubstanceLiveLink.dll (API version 3944462).
LogModuleManager: Display: Found up-to-date module file ../../../Engine/Plugins/2D/Paper2D/Binaries/Win64/UE4Editor-Paper2D.dll (API version 3944462).
LogModuleManager: Display: Found up-to-date module file ../../../Engine/Plugins/2D/Paper2D/Binaries/Win64/UE4Editor-Paper2DEditor.dll (API version 3944462).
LogModuleManager: Display: Found up-to-date module file ../../../Engine/Plugins/2D/Paper2D/Binaries/Win64/UE4Editor-PaperSpriteSheetImporter.dll (API version 3944462).
LogModuleManager: Display: Found up-to-date module file ../../../Engine/Plugins/2D/Paper2D/Binaries/Win64/UE4Editor-PaperTiledImporter.dll (API version 3944462).
LogModuleManager: Display: Found up-to-date module file ../../../Engine/Plugins/2D/Paper2D/Binaries/Win64/UE4Editor-SmartSnapping.dll (API version 3944462).
LogModuleManager: Display: Found up-to-date module file ../../../Engine/Plugins/Blendables/LightPropagationVolume/Binaries/Win64/UE4Editor-LightPropagationVolumeRuntime.dll (API version 3944462).
LogModuleManager: Display: Found up-to-date module file ../../../Engine/Plugins/Blendables/LightPropagationVolume/Binaries/Win64/UE4Editor-LightPropagationVolumeEditor.dll (API version 3944462).
LogModuleManager: Display: Found up-to-date module file ../../../Engine/Plugins/Developer/CLionSourceCodeAccess/Binaries/Win64/UE4Editor-CLionSourceCodeAccess.dll (API version 3944462).
LogModuleManager: Display: Found up-to-date module file ../../../Engine/Plugins/Developer/GitSourceControl/Binaries/Win64/UE4Editor-GitSourceControl.dll (API version 3944462).
LogModuleManager: Display: Found up-to-date module file ../../../Engine/Plugins/Developer/PerforceSourceControl/Binaries/Win64/UE4Editor-PerforceSourceControl.dll (API version 3944462).
LogModuleManager: Display: Found up-to-date module file ../../../Engine/Plugins/Developer/SubversionSourceControl/Binaries/Win64/UE4Editor-SubversionSourceControl.dll (API version 3944462).
LogModuleManager: Display: Found up-to-date module file ../../../Engine/Plugins/Developer/UObjectPlugin/Binaries/Win64/UE4Editor-UObjectPlugin.dll (API version 3944462).
LogModuleManager: Display: Found up-to-date module file ../../../Engine/Plugins/Developer/VisualStudioCodeSourceCodeAccess/Binaries/Win64/UE4Editor-VisualStudioCodeSourceCodeAccess.dll (API version 3944462).
LogModuleManager: Display: Found up-to-date module file ../../../Engine/Plugins/Developer/VisualStudioSourceCodeAccess/Binaries/Win64/UE4Editor-VisualStudioSourceCodeAccess.dll (API version 3944462).
LogModuleManager: Display: Found up-to-date module file ../../../Engine/Plugins/Editor/AssetManagerEditor/Binaries/Win64/UE4Editor-AssetManagerEditor.dll (API version 3944462).
LogModuleManager: Display: Found up-to-date module file ../../../Engine/Plugins/Editor/CryptoKeys/Binaries/Win64/UE4Editor-CryptoKeys.dll (API version 3944462).
LogModuleManager: Display: Found up-to-date module file ../../../Engine/Plugins/Editor/CryptoKeys/Binaries/Win64/UE4Editor-CryptoKeysOpenSSL.dll (API version 3944462).
LogModuleManager: Display: Found up-to-date module file ../../../Engine/Plugins/Editor/DataValidation/Binaries/Win64/UE4Editor-DataValidation.dll (API version 3944462).
LogModuleManager: Display: Found up-to-date module file ../../../Engine/Plugins/Editor/FacialAnimation/Binaries/Win64/UE4Editor-FacialAnimation.dll (API version 3944462).
LogModuleManager: Display: Found up-to-date module file ../../../Engine/Plugins/Editor/FacialAnimation/Binaries/Win64/UE4Editor-FacialAnimationEditor.dll (API version 3944462).
LogModuleManager: Display: Found up-to-date module file ../../../Engine/Plugins/Editor/GameplayTagsEditor/Binaries/Win64/UE4Editor-GameplayTagsEditor.dll (API version 3944462).
LogModuleManager: Display: Found up-to-date module file ../../../Engine/Plugins/Editor/MobileLauncherProfileWizard/Binaries/Win64/UE4Editor-MobileLauncherProfileWizard.dll (API version 3944462).
LogModuleManager: Display: Found up-to-date module file ../../../Engine/Plugins/Editor/PluginBrowser/Binaries/Win64/UE4Editor-PluginBrowser.dll (API version 3944462).
LogModuleManager: Display: Found up-to-date module file ../../../Engine/Plugins/Editor/SpeedTreeImporter/Binaries/Win64/UE4Editor-SpeedTreeImporter.dll (API version 3944462).
LogModuleManager: Display: Found up-to-date module file ../../../Engine/Plugins/Enterprise/DatasmithContent/Binaries/Win64/UE4Editor-DatasmithContent.dll (API version 3944462).
LogModuleManager: Display: Found up-to-date module file ../../../Engine/Plugins/Experimental/AlembicImporter/Binaries/Win64/UE4Editor-AlembicImporter.dll (API version 3944462).
LogModuleManager: Display: Found up-to-date module file ../../../Engine/Plugins/Experimental/AlembicImporter/Binaries/Win64/UE4Editor-AlembicLibrary.dll (API version 3944462).
LogModuleManager: Display: Found up-to-date module file ../../../Engine/Plugins/Experimental/CharacterAI/Binaries/Win64/UE4Editor-CharacterAI.dll (API version 3944462).
LogModuleManager: Display: Found up-to-date module file ../../../Engine/Plugins/Experimental/HTML5Networking/Binaries/Win64/UE4Editor-HTML5Networking.dll (API version 3944462).
LogModuleManager: Display: Found up-to-date module file ../../../Engine/Plugins/Media/AndroidMedia/Binaries/Win64/UE4Editor-AndroidMediaEditor.dll (API version 3944462).
LogModuleManager: Display: Found up-to-date module file ../../../Engine/Plugins/Media/AndroidMedia/Binaries/Win64/UE4Editor-AndroidMediaFactory.dll (API version 3944462).
LogModuleManager: Display: Found up-to-date module file ../../../Engine/Plugins/Media/AvfMedia/Binaries/Win64/UE4Editor-AvfMediaEditor.dll (API version 3944462).
LogModuleManager: Display: Found up-to-date module file ../../../Engine/Plugins/Media/AvfMedia/Binaries/Win64/UE4Editor-AvfMediaFactory.dll (API version 3944462).
LogModuleManager: Display: Found up-to-date module file ../../../Engine/Plugins/Media/AvfMedia/Binaries/Win64/UE4Editor-AvfMediaFactory.dll (API version 3944462).
LogModuleManager: Display: Found up-to-date module file ../../../Engine/Plugins/Media/ImgMedia/Binaries/Win64/UE4Editor-ImgMedia.dll (API version 3944462).
LogModuleManager: Display: Found up-to-date module file ../../../Engine/Plugins/Media/ImgMedia/Binaries/Win64/UE4Editor-ImgMediaEditor.dll (API version 3944462).
LogModuleManager: Display: Found up-to-date module file ../../../Engine/Plugins/Media/ImgMedia/Binaries/Win64/UE4Editor-ImgMediaFactory.dll (API version 3944462).
LogModuleManager: Display: Found up-to-date module file ../../../Engine/Plugins/Media/ImgMedia/Binaries/Win64/UE4Editor-ImgMediaFactory.dll (API version 3944462).
LogModuleManager: Display: Found up-to-date module file ../../../Engine/Plugins/Media/ImgMedia/Binaries/Win64/UE4Editor-OpenExrWrapper.dll (API version 3944462).
LogModuleManager: Display: Found up-to-date module file ../../../Engine/Plugins/Media/LinearTimecode/Binaries/Win64/UE4Editor-LinearTimecode.dll (API version 3944462).
LogModuleManager: Display: Found up-to-date module file ../../../Engine/Plugins/Media/MediaCompositing/Binaries/Win64/UE4Editor-MediaCompositing.dll (API version 3944462).
LogModuleManager: Display: Found up-to-date module file ../../../Engine/Plugins/Media/MediaCompositing/Binaries/Win64/UE4Editor-MediaCompositingEditor.dll (API version 3944462).
LogModuleManager: Display: Found up-to-date module file ../../../Engine/Plugins/Media/MediaPlayerEditor/Binaries/Win64/UE4Editor-MediaPlayerEditor.dll (API version 3944462).
LogModuleManager: Display: Found up-to-date module file ../../../Engine/Plugins/Media/WmfMedia/Binaries/Win64/UE4Editor-WmfMedia.dll (API version 3944462).
LogModuleManager: Display: Found up-to-date module file ../../../Engine/Plugins/Media/WmfMedia/Binaries/Win64/UE4Editor-WmfMediaEditor.dll (API version 3944462).
LogModuleManager: Display: Found up-to-date module file ../../../Engine/Plugins/Media/WmfMedia/Binaries/Win64/UE4Editor-WmfMediaFactory.dll (API version 3944462).
LogModuleManager: Display: Found up-to-date module file ../../../Engine/Plugins/Media/WmfMedia/Binaries/Win64/UE4Editor-WmfMediaFactory.dll (API version 3944462).
LogModuleManager: Display: Found up-to-date module file ../../../Engine/Plugins/Messaging/TcpMessaging/Binaries/Win64/UE4Editor-TcpMessaging.dll (API version 3944462).
LogModuleManager: Display: Found up-to-date module file ../../../Engine/Plugins/Messaging/UdpMessaging/Binaries/Win64/UE4Editor-UdpMessaging.dll (API version 3944462).
LogModuleManager: Display: Found up-to-date module file ../../../Engine/Plugins/MovieScene/ActorSequence/Binaries/Win64/UE4Editor-ActorSequence.dll (API version 3944462).
LogModuleManager: Display: Found up-to-date module file ../../../Engine/Plugins/MovieScene/LevelSequenceEditor/Binaries/Win64/UE4Editor-LevelSequenceEditor.dll (API version 3944462).
LogModuleManager: Display: Found up-to-date module file ../../../Engine/Plugins/MovieScene/MatineeToLevelSequence/Binaries/Win64/UE4Editor-MatineeToLevelSequence.dll (API version 3944462).
LogModuleManager: Display: Found up-to-date module file ../../../Engine/Plugins/NetcodeUnitTest/NetcodeUnitTest/Binaries/Win64/UE4Editor-NetcodeUnitTest.dll (API version 3944462).
LogModuleManager: Display: Found up-to-date module file ../../../Engine/Plugins/NetcodeUnitTest/NUTUnrealEngine4/Binaries/Win64/UE4Editor-NUTUnrealEngine4.dll (API version 3944462).
LogModuleManager: Display: Found up-to-date module file ../../../Engine/Plugins/Online/OnlineSubsystem/Binaries/Win64/UE4Editor-OnlineSubsystem.dll (API version 3944462).
LogModuleManager: Display: Found up-to-date module file ../../../Engine/Plugins/Runtime/AndroidPermission/Binaries/Win64/UE4Editor-AndroidPermission.dll (API version 3944462).
LogModuleManager: Display: Found up-to-date module file ../../../Engine/Plugins/Online/OnlineSubsystemNull/Binaries/Win64/UE4Editor-OnlineSubsystemNull.dll (API version 3944462).
LogModuleManager: Display: Found up-to-date module file ../../../Engine/Plugins/Online/OnlineSubsystemUtils/Binaries/Win64/UE4Editor-OnlineSubsystemUtils.dll (API version 3944462).
LogModuleManager: Display: Found up-to-date module file ../../../Engine/Plugins/Online/OnlineSubsystemUtils/Binaries/Win64/UE4Editor-OnlineBlueprintSupport.dll (API version 3944462).
LogModuleManager: Display: Found up-to-date module file ../../../Engine/Plugins/Runtime/AndroidDeviceProfileSelector/Binaries/Win64/UE4Editor-AndroidDeviceProfileSelector.dll (API version 3944462).
LogModuleManager: Display: Found up-to-date module file ../../../Engine/Plugins/Runtime/AppleARKit/Binaries/Win64/UE4Editor-AppleARKit.dll (API version 3944462).
LogModuleManager: Display: Found up-to-date module file ../../../Engine/Plugins/Runtime/ProceduralMeshComponent/Binaries/Win64/UE4Editor-ProceduralMeshComponent.dll (API version 3944462).
LogModuleManager: Display: Found up-to-date module file ../../../Engine/Plugins/Runtime/ProceduralMeshComponent/Binaries/Win64/UE4Editor-ProceduralMeshComponentEditor.dll (API version 3944462).
LogModuleManager: Display: Found up-to-date module file ../../../Engine/Plugins/Animation/LiveLink/Binaries/Win64/UE4Editor-LiveLink.dll (API version 3944462).
LogModuleManager: Display: Found up-to-date module file ../../../Engine/Plugins/Animation/LiveLink/Binaries/Win64/UE4Editor-LiveLinkEditor.dll (API version 3944462).
LogModuleManager: Display: Found up-to-date module file ../../../Engine/Plugins/Runtime/ArchVisCharacter/Binaries/Win64/UE4Editor-ArchVisCharacter.dll (API version 3944462).
LogModuleManager: Display: Found up-to-date module file ../../../Engine/Plugins/Runtime/AudioCapture/Binaries/Win64/UE4Editor-AudioCapture.dll (API version 3944462).
LogModuleManager: Display: Found up-to-date module file ../../../Engine/Plugins/Runtime/AudioCapture/Binaries/Win64/UE4Editor-AudioCaptureEditor.dll (API version 3944462).
LogModuleManager: Display: Found up-to-date module file ../../../Engine/Plugins/Runtime/CableComponent/Binaries/Win64/UE4Editor-CableComponent.dll (API version 3944462).
LogModuleManager: Display: Found up-to-date module file ../../../Engine/Plugins/Runtime/CustomMeshComponent/Binaries/Win64/UE4Editor-CustomMeshComponent.dll (API version 3944462).
LogModuleManager: Display: Found up-to-date module file ../../../Engine/Plugins/Runtime/ExampleDeviceProfileSelector/Binaries/Win64/UE4Editor-ExampleDeviceProfileSelector.dll (API version 3944462).
LogModuleManager: Display: Found up-to-date module file ../../../Engine/Plugins/Runtime/ImmediatePhysics/Binaries/Win64/UE4Editor-ImmediatePhysics.dll (API version 3944462).
LogModuleManager: Display: Found up-to-date module file ../../../Engine/Plugins/Runtime/ImmediatePhysics/Binaries/Win64/UE4Editor-ImmediatePhysicsEditor.dll (API version 3944462).
LogModuleManager: Display: Found up-to-date module file ../../../Engine/Plugins/Runtime/LocationServicesBPLibrary/Binaries/Win64/UE4Editor-LocationServicesBPLibrary.dll (API version 3944462).
LogModuleManager: Display: Found up-to-date module file ../../../Engine/Plugins/Runtime/MobilePatchingUtils/Binaries/Win64/UE4Editor-MobilePatchingUtils.dll (API version 3944462).
LogModuleManager: Display: Found up-to-date module file ../../../Engine/Plugins/Runtime/Oculus/OculusVR/Binaries/Win64/UE4Editor-OculusHMD.dll (API version 3944462).
LogModuleManager: Display: Found up-to-date module file ../../../Engine/Plugins/Runtime/Oculus/OculusVR/Binaries/Win64/UE4Editor-OculusInput.dll (API version 3944462).
LogModuleManager: Display: Found up-to-date module file ../../../Engine/Plugins/Runtime/Oculus/OculusVR/Binaries/Win64/UE4Editor-OculusEditor.dll (API version 3944462).
LogModuleManager: Display: Found up-to-date module file ../../../Engine/Plugins/Runtime/PhysXVehicles/Binaries/Win64/UE4Editor-PhysXVehicles.dll (API version 3944462).
LogModuleManager: Display: Found up-to-date module file ../../../Engine/Plugins/Runtime/PhysXVehicles/Binaries/Win64/UE4Editor-PhysXVehiclesEditor.dll (API version 3944462).
LogModuleManager: Display: Found up-to-date module file ../../../Engine/Plugins/Runtime/RuntimePhysXCooking/Binaries/Win64/UE4Editor-RuntimePhysXCooking.dll (API version 3944462).
LogModuleManager: Display: Found up-to-date module file ../../../Engine/Plugins/Runtime/Steam/SteamVR/Binaries/Win64/UE4Editor-SteamVR.dll (API version 3944462).
LogModuleManager: Display: Found up-to-date module file ../../../Engine/Plugins/Runtime/Steam/SteamVR/Binaries/Win64/UE4Editor-SteamVRController.dll (API version 3944462).
LogModuleManager: Display: Found up-to-date module file ../../../Engine/Plugins/Runtime/WindowsMoviePlayer/Binaries/Win64/UE4Editor-WindowsMoviePlayer.dll (API version 3944462).
LogPluginManager: Mounting plugin Paper2D
LogPluginManager: Mounting plugin LiveLink
LogPluginManager: Mounting plugin LightPropagationVolume
LogPluginManager: Mounting plugin CLionSourceCodeAccess
LogPluginManager: Mounting plugin CodeLiteSourceCodeAccess
LogPluginManager: Mounting plugin GitSourceControl
LogPluginManager: Mounting plugin KDevelopSourceCodeAccess
LogPluginManager: Mounting plugin NullSourceCodeAccess
LogPluginManager: Mounting plugin PerforceSourceControl
LogPluginManager: Mounting plugin SubversionSourceControl
LogPluginManager: Mounting plugin UObjectPlugin
LogPluginManager: Mounting plugin VisualStudioCodeSourceCodeAccess
LogPluginManager: Mounting plugin VisualStudioSourceCodeAccess
LogPluginManager: Mounting plugin XCodeSourceCodeAccess
LogPluginManager: Mounting plugin AssetManagerEditor
LogPluginManager: Mounting plugin CryptoKeys
LogPluginManager: Mounting plugin DataValidation
LogPluginManager: Mounting plugin FacialAnimation
LogPluginManager: Mounting plugin GameplayTagsEditor
LogPluginManager: Mounting plugin MobileLauncherProfileWizard
LogPluginManager: Mounting plugin PluginBrowser
LogPluginManager: Mounting plugin SpeedTreeImporter
LogPluginManager: Mounting plugin DatasmithContent
LogPluginManager: Mounting plugin AlembicImporter
LogPluginManager: Mounting plugin CharacterAI
LogPluginManager: Mounting plugin HTML5Networking
LogPluginManager: Mounting plugin Substance
LogPluginManager: Mounting plugin AndroidMedia
LogPluginManager: Mounting plugin AvfMedia
LogPluginManager: Mounting plugin ImgMedia
LogPluginManager: Mounting plugin LinearTimecode
LogPluginManager: Mounting plugin MediaCompositing
LogPluginManager: Mounting plugin MediaPlayerEditor
LogPluginManager: Mounting plugin WmfMedia
LogPluginManager: Mounting plugin TcpMessaging
LogPluginManager: Mounting plugin UdpMessaging
LogPluginManager: Mounting plugin ActorSequence
LogPluginManager: Mounting plugin LevelSequenceEditor
LogPluginManager: Mounting plugin MatineeToLevelSequence
LogPluginManager: Mounting plugin NetcodeUnitTest
LogPluginManager: Mounting plugin NUTUnrealEngine4
LogPluginManager: Mounting plugin OnlineSubsystemGooglePlay
LogPluginManager: Mounting plugin OnlineSubsystemIOS
LogPluginManager: Mounting plugin OnlineSubsystem
LogPluginManager: Mounting plugin OnlineSubsystemNull
LogPluginManager: Mounting plugin OnlineSubsystemUtils
LogPluginManager: Mounting plugin AndroidDeviceProfileSelector
LogPluginManager: Mounting plugin AndroidMoviePlayer
LogPluginManager: Mounting plugin AndroidPermission
LogPluginManager: Mounting plugin AppleARKit
LogPluginManager: Mounting plugin AppleMoviePlayer
LogPluginManager: Mounting plugin ArchVisCharacter
LogPluginManager: Mounting plugin AudioCapture
LogPluginManager: Mounting plugin CableComponent
LogPluginManager: Mounting plugin CustomMeshComponent
LogPluginManager: Mounting plugin ExampleDeviceProfileSelector
LogPluginManager: Mounting plugin GoogleCloudMessaging
LogPluginManager: Mounting plugin ImmediatePhysics
LogPluginManager: Mounting plugin IOSDeviceProfileSelector
LogPluginManager: Mounting plugin LinuxDeviceProfileSelector
LogPluginManager: Mounting plugin LocationServicesBPLibrary
LogPluginManager: Mounting plugin MobilePatchingUtils
LogPluginManager: Mounting plugin OculusVR
LogPluginManager: Plugin shader directory ../../../Engine/Plugins/Runtime/Oculus/OculusVR/Shaders found
LogPluginManager: Mapping shader source directory ../../../Engine/Plugins/Runtime/Oculus/OculusVR/Shaders to virtual directory /Plugin/OculusVR
LogPluginManager: Mounting plugin PhysXVehicles
LogPluginManager: Mounting plugin ProceduralMeshComponent
LogPluginManager: Mounting plugin RuntimePhysXCooking
LogPluginManager: Mounting plugin SteamVR
LogPluginManager: Mounting plugin WindowsMoviePlayer
LogStreaming: Display: Took  1.097s to configure plugins.
LogInit: Using libcurl 7.47.1
LogInit:  - built for x86_64-pc-win32
LogInit:  - supports SSL with OpenSSL/1.0.2g
LogInit:  - supports HTTP deflate (compression) using libz 1.2.8
LogInit:  - other features:
LogInit:      CURL_VERSION_SSL
LogInit:      CURL_VERSION_LIBZ
LogInit:      CURL_VERSION_IPV6
LogInit:      CURL_VERSION_ASYNCHDNS
LogInit:      CURL_VERSION_LARGEFILE
LogInit:      CURL_VERSION_IDN
LogInit:  CurlRequestOptions (configurable via config and command line):
LogInit:  - bVerifyPeer = false  - Libcurl will NOT verify peer certificate
LogInit:  - bUseHttpProxy = false  - Libcurl will NOT use HTTP proxy
LogInit:  - bDontReuseConnections = false  - Libcurl will reuse connections
LogInit:  - CertBundlePath = nullptr  - Libcurl will use whatever was configured at build time.
LogInit:  - MaxHostConnections = 16  - Libcurl will limit the number of connections to a host
LogInit:  - LocalHostAddr = Default
LogInit: WinSock: version 1.1 (2.2), MaxSocks=32767, MaxUdp=65467
LogInit: WinSock: I am DESKTOP-3EFGRPD (10.0.0.112:0)
LogInit: Build: ++UE4+Release-4.19-CL-3944462
LogInit: Engine Version: 4.19.0-3944462+++UE4+Release-4.19
LogInit: Compatible Engine Version: 4.19.0-3944462+++UE4+Release-4.19
LogInit: Net CL: 3944462
LogDevObjectVersion: Number of dev versions registered: 18
LogDevObjectVersion:   Dev-Blueprints (B0D832E4-1F89-4F0D-ACCF-7EB736FD4AA2): 10
LogDevObjectVersion:   Dev-Build (E1C64328-A22C-4D53-A36C-8E866417BD8C): 0
LogDevObjectVersion:   Dev-Core (375EC13C-06E4-48FB-B500-84F0262A717E): 2
LogDevObjectVersion:   Dev-Editor (E4B068ED-F494-42E9-A231-DA0B2E46BB41): 23
LogDevObjectVersion:   Dev-Framework (CFFC743F-43B0-4480-9391-14DF171D2073): 33
LogDevObjectVersion:   Dev-Mobile (B02B49B5-BB20-44E9-A304-32B752E40360): 2
LogDevObjectVersion:   Dev-Networking (A4E4105C-59A1-49B5-A7C5-40C4547EDFEE): 0
LogDevObjectVersion:   Dev-Online (39C831C9-5AE6-47DC-9A44-9C173E1C8E7C): 0
LogDevObjectVersion:   Dev-Physics (78F01B33-EBEA-4F98-B9B4-84EACCB95AA2): 0
LogDevObjectVersion:   Dev-Platform (6631380F-2D4D-43E0-8009-CF276956A95A): 0
LogDevObjectVersion:   Dev-Rendering (12F88B9F-8875-4AFC-A67C-D90C383ABD29): 25
LogDevObjectVersion:   Dev-Sequencer (7B5AE74C-D270-4C10-A958-57980B212A5A): 6
LogDevObjectVersion:   Dev-VR (D7296918-1DD6-4BDD-9DE2-64A83CC13884): 1
LogDevObjectVersion:   Dev-LoadTimes (C2A15278-BFE7-4AFE-6C17-90FF531DF755): 1
LogDevObjectVersion:   Private-Geometry (6EACA3D4-40EC-4CC1-B786-8BED09428FC5): 2
LogDevObjectVersion:   Dev-AnimPhys (29E575DD-E0A3-4627-9D10-D276232CDCEA): 16
LogDevObjectVersion:   Dev-ReflectionCapture (6B266CEC-1EC7-4B8F-A30B-E4D90942FC07): 1
LogDevObjectVersion:   Dev-Automation (0DF73D61-A23F-47EA-B727-89E90C41499A): 1
LogInit: Compiled (64-bit): Mar 13 2018 23:12:32
LogInit: Compiled with Visual C++: 19.00.24215.01
LogInit: Build Configuration: Development
LogInit: Branch Name: ++UE4+Release-4.19
LogInit: Command Line: -EpicPortal 
LogInit: Base Directory: C:/Program Files/Epic Games/UE_4.19/Engine/Binaries/Win64/
LogInit: Installed Engine Build: 1
LogStreaming: Display: Took  0.001s to delete old logs.
LogInit: Presizing for max 8388607 objects, including 0 objects not considered by GC, pre-allocating 0 bytes for permanent pool.
LogInit: Object subsystem initialized
[2018.03.30-17.18.56:947][  0]LogInit: Selected Device Profile: [Windows]
[2018.03.30-17.18.56:947][  0]LogInit: Applying CVar settings loaded from the selected device profile: [Windows]
[2018.03.30-17.18.56:975][  0]LogInit: Computer: DESKTOP-3EFGRPD
[2018.03.30-17.18.56:975][  0]LogInit: User: Story
[2018.03.30-17.18.56:975][  0]LogInit: CPU Page size=4096, Cores=6
[2018.03.30-17.18.56:975][  0]LogInit: High frequency timer resolution =3.421875 MHz
[2018.03.30-17.18.56:975][  0]LogMemory: Memory total: Physical=31.7GB (32GB approx)
[2018.03.30-17.18.56:975][  0]LogMemory: Platform Memory Stats for Windows
[2018.03.30-17.18.56:975][  0]LogMemory: Process Physical Memory: 274.36 MB used, 274.36 MB peak
[2018.03.30-17.18.56:975][  0]LogMemory: Process Virtual Memory: 272.09 MB used, 272.09 MB peak
[2018.03.30-17.18.56:975][  0]LogMemory: Physical Memory: 8782.92 MB used,  23684.18 MB free, 32467.10 MB total
[2018.03.30-17.18.56:975][  0]LogMemory: Virtual Memory: 718.53 MB used,  23684.18 MB free, 134217728.00 MB total
[2018.03.30-17.18.56:993][  0]LogInit: Using OS detected language (en-US).
[2018.03.30-17.18.56:993][  0]LogInit: Using OS detected locale (en-US).
[2018.03.30-17.18.56:997][  0]LogTextLocalizationManager: No specific localization for 'en-US' exists, so the 'en' localization will be used.
[2018.03.30-17.18.57:424][  0]LogStreaming: Display: Took  0.431s to EndInitTextLocalization.
[2018.03.30-17.18.57:425][  0]LogInit: Setting process to per monitor DPI aware
[2018.03.30-17.18.57:499][  0]LogSlate: New Slate User Created.  User Index 0, Is Virtual User: 0
[2018.03.30-17.18.57:499][  0]LogSlate: Slate User Registered.  User Index 0, Is Virtual User: 0
[2018.03.30-17.18.57:682][  0]LogD3D11RHI: D3D11 adapters:
[2018.03.30-17.18.57:722][  0]LogD3D11RHI:    0. 'NVIDIA GeForce GTX 1060 6GB' (Feature Level 11_0)
[2018.03.30-17.18.57:722][  0]LogD3D11RHI:       6061/0/16233 MB DedicatedVideo/DedicatedSystem/SharedSystem, Outputs:2, VendorId:0x10de
[2018.03.30-17.18.57:725][  0]LogD3D11RHI:    1. 'Microsoft Basic Render Driver' (Feature Level 11_0)
[2018.03.30-17.18.57:725][  0]LogD3D11RHI:       0/0/16233 MB DedicatedVideo/DedicatedSystem/SharedSystem, Outputs:0, VendorId:0x1414
[2018.03.30-17.18.57:725][  0]LogD3D11RHI: Chosen D3D11 Adapter: 0
[2018.03.30-17.18.57:734][  0]LogD3D11RHI: Creating new Direct3DDevice
[2018.03.30-17.18.57:734][  0]LogD3D11RHI:     GPU DeviceId: 0x1c03 (for the marketing name, search the web for "GPU Device Id")
[2018.03.30-17.18.57:734][  0]LogWindows: EnumDisplayDevices:
[2018.03.30-17.18.57:734][  0]LogWindows:    0. 'NVIDIA GeForce GTX 1060 6GB' (P:1 D:1)
[2018.03.30-17.18.57:734][  0]LogWindows:    1. 'NVIDIA GeForce GTX 1060 6GB' (P:0 D:1)
[2018.03.30-17.18.57:734][  0]LogWindows:    2. 'NVIDIA GeForce GTX 1060 6GB' (P:0 D:0)
[2018.03.30-17.18.57:734][  0]LogWindows:    3. 'NVIDIA GeForce GTX 1060 6GB' (P:0 D:0)
[2018.03.30-17.18.57:734][  0]LogWindows: DebugString: GetVideoDriverDetailsInvalid PrimaryIsNotTheChoosenAdapter GetVideoDriverDetailsInvalid PrimaryIsNotTheChoosenAdapter GetVideoDriverDetailsInvalid PrimaryIsNotTheChoosenAdapter GetVideoDriverDetailsInvalid PrimaryIsNotTheChoosenAdapter FoundDriverCount:0 
[2018.03.30-17.18.57:734][  0]LogD3D11RHI:     Adapter Name: NVIDIA GeForce GTX 1060 6GB
[2018.03.30-17.18.57:734][  0]LogD3D11RHI:   Driver Version: Unknown (internal:Unknown, unified:Unknown)
[2018.03.30-17.18.57:734][  0]LogD3D11RHI:      Driver Date: Unknown
[2018.03.30-17.18.57:734][  0]LogRHI: Texture pool is 4242 MB (70% of 6061 MB)
[2018.03.30-17.18.57:759][  0]LogD3D11RHI: [Aftermath] Aftermath enabled and primed
[2018.03.30-17.18.57:760][  0]LogD3D11RHI: Async texture creation enabled
[2018.03.30-17.18.57:771][  0]LogD3D11RHI: GPU Timing Frequency: 1000.000000 (Debug: 2 1)
[2018.03.30-17.18.57:865][  0]LogShaderCompilers: Guid format shader working directory is -5 characters bigger than the processId version (D:/Documents/Trouble In the Wes T/TroubleInTheWesT/Intermediate/Shaders/WorkingDirectory/10108/).
[2018.03.30-17.18.57:866][  0]LogShaderCompilers: Cleaned the shader compiler working directory 'C:/Users/Story/AppData/Local/Temp/UnrealShaderWorkingDir/26ED1B514FB0C3F1CDD6AE89CCA615D6/'.
[2018.03.30-17.18.58:175][  0]LogTemp: Display: Loaded TP AllDesktopTargetPlatform
[2018.03.30-17.18.58:190][  0]LogTemp: Display: Loaded TP MacClientTargetPlatform
[2018.03.30-17.18.58:201][  0]LogTemp: Display: Loaded TP MacNoEditorTargetPlatform
[2018.03.30-17.18.58:227][  0]LogTemp: Display: Loaded TP MacServerTargetPlatform
[2018.03.30-17.18.58:240][  0]LogTemp: Display: Loaded TP MacTargetPlatform
[2018.03.30-17.18.58:252][  0]LogTemp: Display: Loaded TP WindowsClientTargetPlatform
[2018.03.30-17.18.58:264][  0]LogTemp: Display: Loaded TP WindowsNoEditorTargetPlatform
[2018.03.30-17.18.58:275][  0]LogTemp: Display: Loaded TP WindowsServerTargetPlatform
[2018.03.30-17.18.58:282][  0]LogTemp: Display: Loaded TP WindowsTargetPlatform
[2018.03.30-17.18.58:291][  0]LogTemp: Display: Loaded TP Android_ASTCTargetPlatform
[2018.03.30-17.18.58:308][  0]LogTemp: Display: Loaded TP Android_ATCTargetPlatform
[2018.03.30-17.18.58:318][  0]LogTemp: Display: Loaded TP Android_DXTTargetPlatform
[2018.03.30-17.18.58:328][  0]LogTemp: Display: Loaded TP Android_ETC1aTargetPlatform
[2018.03.30-17.18.58:338][  0]LogTemp: Display: Loaded TP Android_ETC1TargetPlatform
[2018.03.30-17.18.58:348][  0]LogTemp: Display: Loaded TP Android_ETC2TargetPlatform
[2018.03.30-17.18.58:368][  0]LogTemp: Display: Loaded TP Android_MultiTargetPlatform
[2018.03.30-17.18.58:368][  0]LogTemp: Display: Loaded TP Android_PVRTCTargetPlatform
[2018.03.30-17.18.58:378][  0]LogTemp: Display: Loaded TP AndroidTargetPlatform
[2018.03.30-17.18.58:379][  0]LogTemp: Display: Loaded TP HTML5TargetPlatform
[2018.03.30-17.18.58:433][  0]LogTemp: Display: Loaded TP IOSTargetPlatform
[2018.03.30-17.18.58:444][  0]LogTemp: Display: Loaded TP TVOSTargetPlatform
[2018.03.30-17.18.58:454][  0]LogTemp: Display: Loaded TP LinuxClientTargetPlatform
[2018.03.30-17.18.58:464][  0]LogTemp: Display: Loaded TP LinuxNoEditorTargetPlatform
[2018.03.30-17.18.58:474][  0]LogTemp: Display: Loaded TP LinuxServerTargetPlatform
[2018.03.30-17.18.58:484][  0]LogTemp: Display: Loaded TP LinuxTargetPlatform
[2018.03.30-17.18.58:484][  0]LogTargetPlatformManager: Display: Building Assets For Windows
[2018.03.30-17.18.58:616][  0]LogXGEController: Cannot use XGE Controller as Incredibuild is not installed on this machine.
[2018.03.30-17.18.58:616][  0]LogShaderCompilers: Cannot use XGE Shader Compiler as Incredibuild is not installed on this machine.
[2018.03.30-17.18.58:616][  0]LogShaderCompilers: Display: Using Local Shader Compiler.
[2018.03.30-17.18.59:271][  0]LogDerivedDataCache: Display: Max Cache Size: 512 MB
[2018.03.30-17.18.59:331][  0]LogDerivedDataCache: Loaded boot cache 0.06s 74MB C:/Users/Story/AppData/Local/UnrealEngine/4.19/DerivedDataCache/Boot.ddc.
[2018.03.30-17.18.59:331][  0]LogDerivedDataCache: Display: Loaded Boot cache: C:/Users/Story/AppData/Local/UnrealEngine/4.19/DerivedDataCache/Boot.ddc
[2018.03.30-17.18.59:331][  0]LogDerivedDataCache: FDerivedDataBackendGraph:  Pak pak cache file D:/Documents/Trouble In the Wes T/TroubleInTheWesT/DerivedDataCache/DDC.ddp not found, will not use a pak cache.
[2018.03.30-17.18.59:331][  0]LogDerivedDataCache: Unable to find inner node Pak for hierarchical cache Hierarchy.
[2018.03.30-17.18.59:331][  0]LogDerivedDataCache: FDerivedDataBackendGraph:  CompressedPak pak cache file D:/Documents/Trouble In the Wes T/TroubleInTheWesT/DerivedDataCache/Compressed.ddp not found, will not use a pak cache.
[2018.03.30-17.18.59:331][  0]LogDerivedDataCache: Unable to find inner node CompressedPak for hierarchical cache Hierarchy.
[2018.03.30-17.18.59:344][  0]LogDerivedDataCache: Display: Pak cache opened for reading ../../../Engine/DerivedDataCache/Compressed.ddp.
[2018.03.30-17.18.59:356][  0]LogDerivedDataCache: Using Local data cache path C:/Users/Story/AppData/Local/UnrealEngine/Common/DerivedDataCache: Writable
[2018.03.30-17.18.59:381][  0]LogMaterial: Verifying Global Shaders for PCD3D_SM5
[2018.03.30-17.18.59:381][  0]LogSlate: Using Freetype 2.6.0
[2018.03.30-17.18.59:381][  0]LogSlate: SlateFontCache - WITH_FREETYPE: 1, WITH_HARFBUZZ: 1
[2018.03.30-17.18.59:382][  0]LogSlate: SlateFontCache - WITH_FREETYPE: 1, WITH_HARFBUZZ: 1
[2018.03.30-17.18.59:502][  0]LogAssetRegistry: FAssetRegistry took 0.0320 seconds to start up
[2018.03.30-17.18.59:818][  0]LogInit: Selected Device Profile: [Windows]
[2018.03.30-17.18.59:979][  0]LogSimplygon: Simplygon DLL not present - disabling.
[2018.03.30-17.18.59:984][  0]LogMeshReduction: Using SimplygonSwarm for distributed automatic mesh merging
[2018.03.30-17.18.59:984][  0]LogMeshReduction: Using QuadricMeshReduction for automatic static mesh reduction
[2018.03.30-17.18.59:984][  0]LogMeshReduction: No automatic skeletal mesh reduction module available
[2018.03.30-17.18.59:984][  0]LogMeshReduction: No automatic mesh merging module available
[2018.03.30-17.18.59:984][  0]LogMeshMerging: No automatic mesh merging module available
[2018.03.30-17.19.00:040][  0]LogNetVersion: TroubleInTheWesT , NetCL: 3944462, EngineNetVer: 2, GameNetVer: 0 (Checksum: 3486453497)
[2018.03.30-17.19.00:516][  0]LogPackageLocalizationCache: Processed 9 localized package path(s) for 2 prioritized culture(s) in 0.081575 seconds
[2018.03.30-17.19.00:523][  0]LogUObjectArray: 36728 objects as part of root set at end of initial load.
[2018.03.30-17.19.00:523][  0]LogUObjectAllocator: 7314304 out of 0 bytes used by permanent object pool.
[2018.03.30-17.19.00:523][  0]LogUObjectArray: CloseDisregardForGC: 0/0 objects in disregard for GC pool
[2018.03.30-17.19.02:100][  0]LogSubstanceCoreModule: Substance [CPU] Engine Loaded, Max Texture Size = 2048
[2018.03.30-17.19.02:119][  0]LogTcpMessaging: Initializing TcpMessaging bridge
[2018.03.30-17.19.02:151][  0]LogUdpMessaging: Initializing bridge on interface 0.0.0.0:0 to multicast group 230.0.0.1:6666.
[2018.03.30-17.19.02:547][  0]SourceControl: Source control is disabled
[2018.03.30-17.19.02:547][  0]LogWindows: Warning: CreateProc failed: The system cannot find the file specified. (0x00000002)
[2018.03.30-17.19.02:547][  0]LogWindows: Warning: URL: C:/Program Files/Git/bin/git.exe version
[2018.03.30-17.19.02:547][  0]LogWindows: Warning: CreateProc failed: The system cannot find the file specified. (0x00000002)
[2018.03.30-17.19.02:547][  0]LogWindows: Warning: URL: C:/Program Files (x86)/Git/bin/git.exe version
[2018.03.30-17.19.02:548][  0]LogWindows: Warning: CreateProc failed: The system cannot find the file specified. (0x00000002)
[2018.03.30-17.19.02:548][  0]LogWindows: Warning: URL: C:\Users\Story\AppData\Local/Programs/Git/cmd/git.exe version
[2018.03.30-17.19.02:548][  0]LogWindows: Warning: CreateProc failed: The system cannot find the file specified. (0x00000002)
[2018.03.30-17.19.02:548][  0]LogWindows: Warning: URL: C:/Program Files (x86)/SmartGit/git/bin/git.exe version
[2018.03.30-17.19.02:548][  0]LogWindows: Warning: CreateProc failed: The system cannot find the file specified. (0x00000002)
[2018.03.30-17.19.02:548][  0]LogWindows: Warning: URL: C:/Program Files (x86)/SmartGit/bin/git.exe version
[2018.03.30-17.19.04:029][  0]LogAndroidPermission: UAndroidPermissionCallbackProxy::GetInstance
[2018.03.30-17.19.04:257][  0]LogOcInput: OculusInput pre-init called
[2018.03.30-17.19.04:492][  0]LogEngine: Initializing Engine...
[2018.03.30-17.19.04:493][  0]LogHMD: Failed to initialize OpenVR with code 110
[2018.03.30-17.19.04:495][  0]LogStats: UGameplayTagsManager::ConstructGameplayTagTree: Construct from data asset -  0.000 s
[2018.03.30-17.19.04:495][  0]LogStats: UGameplayTagsManager::ConstructGameplayTagTree: GameplayTagTreeChangedEvent.Broadcast -  0.000 s
[2018.03.30-17.19.04:729][  0]LogAIModule: Creating AISystem for world Untitled
[2018.03.30-17.19.04:746][  0]LogInit: XAudio2 using 'Speakers (Realtek High Definition Audio)' : 2 channels at 48 kHz using 32 bits per sample (channel mask 0x3)
[2018.03.30-17.19.04:764][  0]LogInit: FAudioDevice initialized.
[2018.03.30-17.19.04:852][  0]LogDerivedDataCache: Saved boot cache 0.09s 74MB C:/Users/Story/AppData/Local/UnrealEngine/4.19/DerivedDataCache/Boot.ddc.
[2018.03.30-17.19.04:863][  0]LogInit: Texture streaming: Enabled
[2018.03.30-17.19.04:888][  0]LogEngineSessionManager: EngineSessionManager initialized
[2018.03.30-17.19.04:914][  0]LogInit: Transaction tracking system initialized
[2018.03.30-17.19.04:941][  0]BlueprintLog: New page: Editor Load
[2018.03.30-17.19.05:022][  0]LocalizationService: Localization service is disabled
[2018.03.30-17.19.05:131][  0]LogConsoleResponse: Display: 
[2018.03.30-17.19.05:270][  0]LogFileCache: Scanning file cache for directory 'D:/Documents/Trouble In the Wes T/TroubleInTheWesT/Content/' took 0.02s
[2018.03.30-17.19.05:270][  0]LogCook: Display: Max memory allowance for cook 16384mb min free memory 0mb
[2018.03.30-17.19.05:270][  0]LogCook: Display: Mobile HDR setting 1
[2018.03.30-17.19.05:271][  0]LogGameplayTags: Display: UGameplayTagsManager::DoneAddingNativeTags. DelegateIsBound: 0
[2018.03.30-17.19.05:271][  0]LogStats: UGameplayTagsManager::ConstructGameplayTagTree: Construct from data asset -  0.000 s
[2018.03.30-17.19.05:271][  0]LogStats: UGameplayTagsManager::ConstructGameplayTagTree: GameplayTagTreeChangedEvent.Broadcast -  0.000 s
[2018.03.30-17.19.05:681][  0]Cmd: MAP LOAD FILE="D:/Documents/Trouble In the Wes T/TroubleInTheWesT/Content/OldeTown.umap" TEMPLATE=0 SHOWPROGRESS=1 FEATURELEVEL=3
[2018.03.30-17.19.05:682][  0]LightingResults: New page: Lighting Build
[2018.03.30-17.19.05:688][  0]MapCheck: New page: Map Check
[2018.03.30-17.19.05:688][  0]LightingResults: New page: Lighting Build
[2018.03.30-17.19.06:025][  0]LogTexture: Display: Building textures: Texture2D_123 (BGRA8, 512X512)
[2018.03.30-17.19.06:025][  0]LogTexture: Display: Building textures: Texture2D_131 (BGRA8, 512X512)
[2018.03.30-17.19.06:025][  0]LogTexture: Display: Building textures: Texture2D_251 (BGRA8, 512X512)
[2018.03.30-17.19.06:025][  0]LogTexture: Display: Building textures: Texture2D_259 (BGRA8, 512X512)
[2018.03.30-17.19.06:025][  0]LogMaterial: Missing cached shader map for material WorldGridMaterial, compiling. Is special engine material.
[2018.03.30-17.19.10:567][  0]LogShaderCompilers: Display: Shaders left to compile 112
[2018.03.30-17.19.10:567][  0]LogShaderCompilers: Display: Shaders left to compile 111
[2018.03.30-17.19.10:567][  0]LogShaderCompilers: Display: Shaders left to compile 110
[2018.03.30-17.19.10:567][  0]LogShaderCompilers: Display: Shaders left to compile 109
[2018.03.30-17.19.10:567][  0]LogShaderCompilers: Display: Shaders left to compile 108
[2018.03.30-17.19.10:567][  0]LogShaderCompilers: Display: Shaders left to compile 107
[2018.03.30-17.19.10:567][  0]LogShaderCompilers: Display: Shaders left to compile 106
[2018.03.30-17.19.10:567][  0]LogShaderCompilers: Display: Shaders left to compile 105
[2018.03.30-17.19.10:567][  0]LogShaderCompilers: Display: Shaders left to compile 104
[2018.03.30-17.19.10:567][  0]LogShaderCompilers: Display: Shaders left to compile 103
[2018.03.30-17.19.10:567][  0]LogShaderCompilers: Display: Shaders left to compile 102
[2018.03.30-17.19.10:567][  0]LogShaderCompilers: Display: Shaders left to compile 101
[2018.03.30-17.19.10:567][  0]LogShaderCompilers: Display: Shaders left to compile 100
[2018.03.30-17.19.10:567][  0]LogShaderCompilers: Display: Shaders left to compile 99
[2018.03.30-17.19.10:567][  0]LogShaderCompilers: Display: Shaders left to compile 98
[2018.03.30-17.19.10:567][  0]LogShaderCompilers: Display: Shaders left to compile 97
[2018.03.30-17.19.10:567][  0]LogShaderCompilers: Display: Shaders left to compile 96
[2018.03.30-17.19.10:567][  0]LogShaderCompilers: Display: Shaders left to compile 95
[2018.03.30-17.19.10:567][  0]LogShaderCompilers: Display: Shaders left to compile 94
[2018.03.30-17.19.10:567][  0]LogShaderCompilers: Display: Shaders left to compile 93
[2018.03.30-17.19.10:567][  0]LogShaderCompilers: Display: Shaders left to compile 92
[2018.03.30-17.19.10:567][  0]LogShaderCompilers: Display: Shaders left to compile 91
[2018.03.30-17.19.10:567][  0]LogShaderCompilers: Display: Shaders left to compile 90
[2018.03.30-17.19.10:567][  0]LogShaderCompilers: Display: Shaders left to compile 89
[2018.03.30-17.19.10:567][  0]LogShaderCompilers: Display: Shaders left to compile 88
[2018.03.30-17.19.10:567][  0]LogShaderCompilers: Display: Shaders left to compile 87
[2018.03.30-17.19.10:567][  0]LogShaderCompilers: Display: Shaders left to compile 86
[2018.03.30-17.19.10:567][  0]LogShaderCompilers: Display: Shaders left to compile 85
[2018.03.30-17.19.10:567][  0]LogShaderCompilers: Display: Shaders left to compile 84
[2018.03.30-17.19.10:567][  0]LogShaderCompilers: Display: Shaders left to compile 83
[2018.03.30-17.19.10:567][  0]LogShaderCompilers: Display: Shaders left to compile 82
[2018.03.30-17.19.10:567][  0]LogShaderCompilers: Display: Shaders left to compile 81
[2018.03.30-17.19.10:567][  0]LogShaderCompilers: Display: Shaders left to compile 80
[2018.03.30-17.19.10:567][  0]LogShaderCompilers: Display: Shaders left to compile 79
[2018.03.30-17.19.10:567][  0]LogShaderCompilers: Display: Shaders left to compile 78
[2018.03.30-17.19.10:567][  0]LogShaderCompilers: Display: Shaders left to compile 77
[2018.03.30-17.19.10:567][  0]LogShaderCompilers: Display: Shaders left to compile 76
[2018.03.30-17.19.10:567][  0]LogShaderCompilers: Display: Shaders left to compile 75
[2018.03.30-17.19.10:567][  0]LogShaderCompilers: Display: Shaders left to compile 74
[2018.03.30-17.19.10:568][  0]LogShaderCompilers: Display: Shaders left to compile 73
[2018.03.30-17.19.10:568][  0]LogShaderCompilers: Display: Shaders left to compile 72
[2018.03.30-17.19.10:568][  0]LogShaderCompilers: Display: Shaders left to compile 71
[2018.03.30-17.19.10:568][  0]LogShaderCompilers: Display: Shaders left to compile 70
[2018.03.30-17.19.10:568][  0]LogShaderCompilers: Display: Shaders left to compile 69
[2018.03.30-17.19.10:568][  0]LogShaderCompilers: Display: Shaders left to compile 68
[2018.03.30-17.19.10:568][  0]LogShaderCompilers: Display: Shaders left to compile 67
[2018.03.30-17.19.10:568][  0]LogShaderCompilers: Display: Shaders left to compile 66
[2018.03.30-17.19.10:568][  0]LogShaderCompilers: Display: Shaders left to compile 65
[2018.03.30-17.19.10:568][  0]LogShaderCompilers: Display: Shaders left to compile 64
[2018.03.30-17.19.10:568][  0]LogShaderCompilers: Display: Shaders left to compile 63
[2018.03.30-17.19.10:568][  0]LogShaderCompilers: Display: Shaders left to compile 62
[2018.03.30-17.19.10:568][  0]LogShaderCompilers: Display: Shaders left to compile 61
[2018.03.30-17.19.10:568][  0]LogShaderCompilers: Display: Shaders left to compile 60
[2018.03.30-17.19.10:568][  0]LogShaderCompilers: Display: Shaders left to compile 59
[2018.03.30-17.19.10:568][  0]LogShaderCompilers: Display: Shaders left to compile 58
[2018.03.30-17.19.10:568][  0]LogShaderCompilers: Display: Shaders left to compile 57
[2018.03.30-17.19.10:568][  0]LogShaderCompilers: Display: Shaders left to compile 56
[2018.03.30-17.19.10:568][  0]LogShaderCompilers: Display: Shaders left to compile 55
[2018.03.30-17.19.10:568][  0]LogShaderCompilers: Display: Shaders left to compile 54
[2018.03.30-17.19.10:568][  0]LogShaderCompilers: Display: Shaders left to compile 53
[2018.03.30-17.19.10:568][  0]LogShaderCompilers: Display: Shaders left to compile 52
[2018.03.30-17.19.10:568][  0]LogShaderCompilers: Display: Shaders left to compile 51
[2018.03.30-17.19.10:568][  0]LogShaderCompilers: Display: Shaders left to compile 50
[2018.03.30-17.19.10:568][  0]LogShaderCompilers: Display: Shaders left to compile 49
[2018.03.30-17.19.10:568][  0]LogShaderCompilers: Display: Shaders left to compile 48
[2018.03.30-17.19.10:568][  0]LogShaderCompilers: Display: Shaders left to compile 47
[2018.03.30-17.19.10:568][  0]LogShaderCompilers: Display: Shaders left to compile 46
[2018.03.30-17.19.10:568][  0]LogShaderCompilers: Display: Shaders left to compile 45
[2018.03.30-17.19.10:568][  0]LogShaderCompilers: Display: Shaders left to compile 44
[2018.03.30-17.19.10:568][  0]LogShaderCompilers: Display: Shaders left to compile 43
[2018.03.30-17.19.10:568][  0]LogShaderCompilers: Display: Shaders left to compile 42
[2018.03.30-17.19.10:568][  0]LogShaderCompilers: Display: Shaders left to compile 41
[2018.03.30-17.19.10:568][  0]LogShaderCompilers: Display: Shaders left to compile 40
[2018.03.30-17.19.10:568][  0]LogShaderCompilers: Display: Shaders left to compile 39
[2018.03.30-17.19.10:568][  0]LogShaderCompilers: Display: Shaders left to compile 38
[2018.03.30-17.19.10:568][  0]LogShaderCompilers: Display: Shaders left to compile 37
[2018.03.30-17.19.10:568][  0]LogShaderCompilers: Display: Shaders left to compile 36
[2018.03.30-17.19.10:568][  0]LogShaderCompilers: Display: Shaders left to compile 35
[2018.03.30-17.19.10:568][  0]LogShaderCompilers: Display: Shaders left to compile 34
[2018.03.30-17.19.10:568][  0]LogShaderCompilers: Display: Shaders left to compile 33
[2018.03.30-17.19.10:568][  0]LogShaderCompilers: Display: Shaders left to compile 32
[2018.03.30-17.19.10:568][  0]LogShaderCompilers: Display: Shaders left to compile 31
[2018.03.30-17.19.10:568][  0]LogShaderCompilers: Display: Shaders left to compile 30
[2018.03.30-17.19.10:568][  0]LogShaderCompilers: Display: Shaders left to compile 29
[2018.03.30-17.19.10:568][  0]LogShaderCompilers: Display: Shaders left to compile 28
[2018.03.30-17.19.10:568][  0]LogShaderCompilers: Display: Shaders left to compile 27
[2018.03.30-17.19.10:568][  0]LogShaderCompilers: Display: Shaders left to compile 26
[2018.03.30-17.19.10:568][  0]LogShaderCompilers: Display: Shaders left to compile 25
[2018.03.30-17.19.10:568][  0]LogShaderCompilers: Display: Shaders left to compile 24
[2018.03.30-17.19.10:568][  0]LogShaderCompilers: Display: Shaders left to compile 23
[2018.03.30-17.19.10:568][  0]LogShaderCompilers: Display: Shaders left to compile 22
[2018.03.30-17.19.10:568][  0]LogShaderCompilers: Display: Shaders left to compile 21
[2018.03.30-17.19.10:568][  0]LogShaderCompilers: Display: Shaders left to compile 20
[2018.03.30-17.19.10:568][  0]LogShaderCompilers: Display: Shaders left to compile 19
[2018.03.30-17.19.10:568][  0]LogShaderCompilers: Display: Shaders left to compile 18
[2018.03.30-17.19.10:568][  0]LogShaderCompilers: Display: Shaders left to compile 17
[2018.03.30-17.19.10:568][  0]LogShaderCompilers: Display: Shaders left to compile 16
[2018.03.30-17.19.10:568][  0]LogShaderCompilers: Display: Shaders left to compile 15
[2018.03.30-17.19.10:568][  0]LogShaderCompilers: Display: Shaders left to compile 14
[2018.03.30-17.19.10:568][  0]LogShaderCompilers: Display: Shaders left to compile 13
[2018.03.30-17.19.10:568][  0]LogShaderCompilers: Display: Shaders left to compile 12
[2018.03.30-17.19.10:568][  0]LogShaderCompilers: Display: Shaders left to compile 11
[2018.03.30-17.19.10:568][  0]LogShaderCompilers: Display: Shaders left to compile 10
[2018.03.30-17.19.10:568][  0]LogShaderCompilers: Display: Shaders left to compile 9
[2018.03.30-17.19.10:568][  0]LogShaderCompilers: Display: Shaders left to compile 8
[2018.03.30-17.19.10:568][  0]LogShaderCompilers: Display: Shaders left to compile 7
[2018.03.30-17.19.10:568][  0]LogShaderCompilers: Display: Shaders left to compile 6
[2018.03.30-17.19.10:568][  0]LogShaderCompilers: Display: Shaders left to compile 5
[2018.03.30-17.19.10:568][  0]LogShaderCompilers: Display: Shaders left to compile 4
[2018.03.30-17.19.10:568][  0]LogShaderCompilers: Display: Shaders left to compile 3
[2018.03.30-17.19.10:568][  0]LogShaderCompilers: Display: Shaders left to compile 2
[2018.03.30-17.19.10:568][  0]LogShaderCompilers: Display: Shaders left to compile 1
[2018.03.30-17.19.10:576][  0]LogAIModule: Creating AISystem for world OldeTown
[2018.03.30-17.19.11:104][  0]LogEditorServer: Finished looking for orphan Actors (0.000 secs)
[2018.03.30-17.19.11:125][  0]Cmd: MAP CHECKDEP NOCLEARLOG
[2018.03.30-17.19.11:183][  0]MapCheck: Map check complete: 0 Error(s), 0 Warning(s), took 58.318ms to complete.
[2018.03.30-17.19.11:183][  0]LogFileHelpers: Loading map 'OldeTown' took 5.502
[2018.03.30-17.19.11:351][  0]LogCollectionManager: Loaded 0 collections in 0.002073 seconds
[2018.03.30-17.19.11:420][  0]LogFileCache: Scanning file cache for directory 'D:/Documents/Trouble In the Wes T/TroubleInTheWesT/Saved/Collections/' took 0.01s
[2018.03.30-17.19.11:420][  0]LogFileCache: Scanning file cache for directory 'D:/Documents/Trouble In the Wes T/TroubleInTheWesT/Content/Developers/Story/Collections/' took 0.01s
[2018.03.30-17.19.11:420][  0]LogFileCache: Scanning file cache for directory 'D:/Documents/Trouble In the Wes T/TroubleInTheWesT/Content/Collections/' took 0.01s
[2018.03.30-17.19.11:420][  0]LogCollectionManager: Rebuilt the GUID cache for 0 collections in 0.000001 seconds
[2018.03.30-17.19.11:431][  0]LogContentBrowser: Native class hierarchy populated in 0.0107 seconds. Added 2466 classes and 564 folders.
[2018.03.30-17.19.11:442][  0]LogContentBrowser: Native class hierarchy updated for 'WidgetCarousel' in 0.0003 seconds. Added 0 classes and 0 folders.
[2018.03.30-17.19.11:481][  0]LogContentBrowser: Native class hierarchy updated for 'AddContentDialog' in 0.0002 seconds. Added 0 classes and 0 folders.
[2018.03.30-17.19.11:488][  0]LogContentBrowser: Native class hierarchy updated for 'SceneOutliner' in 0.0003 seconds. Added 1 classes and 2 folders.
[2018.03.30-17.19.11:540][  0]LogContentBrowser: Native class hierarchy updated for 'HierarchicalLODOutliner' in 0.0003 seconds. Added 0 classes and 0 folders.
[2018.03.30-17.19.11:540][  0]LogLoad: (Engine Initialization) Total time: 17.32 seconds
[2018.03.30-17.19.11:540][  0]LogLoad: (Engine Initialization) Total Blueprint compile time: 0.00 seconds
[2018.03.30-17.19.11:566][  0]LogAssetRegistry: Asset discovery search completed in 12.0870 seconds
[2018.03.30-17.19.11:569][  0]LogCollectionManager: Rebuilt the object cache for 0 collections in 0.000001 seconds (found 0 objects)
[2018.03.30-17.19.11:569][  0]LogCollectionManager: Fixed up redirectors for 0 collections in 0.000102 seconds (updated 0 objects)
[2018.03.30-17.19.11:574][  0]LogContentStreaming: Texture pool size now 1000 MB
[2018.03.30-17.19.11:584][  0]LogSlate: Took 0.000205 seconds to synchronously load lazily loaded font '../../../Engine/Content/Slate/Fonts/Roboto-Regular.ttf' (155K)
[2018.03.30-17.19.11:585][  0]LogSlate: Took 0.000151 seconds to synchronously load lazily loaded font '../../../Engine/Content/Slate/Fonts/Roboto-Bold.ttf' (160K)
[2018.03.30-17.19.11:591][  0]LogSlate: Took 0.000168 seconds to synchronously load lazily loaded font '../../../Engine/Content/Editor/Slate/Fonts/FontAwesome.ttf' (139K)
[2018.03.30-17.19.11:732][  0]LogRenderer: Reallocating scene render targets to support 636x360 Format 10 NumSamples 1 (Frame:1).
[2018.03.30-17.19.11:732][  0]LogSlate: Took 0.000223 seconds to synchronously load lazily loaded font '../../../Engine/Content/Slate/Fonts/Roboto-Light.ttf' (167K)
[2018.03.30-17.19.11:764][  1]LogSubstanceLiveLink: Warning: Unable to send data along socket, closing connection
[2018.03.30-17.19.18:291][757]LogSlate: FSceneViewport::OnFocusLost() reason 0
[2018.03.30-17.19.18:445][769]LogRenderer: Reallocating scene render targets to support 1220x576 Format 10 NumSamples 1 (Frame:760).
[2018.03.30-17.19.26:498][690]LogSlate: FSceneViewport::OnFocusLost() reason 2
[2018.03.30-17.19.45:965][183]LogSlate: FSceneViewport::OnFocusLost() reason 0
[2018.03.30-17.20.19:884][138]LogEditorViewport: Clicking on Actor (LMB): StaticMeshActor (Cylinder24)
[2018.03.30-17.21.02:293][747]LogSlate: FSceneViewport::OnFocusLost() reason 0
[2018.03.30-17.21.13:826][941]LogSlate: Took 0.000356 seconds to synchronously load lazily loaded font '../../../Engine/Content/Slate/Fonts/Roboto-Light.ttf' (167K)
[2018.03.30-17.21.15:103][941]LogSlate: Window 'Save Content' being destroyed
[2018.03.30-17.21.15:279][941]Cmd: OBJ SAVEPACKAGE PACKAGE="/Game/TestBlueprints" FILE="D:/Documents/Trouble In the Wes T/TroubleInTheWesT/Content/TestBlueprints.umap" SILENT=true AUTOSAVING=false KEEPDIRTY=false
[2018.03.30-17.21.15:306][941]LogSavePackage: Save=10.66ms
[2018.03.30-17.21.15:307][941]LogSavePackage: Moving 'D:/Documents/Trouble In the Wes T/TroubleInTheWesT/Saved/TestBlueprintsFE14A250430306D4F383EB8FA0EC1D09.tmp' to 'D:/Documents/Trouble In the Wes T/TroubleInTheWesT/Content/TestBlueprints.umap'
[2018.03.30-17.21.15:312][941]LogSavePackage: Display: Finished SavePackage D:/Documents/Trouble In the Wes T/TroubleInTheWesT/Content/TestBlueprints.umap
[2018.03.30-17.21.15:672][941]LogFileHelpers: Saving map 'TestBlueprints' took 0.431
[2018.03.30-17.21.15:680][941]Cmd: MAP LOAD FILE="D:/Documents/Trouble In the Wes T/TroubleInTheWesT/Content/TestBlueprints.umap" TEMPLATE=0 SHOWPROGRESS=1 FEATURELEVEL=3
[2018.03.30-17.21.15:680][941]LightingResults: New page: Lighting Build
[2018.03.30-17.21.15:680][941]LoadErrors: New page: Loading map: TestBlueprints.umap
[2018.03.30-17.21.15:685][941]MapCheck: New page: Map Check
[2018.03.30-17.21.15:686][941]LightingResults: New page: Lighting Build
[2018.03.30-17.21.15:705][941]LogEditorServer: Finished looking for orphan Actors (0.000 secs)
[2018.03.30-17.21.15:705][941]LogAIModule: Creating AISystem for world TestBlueprints
[2018.03.30-17.21.15:734][941]Cmd: MAP CHECKDEP NOCLEARLOG
[2018.03.30-17.21.15:769][941]MapCheck: Map check complete: 0 Error(s), 0 Warning(s), took 34.438ms to complete.
[2018.03.30-17.21.15:770][941]LogFileHelpers: Loading map 'TestBlueprints' took 0.092
[2018.03.30-17.21.29:261][487]SourceControl: fatal: C:/Program Files/Epic Games/UE_4.19/Engine/Content: 'C:/Program Files/Epic Games/UE_4.19/Engine/Content' is outside repository
[2018.03.30-17.21.39:482][487]LogSlate: Window 'Submit Files' being destroyed
[2018.03.30-17.21.40:144][487]LogSourceControl: commit successful: [master f11c7c3] Added New Level
[2018.03.30-17.21.40:243][487]SourceControl: [master f11c7c3] Added New Level
[2018.03.30-17.21.40:243][487]SourceControl:  1 file changed, 0 insertions(+), 0 deletions(-)
[2018.03.30-17.21.40:243][487]SourceControl:  create mode 100644 TroubleInTheWesT/Content/TestBlueprints.umap
[2018.03.30-17.21.40:261][487]SourceControl: Commited [master f11c7c3] Added New Level.
